<?xml version="1.0" encoding="UTF-8"?>
<testsuite xmlns:xsi="http://www.w3.org/2001/XMLSchema-instance" xsi:noNamespaceSchemaLocation="https://maven.apache.org/surefire/maven-surefire-plugin/xsd/surefire-test-report.xsd" name="com.example.database.databaseDemo.DatabaseDemoApplicationTests" time="7.55" tests="1" errors="1" skipped="0" failures="0">
  <properties>
    <property name="gopherProxySet" value="false"/>
    <property name="awt.toolkit" value="sun.lwawt.macosx.LWCToolkit"/>
    <property name="java.specification.version" value="11"/>
    <property name="sun.cpu.isalist" value=""/>
    <property name="sun.jnu.encoding" value="UTF-8"/>
    <property name="java.class.path" value="/Users/nawab-mac/Documents/workspace/springboot/databaseDemo/target/test-classes:/Users/nawab-mac/Documents/workspace/springboot/databaseDemo/target/classes:/Users/nawab-mac/.m2/repository/org/springframework/boot/spring-boot-starter-data-jpa/2.2.0.M5/spring-boot-starter-data-jpa-2.2.0.M5.jar:/Users/nawab-mac/.m2/repository/org/springframework/boot/spring-boot-starter-aop/2.2.0.M5/spring-boot-starter-aop-2.2.0.M5.jar:/Users/nawab-mac/.m2/repository/org/springframework/spring-aop/5.2.0.RC1/spring-aop-5.2.0.RC1.jar:/Users/nawab-mac/.m2/repository/org/aspectj/aspectjweaver/1.9.4/aspectjweaver-1.9.4.jar:/Users/nawab-mac/.m2/repository/jakarta/activation/jakarta.activation-api/1.2.1/jakarta.activation-api-1.2.1.jar:/Users/nawab-mac/.m2/repository/jakarta/persistence/jakarta.persistence-api/2.2.2/jakarta.persistence-api-2.2.2.jar:/Users/nawab-mac/.m2/repository/jakarta/transaction/jakarta.transaction-api/1.3.2/jakarta.transaction-api-1.3.2.jar:/Users/nawab-mac/.m2/repository/org/hibernate/hibernate-core/5.4.4.Final/hibernate-core-5.4.4.Final.jar:/Users/nawab-mac/.m2/repository/org/jboss/logging/jboss-logging/3.4.0.Final/jboss-logging-3.4.0.Final.jar:/Users/nawab-mac/.m2/repository/org/javassist/javassist/3.24.0-GA/javassist-3.24.0-GA.jar:/Users/nawab-mac/.m2/repository/net/bytebuddy/byte-buddy/1.10.0/byte-buddy-1.10.0.jar:/Users/nawab-mac/.m2/repository/antlr/antlr/2.7.7/antlr-2.7.7.jar:/Users/nawab-mac/.m2/repository/org/jboss/jandex/2.0.5.Final/jandex-2.0.5.Final.jar:/Users/nawab-mac/.m2/repository/com/fasterxml/classmate/1.5.0/classmate-1.5.0.jar:/Users/nawab-mac/.m2/repository/org/dom4j/dom4j/2.1.1/dom4j-2.1.1.jar:/Users/nawab-mac/.m2/repository/org/hibernate/common/hibernate-commons-annotations/5.1.0.Final/hibernate-commons-annotations-5.1.0.Final.jar:/Users/nawab-mac/.m2/repository/org/glassfish/jaxb/jaxb-runtime/2.3.2/jaxb-runtime-2.3.2.jar:/Users/nawab-mac/.m2/repository/org/glassfish/jaxb/txw2/2.3.2/txw2-2.3.2.jar:/Users/nawab-mac/.m2/repository/com/sun/istack/istack-commons-runtime/3.0.8/istack-commons-runtime-3.0.8.jar:/Users/nawab-mac/.m2/repository/org/jvnet/staxex/stax-ex/1.8.1/stax-ex-1.8.1.jar:/Users/nawab-mac/.m2/repository/com/sun/xml/fastinfoset/FastInfoset/1.2.16/FastInfoset-1.2.16.jar:/Users/nawab-mac/.m2/repository/org/springframework/data/spring-data-jpa/2.2.0.RC2/spring-data-jpa-2.2.0.RC2.jar:/Users/nawab-mac/.m2/repository/org/springframework/data/spring-data-commons/2.2.0.RC2/spring-data-commons-2.2.0.RC2.jar:/Users/nawab-mac/.m2/repository/org/springframework/spring-orm/5.2.0.RC1/spring-orm-5.2.0.RC1.jar:/Users/nawab-mac/.m2/repository/org/springframework/spring-context/5.2.0.RC1/spring-context-5.2.0.RC1.jar:/Users/nawab-mac/.m2/repository/org/springframework/spring-tx/5.2.0.RC1/spring-tx-5.2.0.RC1.jar:/Users/nawab-mac/.m2/repository/org/springframework/spring-beans/5.2.0.RC1/spring-beans-5.2.0.RC1.jar:/Users/nawab-mac/.m2/repository/org/springframework/spring-aspects/5.2.0.RC1/spring-aspects-5.2.0.RC1.jar:/Users/nawab-mac/.m2/repository/org/springframework/boot/spring-boot-starter-jdbc/2.2.0.M5/spring-boot-starter-jdbc-2.2.0.M5.jar:/Users/nawab-mac/.m2/repository/org/springframework/boot/spring-boot-starter/2.2.0.M5/spring-boot-starter-2.2.0.M5.jar:/Users/nawab-mac/.m2/repository/org/springframework/boot/spring-boot/2.2.0.M5/spring-boot-2.2.0.M5.jar:/Users/nawab-mac/.m2/repository/org/springframework/boot/spring-boot-autoconfigure/2.2.0.M5/spring-boot-autoconfigure-2.2.0.M5.jar:/Users/nawab-mac/.m2/repository/org/springframework/boot/spring-boot-starter-logging/2.2.0.M5/spring-boot-starter-logging-2.2.0.M5.jar:/Users/nawab-mac/.m2/repository/ch/qos/logback/logback-classic/1.2.3/logback-classic-1.2.3.jar:/Users/nawab-mac/.m2/repository/ch/qos/logback/logback-core/1.2.3/logback-core-1.2.3.jar:/Users/nawab-mac/.m2/repository/org/apache/logging/log4j/log4j-to-slf4j/2.12.0/log4j-to-slf4j-2.12.0.jar:/Users/nawab-mac/.m2/repository/org/apache/logging/log4j/log4j-api/2.12.0/log4j-api-2.12.0.jar:/Users/nawab-mac/.m2/repository/org/slf4j/jul-to-slf4j/1.7.26/jul-to-slf4j-1.7.26.jar:/Users/nawab-mac/.m2/repository/jakarta/annotation/jakarta.annotation-api/1.3.4/jakarta.annotation-api-1.3.4.jar:/Users/nawab-mac/.m2/repository/com/zaxxer/HikariCP/3.3.1/HikariCP-3.3.1.jar:/Users/nawab-mac/.m2/repository/org/springframework/spring-jdbc/5.2.0.RC1/spring-jdbc-5.2.0.RC1.jar:/Users/nawab-mac/.m2/repository/org/springframework/boot/spring-boot-starter-web/2.2.0.M5/spring-boot-starter-web-2.2.0.M5.jar:/Users/nawab-mac/.m2/repository/org/springframework/boot/spring-boot-starter-json/2.2.0.M5/spring-boot-starter-json-2.2.0.M5.jar:/Users/nawab-mac/.m2/repository/com/fasterxml/jackson/core/jackson-databind/2.9.9/jackson-databind-2.9.9.jar:/Users/nawab-mac/.m2/repository/com/fasterxml/jackson/core/jackson-annotations/2.9.0/jackson-annotations-2.9.0.jar:/Users/nawab-mac/.m2/repository/com/fasterxml/jackson/core/jackson-core/2.9.9/jackson-core-2.9.9.jar:/Users/nawab-mac/.m2/repository/com/fasterxml/jackson/datatype/jackson-datatype-jdk8/2.9.9/jackson-datatype-jdk8-2.9.9.jar:/Users/nawab-mac/.m2/repository/com/fasterxml/jackson/datatype/jackson-datatype-jsr310/2.9.9/jackson-datatype-jsr310-2.9.9.jar:/Users/nawab-mac/.m2/repository/com/fasterxml/jackson/module/jackson-module-parameter-names/2.9.9/jackson-module-parameter-names-2.9.9.jar:/Users/nawab-mac/.m2/repository/org/springframework/boot/spring-boot-starter-tomcat/2.2.0.M5/spring-boot-starter-tomcat-2.2.0.M5.jar:/Users/nawab-mac/.m2/repository/org/apache/tomcat/embed/tomcat-embed-core/9.0.22/tomcat-embed-core-9.0.22.jar:/Users/nawab-mac/.m2/repository/org/apache/tomcat/embed/tomcat-embed-el/9.0.22/tomcat-embed-el-9.0.22.jar:/Users/nawab-mac/.m2/repository/org/apache/tomcat/embed/tomcat-embed-websocket/9.0.22/tomcat-embed-websocket-9.0.22.jar:/Users/nawab-mac/.m2/repository/org/springframework/boot/spring-boot-starter-validation/2.2.0.M5/spring-boot-starter-validation-2.2.0.M5.jar:/Users/nawab-mac/.m2/repository/jakarta/validation/jakarta.validation-api/2.0.1/jakarta.validation-api-2.0.1.jar:/Users/nawab-mac/.m2/repository/org/hibernate/validator/hibernate-validator/6.0.17.Final/hibernate-validator-6.0.17.Final.jar:/Users/nawab-mac/.m2/repository/org/springframework/spring-web/5.2.0.RC1/spring-web-5.2.0.RC1.jar:/Users/nawab-mac/.m2/repository/org/springframework/spring-webmvc/5.2.0.RC1/spring-webmvc-5.2.0.RC1.jar:/Users/nawab-mac/.m2/repository/org/springframework/spring-expression/5.2.0.RC1/spring-expression-5.2.0.RC1.jar:/Users/nawab-mac/.m2/repository/com/h2database/h2/1.4.199/h2-1.4.199.jar:/Users/nawab-mac/.m2/repository/org/springframework/boot/spring-boot-starter-test/2.2.0.M5/spring-boot-starter-test-2.2.0.M5.jar:/Users/nawab-mac/.m2/repository/org/springframework/boot/spring-boot-test/2.2.0.M5/spring-boot-test-2.2.0.M5.jar:/Users/nawab-mac/.m2/repository/org/springframework/boot/spring-boot-test-autoconfigure/2.2.0.M5/spring-boot-test-autoconfigure-2.2.0.M5.jar:/Users/nawab-mac/.m2/repository/com/jayway/jsonpath/json-path/2.4.0/json-path-2.4.0.jar:/Users/nawab-mac/.m2/repository/net/minidev/json-smart/2.3/json-smart-2.3.jar:/Users/nawab-mac/.m2/repository/net/minidev/accessors-smart/1.2/accessors-smart-1.2.jar:/Users/nawab-mac/.m2/repository/org/ow2/asm/asm/5.0.4/asm-5.0.4.jar:/Users/nawab-mac/.m2/repository/jakarta/xml/bind/jakarta.xml.bind-api/2.3.2/jakarta.xml.bind-api-2.3.2.jar:/Users/nawab-mac/.m2/repository/org/junit/jupiter/junit-jupiter/5.5.1/junit-jupiter-5.5.1.jar:/Users/nawab-mac/.m2/repository/org/junit/jupiter/junit-jupiter-api/5.5.1/junit-jupiter-api-5.5.1.jar:/Users/nawab-mac/.m2/repository/org/apiguardian/apiguardian-api/1.1.0/apiguardian-api-1.1.0.jar:/Users/nawab-mac/.m2/repository/org/opentest4j/opentest4j/1.2.0/opentest4j-1.2.0.jar:/Users/nawab-mac/.m2/repository/org/junit/platform/junit-platform-commons/1.5.1/junit-platform-commons-1.5.1.jar:/Users/nawab-mac/.m2/repository/org/junit/jupiter/junit-jupiter-params/5.5.1/junit-jupiter-params-5.5.1.jar:/Users/nawab-mac/.m2/repository/org/junit/jupiter/junit-jupiter-engine/5.5.1/junit-jupiter-engine-5.5.1.jar:/Users/nawab-mac/.m2/repository/org/junit/platform/junit-platform-engine/1.5.1/junit-platform-engine-1.5.1.jar:/Users/nawab-mac/.m2/repository/org/mockito/mockito-junit-jupiter/2.28.2/mockito-junit-jupiter-2.28.2.jar:/Users/nawab-mac/.m2/repository/org/assertj/assertj-core/3.13.2/assertj-core-3.13.2.jar:/Users/nawab-mac/.m2/repository/org/hamcrest/hamcrest/2.1/hamcrest-2.1.jar:/Users/nawab-mac/.m2/repository/org/mockito/mockito-core/2.28.2/mockito-core-2.28.2.jar:/Users/nawab-mac/.m2/repository/net/bytebuddy/byte-buddy-agent/1.10.0/byte-buddy-agent-1.10.0.jar:/Users/nawab-mac/.m2/repository/org/objenesis/objenesis/2.6/objenesis-2.6.jar:/Users/nawab-mac/.m2/repository/org/skyscreamer/jsonassert/1.5.0/jsonassert-1.5.0.jar:/Users/nawab-mac/.m2/repository/com/vaadin/external/google/android-json/0.0.20131108.vaadin1/android-json-0.0.20131108.vaadin1.jar:/Users/nawab-mac/.m2/repository/org/springframework/spring-core/5.2.0.RC1/spring-core-5.2.0.RC1.jar:/Users/nawab-mac/.m2/repository/org/springframework/spring-jcl/5.2.0.RC1/spring-jcl-5.2.0.RC1.jar:/Users/nawab-mac/.m2/repository/org/springframework/spring-test/5.2.0.RC1/spring-test-5.2.0.RC1.jar:/Users/nawab-mac/.m2/repository/org/xmlunit/xmlunit-core/2.6.3/xmlunit-core-2.6.3.jar:/Users/nawab-mac/.m2/repository/org/liquibase/liquibase-core/3.7.0/liquibase-core-3.7.0.jar:/Users/nawab-mac/.m2/repository/org/yaml/snakeyaml/1.24/snakeyaml-1.24.jar:/Users/nawab-mac/.m2/repository/org/slf4j/slf4j-api/1.7.26/slf4j-api-1.7.26.jar:"/>
    <property name="java.vm.vendor" value="Oracle Corporation"/>
    <property name="sun.arch.data.model" value="64"/>
    <property name="java.vendor.url" value="http://java.oracle.com/"/>
    <property name="user.timezone" value=""/>
    <property name="java.vm.specification.version" value="11"/>
    <property name="os.name" value="Mac OS X"/>
    <property name="sun.java.launcher" value="SUN_STANDARD"/>
    <property name="user.country" value="GB"/>
    <property name="sun.boot.library.path" value="/Library/Java/JavaVirtualMachines/jdk-11.0.4.jdk/Contents/Home/lib"/>
    <property name="sun.java.command" value="/Users/nawab-mac/Documents/workspace/springboot/databaseDemo/target/surefire/surefirebooter14075497691214635717.jar /Users/nawab-mac/Documents/workspace/springboot/databaseDemo/target/surefire 2019-09-13T01-22-31_042-jvmRun1 surefire11647407381147895381tmp surefire_0532527930497100298tmp"/>
    <property name="http.nonProxyHosts" value="local|*.local|169.254/16|*.169.254/16"/>
    <property name="jdk.debug" value="release"/>
    <property name="surefire.test.class.path" value="/Users/nawab-mac/Documents/workspace/springboot/databaseDemo/target/test-classes:/Users/nawab-mac/Documents/workspace/springboot/databaseDemo/target/classes:/Users/nawab-mac/.m2/repository/org/springframework/boot/spring-boot-starter-data-jpa/2.2.0.M5/spring-boot-starter-data-jpa-2.2.0.M5.jar:/Users/nawab-mac/.m2/repository/org/springframework/boot/spring-boot-starter-aop/2.2.0.M5/spring-boot-starter-aop-2.2.0.M5.jar:/Users/nawab-mac/.m2/repository/org/springframework/spring-aop/5.2.0.RC1/spring-aop-5.2.0.RC1.jar:/Users/nawab-mac/.m2/repository/org/aspectj/aspectjweaver/1.9.4/aspectjweaver-1.9.4.jar:/Users/nawab-mac/.m2/repository/jakarta/activation/jakarta.activation-api/1.2.1/jakarta.activation-api-1.2.1.jar:/Users/nawab-mac/.m2/repository/jakarta/persistence/jakarta.persistence-api/2.2.2/jakarta.persistence-api-2.2.2.jar:/Users/nawab-mac/.m2/repository/jakarta/transaction/jakarta.transaction-api/1.3.2/jakarta.transaction-api-1.3.2.jar:/Users/nawab-mac/.m2/repository/org/hibernate/hibernate-core/5.4.4.Final/hibernate-core-5.4.4.Final.jar:/Users/nawab-mac/.m2/repository/org/jboss/logging/jboss-logging/3.4.0.Final/jboss-logging-3.4.0.Final.jar:/Users/nawab-mac/.m2/repository/org/javassist/javassist/3.24.0-GA/javassist-3.24.0-GA.jar:/Users/nawab-mac/.m2/repository/net/bytebuddy/byte-buddy/1.10.0/byte-buddy-1.10.0.jar:/Users/nawab-mac/.m2/repository/antlr/antlr/2.7.7/antlr-2.7.7.jar:/Users/nawab-mac/.m2/repository/org/jboss/jandex/2.0.5.Final/jandex-2.0.5.Final.jar:/Users/nawab-mac/.m2/repository/com/fasterxml/classmate/1.5.0/classmate-1.5.0.jar:/Users/nawab-mac/.m2/repository/org/dom4j/dom4j/2.1.1/dom4j-2.1.1.jar:/Users/nawab-mac/.m2/repository/org/hibernate/common/hibernate-commons-annotations/5.1.0.Final/hibernate-commons-annotations-5.1.0.Final.jar:/Users/nawab-mac/.m2/repository/org/glassfish/jaxb/jaxb-runtime/2.3.2/jaxb-runtime-2.3.2.jar:/Users/nawab-mac/.m2/repository/org/glassfish/jaxb/txw2/2.3.2/txw2-2.3.2.jar:/Users/nawab-mac/.m2/repository/com/sun/istack/istack-commons-runtime/3.0.8/istack-commons-runtime-3.0.8.jar:/Users/nawab-mac/.m2/repository/org/jvnet/staxex/stax-ex/1.8.1/stax-ex-1.8.1.jar:/Users/nawab-mac/.m2/repository/com/sun/xml/fastinfoset/FastInfoset/1.2.16/FastInfoset-1.2.16.jar:/Users/nawab-mac/.m2/repository/org/springframework/data/spring-data-jpa/2.2.0.RC2/spring-data-jpa-2.2.0.RC2.jar:/Users/nawab-mac/.m2/repository/org/springframework/data/spring-data-commons/2.2.0.RC2/spring-data-commons-2.2.0.RC2.jar:/Users/nawab-mac/.m2/repository/org/springframework/spring-orm/5.2.0.RC1/spring-orm-5.2.0.RC1.jar:/Users/nawab-mac/.m2/repository/org/springframework/spring-context/5.2.0.RC1/spring-context-5.2.0.RC1.jar:/Users/nawab-mac/.m2/repository/org/springframework/spring-tx/5.2.0.RC1/spring-tx-5.2.0.RC1.jar:/Users/nawab-mac/.m2/repository/org/springframework/spring-beans/5.2.0.RC1/spring-beans-5.2.0.RC1.jar:/Users/nawab-mac/.m2/repository/org/springframework/spring-aspects/5.2.0.RC1/spring-aspects-5.2.0.RC1.jar:/Users/nawab-mac/.m2/repository/org/springframework/boot/spring-boot-starter-jdbc/2.2.0.M5/spring-boot-starter-jdbc-2.2.0.M5.jar:/Users/nawab-mac/.m2/repository/org/springframework/boot/spring-boot-starter/2.2.0.M5/spring-boot-starter-2.2.0.M5.jar:/Users/nawab-mac/.m2/repository/org/springframework/boot/spring-boot/2.2.0.M5/spring-boot-2.2.0.M5.jar:/Users/nawab-mac/.m2/repository/org/springframework/boot/spring-boot-autoconfigure/2.2.0.M5/spring-boot-autoconfigure-2.2.0.M5.jar:/Users/nawab-mac/.m2/repository/org/springframework/boot/spring-boot-starter-logging/2.2.0.M5/spring-boot-starter-logging-2.2.0.M5.jar:/Users/nawab-mac/.m2/repository/ch/qos/logback/logback-classic/1.2.3/logback-classic-1.2.3.jar:/Users/nawab-mac/.m2/repository/ch/qos/logback/logback-core/1.2.3/logback-core-1.2.3.jar:/Users/nawab-mac/.m2/repository/org/apache/logging/log4j/log4j-to-slf4j/2.12.0/log4j-to-slf4j-2.12.0.jar:/Users/nawab-mac/.m2/repository/org/apache/logging/log4j/log4j-api/2.12.0/log4j-api-2.12.0.jar:/Users/nawab-mac/.m2/repository/org/slf4j/jul-to-slf4j/1.7.26/jul-to-slf4j-1.7.26.jar:/Users/nawab-mac/.m2/repository/jakarta/annotation/jakarta.annotation-api/1.3.4/jakarta.annotation-api-1.3.4.jar:/Users/nawab-mac/.m2/repository/com/zaxxer/HikariCP/3.3.1/HikariCP-3.3.1.jar:/Users/nawab-mac/.m2/repository/org/springframework/spring-jdbc/5.2.0.RC1/spring-jdbc-5.2.0.RC1.jar:/Users/nawab-mac/.m2/repository/org/springframework/boot/spring-boot-starter-web/2.2.0.M5/spring-boot-starter-web-2.2.0.M5.jar:/Users/nawab-mac/.m2/repository/org/springframework/boot/spring-boot-starter-json/2.2.0.M5/spring-boot-starter-json-2.2.0.M5.jar:/Users/nawab-mac/.m2/repository/com/fasterxml/jackson/core/jackson-databind/2.9.9/jackson-databind-2.9.9.jar:/Users/nawab-mac/.m2/repository/com/fasterxml/jackson/core/jackson-annotations/2.9.0/jackson-annotations-2.9.0.jar:/Users/nawab-mac/.m2/repository/com/fasterxml/jackson/core/jackson-core/2.9.9/jackson-core-2.9.9.jar:/Users/nawab-mac/.m2/repository/com/fasterxml/jackson/datatype/jackson-datatype-jdk8/2.9.9/jackson-datatype-jdk8-2.9.9.jar:/Users/nawab-mac/.m2/repository/com/fasterxml/jackson/datatype/jackson-datatype-jsr310/2.9.9/jackson-datatype-jsr310-2.9.9.jar:/Users/nawab-mac/.m2/repository/com/fasterxml/jackson/module/jackson-module-parameter-names/2.9.9/jackson-module-parameter-names-2.9.9.jar:/Users/nawab-mac/.m2/repository/org/springframework/boot/spring-boot-starter-tomcat/2.2.0.M5/spring-boot-starter-tomcat-2.2.0.M5.jar:/Users/nawab-mac/.m2/repository/org/apache/tomcat/embed/tomcat-embed-core/9.0.22/tomcat-embed-core-9.0.22.jar:/Users/nawab-mac/.m2/repository/org/apache/tomcat/embed/tomcat-embed-el/9.0.22/tomcat-embed-el-9.0.22.jar:/Users/nawab-mac/.m2/repository/org/apache/tomcat/embed/tomcat-embed-websocket/9.0.22/tomcat-embed-websocket-9.0.22.jar:/Users/nawab-mac/.m2/repository/org/springframework/boot/spring-boot-starter-validation/2.2.0.M5/spring-boot-starter-validation-2.2.0.M5.jar:/Users/nawab-mac/.m2/repository/jakarta/validation/jakarta.validation-api/2.0.1/jakarta.validation-api-2.0.1.jar:/Users/nawab-mac/.m2/repository/org/hibernate/validator/hibernate-validator/6.0.17.Final/hibernate-validator-6.0.17.Final.jar:/Users/nawab-mac/.m2/repository/org/springframework/spring-web/5.2.0.RC1/spring-web-5.2.0.RC1.jar:/Users/nawab-mac/.m2/repository/org/springframework/spring-webmvc/5.2.0.RC1/spring-webmvc-5.2.0.RC1.jar:/Users/nawab-mac/.m2/repository/org/springframework/spring-expression/5.2.0.RC1/spring-expression-5.2.0.RC1.jar:/Users/nawab-mac/.m2/repository/com/h2database/h2/1.4.199/h2-1.4.199.jar:/Users/nawab-mac/.m2/repository/org/springframework/boot/spring-boot-starter-test/2.2.0.M5/spring-boot-starter-test-2.2.0.M5.jar:/Users/nawab-mac/.m2/repository/org/springframework/boot/spring-boot-test/2.2.0.M5/spring-boot-test-2.2.0.M5.jar:/Users/nawab-mac/.m2/repository/org/springframework/boot/spring-boot-test-autoconfigure/2.2.0.M5/spring-boot-test-autoconfigure-2.2.0.M5.jar:/Users/nawab-mac/.m2/repository/com/jayway/jsonpath/json-path/2.4.0/json-path-2.4.0.jar:/Users/nawab-mac/.m2/repository/net/minidev/json-smart/2.3/json-smart-2.3.jar:/Users/nawab-mac/.m2/repository/net/minidev/accessors-smart/1.2/accessors-smart-1.2.jar:/Users/nawab-mac/.m2/repository/org/ow2/asm/asm/5.0.4/asm-5.0.4.jar:/Users/nawab-mac/.m2/repository/jakarta/xml/bind/jakarta.xml.bind-api/2.3.2/jakarta.xml.bind-api-2.3.2.jar:/Users/nawab-mac/.m2/repository/org/junit/jupiter/junit-jupiter/5.5.1/junit-jupiter-5.5.1.jar:/Users/nawab-mac/.m2/repository/org/junit/jupiter/junit-jupiter-api/5.5.1/junit-jupiter-api-5.5.1.jar:/Users/nawab-mac/.m2/repository/org/apiguardian/apiguardian-api/1.1.0/apiguardian-api-1.1.0.jar:/Users/nawab-mac/.m2/repository/org/opentest4j/opentest4j/1.2.0/opentest4j-1.2.0.jar:/Users/nawab-mac/.m2/repository/org/junit/platform/junit-platform-commons/1.5.1/junit-platform-commons-1.5.1.jar:/Users/nawab-mac/.m2/repository/org/junit/jupiter/junit-jupiter-params/5.5.1/junit-jupiter-params-5.5.1.jar:/Users/nawab-mac/.m2/repository/org/junit/jupiter/junit-jupiter-engine/5.5.1/junit-jupiter-engine-5.5.1.jar:/Users/nawab-mac/.m2/repository/org/junit/platform/junit-platform-engine/1.5.1/junit-platform-engine-1.5.1.jar:/Users/nawab-mac/.m2/repository/org/mockito/mockito-junit-jupiter/2.28.2/mockito-junit-jupiter-2.28.2.jar:/Users/nawab-mac/.m2/repository/org/assertj/assertj-core/3.13.2/assertj-core-3.13.2.jar:/Users/nawab-mac/.m2/repository/org/hamcrest/hamcrest/2.1/hamcrest-2.1.jar:/Users/nawab-mac/.m2/repository/org/mockito/mockito-core/2.28.2/mockito-core-2.28.2.jar:/Users/nawab-mac/.m2/repository/net/bytebuddy/byte-buddy-agent/1.10.0/byte-buddy-agent-1.10.0.jar:/Users/nawab-mac/.m2/repository/org/objenesis/objenesis/2.6/objenesis-2.6.jar:/Users/nawab-mac/.m2/repository/org/skyscreamer/jsonassert/1.5.0/jsonassert-1.5.0.jar:/Users/nawab-mac/.m2/repository/com/vaadin/external/google/android-json/0.0.20131108.vaadin1/android-json-0.0.20131108.vaadin1.jar:/Users/nawab-mac/.m2/repository/org/springframework/spring-core/5.2.0.RC1/spring-core-5.2.0.RC1.jar:/Users/nawab-mac/.m2/repository/org/springframework/spring-jcl/5.2.0.RC1/spring-jcl-5.2.0.RC1.jar:/Users/nawab-mac/.m2/repository/org/springframework/spring-test/5.2.0.RC1/spring-test-5.2.0.RC1.jar:/Users/nawab-mac/.m2/repository/org/xmlunit/xmlunit-core/2.6.3/xmlunit-core-2.6.3.jar:/Users/nawab-mac/.m2/repository/org/liquibase/liquibase-core/3.7.0/liquibase-core-3.7.0.jar:/Users/nawab-mac/.m2/repository/org/yaml/snakeyaml/1.24/snakeyaml-1.24.jar:/Users/nawab-mac/.m2/repository/org/slf4j/slf4j-api/1.7.26/slf4j-api-1.7.26.jar:"/>
    <property name="sun.cpu.endian" value="little"/>
    <property name="user.home" value="/Users/nawab-mac"/>
    <property name="user.language" value="en"/>
    <property name="java.specification.vendor" value="Oracle Corporation"/>
    <property name="java.version.date" value="2019-07-16"/>
    <property name="java.home" value="/Library/Java/JavaVirtualMachines/jdk-11.0.4.jdk/Contents/Home"/>
    <property name="file.separator" value="/"/>
    <property name="basedir" value="/Users/nawab-mac/Documents/workspace/springboot/databaseDemo"/>
    <property name="java.vm.compressedOopsMode" value="Zero based"/>
    <property name="line.separator" value="&#10;"/>
    <property name="java.specification.name" value="Java Platform API Specification"/>
    <property name="java.vm.specification.vendor" value="Oracle Corporation"/>
    <property name="java.awt.graphicsenv" value="sun.awt.CGraphicsEnvironment"/>
    <property name="surefire.real.class.path" value="/Users/nawab-mac/Documents/workspace/springboot/databaseDemo/target/surefire/surefirebooter14075497691214635717.jar"/>
    <property name="sun.management.compiler" value="HotSpot 64-Bit Tiered Compilers"/>
    <property name="ftp.nonProxyHosts" value="local|*.local|169.254/16|*.169.254/16"/>
    <property name="java.runtime.version" value="11.0.4+10-LTS"/>
    <property name="user.name" value="nawab-mac"/>
    <property name="path.separator" value=":"/>
    <property name="os.version" value="10.14.6"/>
    <property name="java.runtime.name" value="Java(TM) SE Runtime Environment"/>
    <property name="file.encoding" value="UTF-8"/>
    <property name="java.vm.name" value="Java HotSpot(TM) 64-Bit Server VM"/>
    <property name="java.vendor.version" value="18.9"/>
    <property name="localRepository" value="/Users/nawab-mac/.m2/repository"/>
    <property name="java.vendor.url.bug" value="http://bugreport.java.com/bugreport/"/>
    <property name="java.io.tmpdir" value="/var/folders/9r/z91tkgqn4ggfm9pyvnnstlpw0000gn/T/"/>
    <property name="java.version" value="11.0.4"/>
    <property name="user.dir" value="/Users/nawab-mac/Documents/workspace/springboot/databaseDemo"/>
    <property name="os.arch" value="x86_64"/>
    <property name="java.vm.specification.name" value="Java Virtual Machine Specification"/>
    <property name="java.awt.printerjob" value="sun.lwawt.macosx.CPrinterJob"/>
    <property name="sun.os.patch.level" value="unknown"/>
    <property name="java.library.path" value="/Users/nawab-mac/Library/Java/Extensions:/Library/Java/Extensions:/Network/Library/Java/Extensions:/System/Library/Java/Extensions:/usr/lib/java:."/>
    <property name="java.vendor" value="Oracle Corporation"/>
    <property name="java.vm.info" value="mixed mode"/>
    <property name="java.vm.version" value="11.0.4+10-LTS"/>
    <property name="sun.io.unicode.encoding" value="UnicodeBig"/>
    <property name="java.class.version" value="55.0"/>
    <property name="socksNonProxyHosts" value="local|*.local|169.254/16|*.169.254/16"/>
  </properties>
  <testcase name="contextLoads" classname="com.example.database.databaseDemo.DatabaseDemoApplicationTests" time="0.001">
    <error message="Failed to load ApplicationContext" type="java.lang.IllegalStateException">java.lang.IllegalStateException: Failed to load ApplicationContext
Caused by: org.springframework.beans.factory.BeanCreationException: Error creating bean with name 'liquibase' defined in class path resource [org/springframework/boot/autoconfigure/liquibase/LiquibaseAutoConfiguration$LiquibaseConfiguration.class]: Invocation of init method failed; nested exception is liquibase.exception.ChangeLogParseException: Error Reading Migration File: class path resource [db/changelog/changelog-master.xml] cannot be resolved to URL because it does not exist
Caused by: liquibase.exception.ChangeLogParseException: Error Reading Migration File: class path resource [db/changelog/changelog-master.xml] cannot be resolved to URL because it does not exist
Caused by: java.io.FileNotFoundException: class path resource [db/changelog/changelog-master.xml] cannot be resolved to URL because it does not exist
</error>
    <system-out><![CDATA[01:22:31.753 [main] DEBUG org.springframework.test.context.BootstrapUtils - Instantiating CacheAwareContextLoaderDelegate from class [org.springframework.test.context.cache.DefaultCacheAwareContextLoaderDelegate]
01:22:31.763 [main] DEBUG org.springframework.test.context.BootstrapUtils - Instantiating BootstrapContext using constructor [public org.springframework.test.context.support.DefaultBootstrapContext(java.lang.Class,org.springframework.test.context.CacheAwareContextLoaderDelegate)]
01:22:31.785 [main] DEBUG org.springframework.test.context.BootstrapUtils - Instantiating TestContextBootstrapper for test class [com.example.database.databaseDemo.DatabaseDemoApplicationTests] from class [org.springframework.boot.test.context.SpringBootTestContextBootstrapper]
01:22:31.802 [main] INFO org.springframework.boot.test.context.SpringBootTestContextBootstrapper - Neither @ContextConfiguration nor @ContextHierarchy found for test class [com.example.database.databaseDemo.DatabaseDemoApplicationTests], using SpringBootContextLoader
01:22:31.806 [main] DEBUG org.springframework.test.context.support.AbstractContextLoader - Did not detect default resource location for test class [com.example.database.databaseDemo.DatabaseDemoApplicationTests]: class path resource [com/example/database/databaseDemo/DatabaseDemoApplicationTests-context.xml] does not exist
01:22:31.806 [main] DEBUG org.springframework.test.context.support.AbstractContextLoader - Did not detect default resource location for test class [com.example.database.databaseDemo.DatabaseDemoApplicationTests]: class path resource [com/example/database/databaseDemo/DatabaseDemoApplicationTestsContext.groovy] does not exist
01:22:31.807 [main] INFO org.springframework.test.context.support.AbstractContextLoader - Could not detect default resource locations for test class [com.example.database.databaseDemo.DatabaseDemoApplicationTests]: no resource found for suffixes {-context.xml, Context.groovy}.
01:22:31.808 [main] INFO org.springframework.test.context.support.AnnotationConfigContextLoaderUtils - Could not detect default configuration classes for test class [com.example.database.databaseDemo.DatabaseDemoApplicationTests]: DatabaseDemoApplicationTests does not declare any static, non-private, non-final, nested classes annotated with @Configuration.
01:22:31.841 [main] DEBUG org.springframework.test.context.support.ActiveProfilesUtils - Could not find an 'annotation declaring class' for annotation type [org.springframework.test.context.ActiveProfiles] and class [com.example.database.databaseDemo.DatabaseDemoApplicationTests]
01:22:31.890 [main] DEBUG org.springframework.context.annotation.ClassPathScanningCandidateComponentProvider - Identified candidate component class: file [/Users/nawab-mac/Documents/workspace/springboot/databaseDemo/target/classes/com/example/database/databaseDemo/DatabaseDemoApplication.class]
01:22:31.892 [main] INFO org.springframework.boot.test.context.SpringBootTestContextBootstrapper - Found @SpringBootConfiguration com.example.database.databaseDemo.DatabaseDemoApplication for test class com.example.database.databaseDemo.DatabaseDemoApplicationTests
01:22:31.957 [main] DEBUG org.springframework.boot.test.context.SpringBootTestContextBootstrapper - @TestExecutionListeners is not present for class [com.example.database.databaseDemo.DatabaseDemoApplicationTests]: using defaults.
01:22:31.957 [main] INFO org.springframework.boot.test.context.SpringBootTestContextBootstrapper - Loaded default TestExecutionListener class names from location [META-INF/spring.factories]: [org.springframework.boot.test.mock.mockito.MockitoTestExecutionListener, org.springframework.boot.test.mock.mockito.ResetMocksTestExecutionListener, org.springframework.boot.test.autoconfigure.restdocs.RestDocsTestExecutionListener, org.springframework.boot.test.autoconfigure.web.client.MockRestServiceServerResetTestExecutionListener, org.springframework.boot.test.autoconfigure.web.servlet.MockMvcPrintOnlyOnFailureTestExecutionListener, org.springframework.boot.test.autoconfigure.web.servlet.WebDriverTestExecutionListener, org.springframework.test.context.web.ServletTestExecutionListener, org.springframework.test.context.support.DirtiesContextBeforeModesTestExecutionListener, org.springframework.test.context.support.DependencyInjectionTestExecutionListener, org.springframework.test.context.support.DirtiesContextTestExecutionListener, org.springframework.test.context.transaction.TransactionalTestExecutionListener, org.springframework.test.context.jdbc.SqlScriptsTestExecutionListener, org.springframework.test.context.event.EventPublishingTestExecutionListener]
01:22:31.970 [main] INFO org.springframework.boot.test.context.SpringBootTestContextBootstrapper - Using TestExecutionListeners: [org.springframework.test.context.web.ServletTestExecutionListener@3a3e78f, org.springframework.test.context.support.DirtiesContextBeforeModesTestExecutionListener@301ec38b, org.springframework.boot.test.mock.mockito.MockitoTestExecutionListener@17a1e4ca, org.springframework.boot.test.autoconfigure.SpringBootDependencyInjectionTestExecutionListener@10ded6a9, org.springframework.test.context.support.DirtiesContextTestExecutionListener@c5dc4a2, org.springframework.test.context.transaction.TransactionalTestExecutionListener@4a194c39, org.springframework.test.context.jdbc.SqlScriptsTestExecutionListener@52066604, org.springframework.test.context.event.EventPublishingTestExecutionListener@340b9973, org.springframework.boot.test.mock.mockito.ResetMocksTestExecutionListener@56113384, org.springframework.boot.test.autoconfigure.restdocs.RestDocsTestExecutionListener@5669c5fb, org.springframework.boot.test.autoconfigure.web.client.MockRestServiceServerResetTestExecutionListener@373ebf74, org.springframework.boot.test.autoconfigure.web.servlet.MockMvcPrintOnlyOnFailureTestExecutionListener@5f9678e1, org.springframework.boot.test.autoconfigure.web.servlet.WebDriverTestExecutionListener@c4ed84]
01:22:31.973 [main] DEBUG org.springframework.test.context.support.AbstractDirtiesContextTestExecutionListener - Before test class: context [DefaultTestContext@59f63e24 testClass = DatabaseDemoApplicationTests, testInstance = [null], testMethod = [null], testException = [null], mergedContextConfiguration = [WebMergedContextConfiguration@61f05988 testClass = DatabaseDemoApplicationTests, locations = '{}', classes = '{class com.example.database.databaseDemo.DatabaseDemoApplication}', contextInitializerClasses = '[]', activeProfiles = '{}', propertySourceLocations = '{}', propertySourceProperties = '{org.springframework.boot.test.context.SpringBootTestContextBootstrapper=true}', contextCustomizers = set[org.springframework.boot.test.context.filter.ExcludeFilterContextCustomizer@1df8da7a, org.springframework.boot.test.json.DuplicateJsonObjectContextCustomizerFactory$DuplicateJsonObjectContextCustomizer@660acfb, org.springframework.boot.test.mock.mockito.MockitoContextCustomizer@0, org.springframework.boot.test.web.client.TestRestTemplateContextCustomizer@642a7222, org.springframework.boot.test.autoconfigure.properties.PropertyMappingContextCustomizer@0, org.springframework.boot.test.autoconfigure.web.servlet.WebDriverContextCustomizerFactory$Customizer@2ad48653], resourceBasePath = 'src/main/webapp', contextLoader = 'org.springframework.boot.test.context.SpringBootContextLoader', parent = [null]], attributes = map['org.springframework.test.context.web.ServletTestExecutionListener.activateListener' -> true]], class annotated with @DirtiesContext [false] with mode [null].
01:22:31.992 [main] DEBUG org.springframework.test.context.support.TestPropertySourceUtils - Adding inlined properties to environment: {spring.jmx.enabled=false, org.springframework.boot.test.context.SpringBootTestContextBootstrapper=true, server.port=-1}
2019-09-13 01:22:37.212 DEBUG 4924 --- [           main] .c.l.ClasspathLoggingApplicationListener : Application started with classpath: unknown

  .   ____          _            __ _ _
 /\\ / ___'_ __ _ _(_)_ __  __ _ \ \ \ \
( ( )\___ | '_ | '_| | '_ \/ _` | \ \ \ \
 \\/  ___)| |_)| | | | | || (_| |  ) ) ) )
  '  |____| .__|_| |_|_| |_\__, | / / / /
 =========|_|==============|___/=/_/_/_/
 :: Spring Boot ::             (v2.2.0.M5)

2019-09-13 01:22:37.287  INFO 4924 --- [           main] c.e.d.d.DatabaseDemoApplicationTests     : Starting DatabaseDemoApplicationTests on Nawab-macs-MacBook-Pro.local with PID 4924 (started by nawab-mac in /Users/nawab-mac/Documents/workspace/springboot/databaseDemo)
2019-09-13 01:22:37.287 DEBUG 4924 --- [           main] c.e.d.d.DatabaseDemoApplicationTests     : Running with Spring Boot v2.2.0.M5, Spring v5.2.0.RC1
2019-09-13 01:22:37.288  INFO 4924 --- [           main] c.e.d.d.DatabaseDemoApplicationTests     : No active profile set, falling back to default profiles: default
2019-09-13 01:22:37.288 DEBUG 4924 --- [           main] o.s.boot.SpringApplication               : Loading source class com.example.database.databaseDemo.DatabaseDemoApplication
2019-09-13 01:22:37.310 DEBUG 4924 --- [           main] o.s.b.c.c.ConfigFileApplicationListener  : Loaded config file 'file:/Users/nawab-mac/Documents/workspace/springboot/databaseDemo/target/classes/application.properties' (classpath:/application.properties)
2019-09-13 01:22:37.310 DEBUG 4924 --- [           main] o.s.w.c.s.GenericWebApplicationContext   : Refreshing org.springframework.web.context.support.GenericWebApplicationContext@38b972d7
2019-09-13 01:22:37.324 DEBUG 4924 --- [           main] o.s.b.f.s.DefaultListableBeanFactory     : Creating shared instance of singleton bean 'org.springframework.context.annotation.internalConfigurationAnnotationProcessor'
2019-09-13 01:22:37.336 DEBUG 4924 --- [           main] o.s.b.f.s.DefaultListableBeanFactory     : Creating shared instance of singleton bean 'org.springframework.boot.autoconfigure.internalCachingMetadataReaderFactory'
2019-09-13 01:22:37.368 DEBUG 4924 --- [           main] o.s.c.a.ClassPathBeanDefinitionScanner   : Identified candidate component class: file [/Users/nawab-mac/Documents/workspace/springboot/databaseDemo/target/classes/com/example/database/databaseDemo/PersonJdbcDao.class]
2019-09-13 01:22:37.514 DEBUG 4924 --- [           main] o.s.c.e.PropertySourcesPropertyResolver  : Found key 'spring.jmx.enabled' in PropertySource 'configurationProperties' with value of type String
2019-09-13 01:22:37.542 DEBUG 4924 --- [           main] o.s.c.e.PropertySourcesPropertyResolver  : Found key 'spring.jmx.enabled' in PropertySource 'configurationProperties' with value of type String
2019-09-13 01:22:37.597 DEBUG 4924 --- [           main] o.s.c.e.PropertySourcesPropertyResolver  : Found key 'spring.h2.console.enabled' in PropertySource 'configurationProperties' with value of type String
2019-09-13 01:22:37.753  INFO 4924 --- [           main] .s.d.r.c.RepositoryConfigurationDelegate : Bootstrapping Spring Data repositories in DEFAULT mode.
2019-09-13 01:22:37.759 DEBUG 4924 --- [           main] o.s.b.f.s.DefaultListableBeanFactory     : Creating shared instance of singleton bean 'org.springframework.boot.autoconfigure.AutoConfigurationPackages'
2019-09-13 01:22:37.765 DEBUG 4924 --- [           main] o.s.b.a.AutoConfigurationPackages        : @EnableAutoConfiguration was declared on a class in the package 'com.example.database.databaseDemo'. Automatic @Repository and @Entity scanning is enabled.
2019-09-13 01:22:37.766 DEBUG 4924 --- [           main] .s.d.r.c.RepositoryConfigurationDelegate : Scanning for repositories in packages com.example.database.databaseDemo.
2019-09-13 01:22:37.771  INFO 4924 --- [           main] .s.d.r.c.RepositoryConfigurationDelegate : Finished Spring Data repository scanning in 4ms. Found 0 repository interfaces.
2019-09-13 01:22:37.792 DEBUG 4924 --- [           main] o.s.c.e.PropertySourcesPropertyResolver  : Found key 'spring.h2.console.enabled' in PropertySource 'configurationProperties' with value of type String
2019-09-13 01:22:37.912 DEBUG 4924 --- [           main] o.s.b.f.s.DefaultListableBeanFactory     : Creating shared instance of singleton bean 'propertySourcesPlaceholderConfigurer'
2019-09-13 01:22:37.916 DEBUG 4924 --- [           main] o.s.b.f.s.DefaultListableBeanFactory     : Creating shared instance of singleton bean 'org.springframework.boot.test.mock.mockito.MockitoPostProcessor'
2019-09-13 01:22:37.917 DEBUG 4924 --- [           main] o.s.b.f.s.DefaultListableBeanFactory     : Creating shared instance of singleton bean 'emBeanDefinitionRegistrarPostProcessor'
2019-09-13 01:22:37.946 DEBUG 4924 --- [           main] o.s.b.f.s.DefaultListableBeanFactory     : Creating shared instance of singleton bean 'org.springframework.context.event.internalEventListenerProcessor'
2019-09-13 01:22:37.948 DEBUG 4924 --- [           main] o.s.b.f.s.DefaultListableBeanFactory     : Creating shared instance of singleton bean 'preserveErrorControllerTargetClassPostProcessor'
2019-09-13 01:22:37.948 DEBUG 4924 --- [           main] o.s.b.f.s.DefaultListableBeanFactory     : Creating shared instance of singleton bean 'org.springframework.boot.autoconfigure.liquibase.LiquibaseAutoConfiguration$LiquibaseNamedParameterJdbcOperationsDependencyConfiguration'
2019-09-13 01:22:37.949 DEBUG 4924 --- [           main] o.s.b.f.s.DefaultListableBeanFactory     : Creating shared instance of singleton bean 'org.springframework.boot.autoconfigure.liquibase.LiquibaseAutoConfiguration$LiquibaseJdbcOperationsDependencyConfiguration'
2019-09-13 01:22:37.949 DEBUG 4924 --- [           main] o.s.b.f.s.DefaultListableBeanFactory     : Creating shared instance of singleton bean 'org.springframework.boot.autoconfigure.liquibase.LiquibaseAutoConfiguration$LiquibaseJpaDependencyConfiguration'
2019-09-13 01:22:37.950 DEBUG 4924 --- [           main] o.s.b.f.s.DefaultListableBeanFactory     : Creating shared instance of singleton bean 'org.springframework.context.event.internalEventListenerFactory'
2019-09-13 01:22:37.951 DEBUG 4924 --- [           main] o.s.b.f.s.DefaultListableBeanFactory     : Creating shared instance of singleton bean 'org.springframework.transaction.config.internalTransactionalEventListenerFactory'
2019-09-13 01:22:37.956 DEBUG 4924 --- [           main] o.s.b.f.s.DefaultListableBeanFactory     : Creating shared instance of singleton bean 'org.springframework.boot.test.mock.mockito.MockitoPostProcessor$SpyPostProcessor'
2019-09-13 01:22:37.957 DEBUG 4924 --- [           main] o.s.b.f.s.DefaultListableBeanFactory     : Creating shared instance of singleton bean 'org.springframework.context.annotation.internalAutowiredAnnotationProcessor'
2019-09-13 01:22:37.959 DEBUG 4924 --- [           main] o.s.b.f.s.DefaultListableBeanFactory     : Creating shared instance of singleton bean 'org.springframework.context.annotation.internalCommonAnnotationProcessor'
2019-09-13 01:22:37.962 DEBUG 4924 --- [           main] o.s.b.f.s.DefaultListableBeanFactory     : Creating shared instance of singleton bean 'org.springframework.context.annotation.internalPersistenceAnnotationProcessor'
2019-09-13 01:22:37.963 DEBUG 4924 --- [           main] o.s.b.f.s.DefaultListableBeanFactory     : Creating shared instance of singleton bean 'org.springframework.boot.context.properties.ConfigurationPropertiesBindingPostProcessor'
2019-09-13 01:22:37.963 DEBUG 4924 --- [           main] o.s.b.f.s.DefaultListableBeanFactory     : Creating shared instance of singleton bean 'org.springframework.boot.context.properties.ConfigurationBeanFactoryMetadata'
2019-09-13 01:22:37.963 DEBUG 4924 --- [           main] o.s.b.f.s.DefaultListableBeanFactory     : Creating shared instance of singleton bean 'org.springframework.boot.context.internalConfigurationPropertiesBinder'
2019-09-13 01:22:37.965 DEBUG 4924 --- [           main] o.s.b.f.s.DefaultListableBeanFactory     : Creating shared instance of singleton bean 'methodValidationPostProcessor'
2019-09-13 01:22:37.977 DEBUG 4924 --- [           main] o.s.b.f.s.DefaultListableBeanFactory     : Autowiring by type from bean name 'methodValidationPostProcessor' via factory method to bean named 'environment'
2019-09-13 01:22:38.005 DEBUG 4924 --- [           main] o.s.b.f.s.DefaultListableBeanFactory     : Creating shared instance of singleton bean 'org.springframework.aop.config.internalAutoProxyCreator'
2019-09-13 01:22:38.031 DEBUG 4924 --- [           main] o.s.b.f.s.DefaultListableBeanFactory     : Creating shared instance of singleton bean 'dataSourceInitializerPostProcessor'
2019-09-13 01:22:38.036 DEBUG 4924 --- [           main] o.s.b.f.s.DefaultListableBeanFactory     : Creating shared instance of singleton bean 'persistenceExceptionTranslationPostProcessor'
2019-09-13 01:22:38.037 DEBUG 4924 --- [           main] o.s.b.f.s.DefaultListableBeanFactory     : Autowiring by type from bean name 'persistenceExceptionTranslationPostProcessor' via factory method to bean named 'environment'
2019-09-13 01:22:38.044 DEBUG 4924 --- [           main] o.s.b.f.s.DefaultListableBeanFactory     : Creating shared instance of singleton bean 'webServerFactoryCustomizerBeanPostProcessor'
2019-09-13 01:22:38.047 DEBUG 4924 --- [           main] o.s.b.f.s.DefaultListableBeanFactory     : Creating shared instance of singleton bean 'errorPageRegistrarBeanPostProcessor'
2019-09-13 01:22:38.049 DEBUG 4924 --- [           main] o.s.b.f.s.DefaultListableBeanFactory     : Creating shared instance of singleton bean 'dataSourceInitializedPublisher'
2019-09-13 01:22:38.051 DEBUG 4924 --- [           main] o.s.b.f.s.DefaultListableBeanFactory     : Creating shared instance of singleton bean 'projectingArgumentResolverBeanPostProcessor'
2019-09-13 01:22:38.052 DEBUG 4924 --- [           main] o.s.b.f.s.DefaultListableBeanFactory     : Creating shared instance of singleton bean 'org.springframework.transaction.config.internalTransactionAdvisor'
2019-09-13 01:22:38.053 DEBUG 4924 --- [           main] o.s.b.f.s.DefaultListableBeanFactory     : Creating shared instance of singleton bean 'org.springframework.transaction.annotation.ProxyTransactionManagementConfiguration'
2019-09-13 01:22:38.066  INFO 4924 --- [           main] trationDelegate$BeanPostProcessorChecker : Bean 'org.springframework.transaction.annotation.ProxyTransactionManagementConfiguration' of type [org.springframework.transaction.annotation.ProxyTransactionManagementConfiguration] is not eligible for getting processed by all BeanPostProcessors (for example: not eligible for auto-proxying)
2019-09-13 01:22:38.069 DEBUG 4924 --- [           main] o.s.b.f.s.DefaultListableBeanFactory     : Creating shared instance of singleton bean 'transactionAttributeSource'
2019-09-13 01:22:38.073 DEBUG 4924 --- [           main] o.s.b.f.s.DefaultListableBeanFactory     : Creating shared instance of singleton bean 'transactionInterceptor'
2019-09-13 01:22:38.073 DEBUG 4924 --- [           main] o.s.b.f.s.DefaultListableBeanFactory     : Autowiring by type from bean name 'transactionInterceptor' via factory method to bean named 'transactionAttributeSource'
2019-09-13 01:22:38.083 DEBUG 4924 --- [           main] o.s.b.f.s.DefaultListableBeanFactory     : Autowiring by type from bean name 'org.springframework.transaction.config.internalTransactionAdvisor' via factory method to bean named 'transactionAttributeSource'
2019-09-13 01:22:38.083 DEBUG 4924 --- [           main] o.s.b.f.s.DefaultListableBeanFactory     : Autowiring by type from bean name 'org.springframework.transaction.config.internalTransactionAdvisor' via factory method to bean named 'transactionInterceptor'
2019-09-13 01:22:38.101 DEBUG 4924 --- [           main] o.s.u.c.s.UiApplicationContextUtils      : Unable to locate ThemeSource with name 'themeSource': using default [org.springframework.ui.context.support.ResourceBundleThemeSource@673c4f6e]
2019-09-13 01:22:38.102 DEBUG 4924 --- [           main] o.s.b.f.s.DefaultListableBeanFactory     : Creating shared instance of singleton bean 'liquibase'
2019-09-13 01:22:38.102 DEBUG 4924 --- [           main] o.s.b.f.s.DefaultListableBeanFactory     : Creating shared instance of singleton bean 'org.springframework.boot.autoconfigure.liquibase.LiquibaseAutoConfiguration$LiquibaseConfiguration'
2019-09-13 01:22:38.103 DEBUG 4924 --- [           main] o.s.b.f.s.DefaultListableBeanFactory     : Creating shared instance of singleton bean 'spring.liquibase-org.springframework.boot.autoconfigure.liquibase.LiquibaseProperties'
2019-09-13 01:22:38.122 DEBUG 4924 --- [           main] o.s.b.f.s.DefaultListableBeanFactory     : Autowiring by type from bean name 'org.springframework.boot.autoconfigure.liquibase.LiquibaseAutoConfiguration$LiquibaseConfiguration' via constructor to bean named 'spring.liquibase-org.springframework.boot.autoconfigure.liquibase.LiquibaseProperties'
2019-09-13 01:22:38.122 DEBUG 4924 --- [           main] o.s.b.f.s.DefaultListableBeanFactory     : Autowiring by type from bean name 'org.springframework.boot.autoconfigure.liquibase.LiquibaseAutoConfiguration$LiquibaseConfiguration' via constructor to bean named 'org.springframework.web.context.support.GenericWebApplicationContext@38b972d7'
2019-09-13 01:22:38.125 DEBUG 4924 --- [           main] o.s.b.f.s.DefaultListableBeanFactory     : Creating shared instance of singleton bean 'spring.datasource-org.springframework.boot.autoconfigure.jdbc.DataSourceProperties'
2019-09-13 01:22:38.136 DEBUG 4924 --- [           main] o.s.b.f.s.DefaultListableBeanFactory     : Autowiring by type from bean name 'liquibase' via factory method to bean named 'spring.datasource-org.springframework.boot.autoconfigure.jdbc.DataSourceProperties'
2019-09-13 01:22:38.139 DEBUG 4924 --- [           main] o.s.b.f.s.DefaultListableBeanFactory     : Creating shared instance of singleton bean 'dataSource'
2019-09-13 01:22:38.139 DEBUG 4924 --- [           main] o.s.b.f.s.DefaultListableBeanFactory     : Creating shared instance of singleton bean 'org.springframework.boot.autoconfigure.jdbc.DataSourceConfiguration$Hikari'
2019-09-13 01:22:38.141 DEBUG 4924 --- [           main] o.s.b.f.s.DefaultListableBeanFactory     : Autowiring by type from bean name 'dataSource' via factory method to bean named 'spring.datasource-org.springframework.boot.autoconfigure.jdbc.DataSourceProperties'
2019-09-13 01:22:38.150 DEBUG 4924 --- [           main] com.zaxxer.hikari.HikariConfig           : Driver class org.h2.Driver found in Thread context class loader jdk.internal.loader.ClassLoaders$AppClassLoader@4b85612c
2019-09-13 01:22:38.170 DEBUG 4924 --- [           main] o.s.b.f.s.DefaultListableBeanFactory     : Creating shared instance of singleton bean 'org.springframework.boot.autoconfigure.jdbc.DataSourceInitializerInvoker'
2019-09-13 01:22:38.172 DEBUG 4924 --- [           main] o.s.b.f.s.DefaultListableBeanFactory     : Autowiring by type from bean name 'org.springframework.boot.autoconfigure.jdbc.DataSourceInitializerInvoker' via constructor to bean named 'spring.datasource-org.springframework.boot.autoconfigure.jdbc.DataSourceProperties'
2019-09-13 01:22:38.172 DEBUG 4924 --- [           main] o.s.b.f.s.DefaultListableBeanFactory     : Autowiring by type from bean name 'org.springframework.boot.autoconfigure.jdbc.DataSourceInitializerInvoker' via constructor to bean named 'org.springframework.web.context.support.GenericWebApplicationContext@38b972d7'
2019-09-13 01:22:38.192 DEBUG 4924 --- [           main] com.zaxxer.hikari.HikariConfig           : HikariPool-1 - configuration:
2019-09-13 01:22:38.194 DEBUG 4924 --- [           main] com.zaxxer.hikari.HikariConfig           : allowPoolSuspension.............false
2019-09-13 01:22:38.195 DEBUG 4924 --- [           main] com.zaxxer.hikari.HikariConfig           : autoCommit......................true
2019-09-13 01:22:38.195 DEBUG 4924 --- [           main] com.zaxxer.hikari.HikariConfig           : catalog.........................none
2019-09-13 01:22:38.195 DEBUG 4924 --- [           main] com.zaxxer.hikari.HikariConfig           : connectionInitSql...............none
2019-09-13 01:22:38.195 DEBUG 4924 --- [           main] com.zaxxer.hikari.HikariConfig           : connectionTestQuery.............none
2019-09-13 01:22:38.195 DEBUG 4924 --- [           main] com.zaxxer.hikari.HikariConfig           : connectionTimeout...............30000
2019-09-13 01:22:38.195 DEBUG 4924 --- [           main] com.zaxxer.hikari.HikariConfig           : dataSource......................none
2019-09-13 01:22:38.195 DEBUG 4924 --- [           main] com.zaxxer.hikari.HikariConfig           : dataSourceClassName.............none
2019-09-13 01:22:38.195 DEBUG 4924 --- [           main] com.zaxxer.hikari.HikariConfig           : dataSourceJNDI..................none
2019-09-13 01:22:38.196 DEBUG 4924 --- [           main] com.zaxxer.hikari.HikariConfig           : dataSourceProperties............{password=<masked>}
2019-09-13 01:22:38.196 DEBUG 4924 --- [           main] com.zaxxer.hikari.HikariConfig           : driverClassName................."org.h2.Driver"
2019-09-13 01:22:38.196 DEBUG 4924 --- [           main] com.zaxxer.hikari.HikariConfig           : healthCheckProperties...........{}
2019-09-13 01:22:38.196 DEBUG 4924 --- [           main] com.zaxxer.hikari.HikariConfig           : healthCheckRegistry.............none
2019-09-13 01:22:38.196 DEBUG 4924 --- [           main] com.zaxxer.hikari.HikariConfig           : idleTimeout.....................600000
2019-09-13 01:22:38.196 DEBUG 4924 --- [           main] com.zaxxer.hikari.HikariConfig           : initializationFailTimeout.......1
2019-09-13 01:22:38.196 DEBUG 4924 --- [           main] com.zaxxer.hikari.HikariConfig           : isolateInternalQueries..........false
2019-09-13 01:22:38.197 DEBUG 4924 --- [           main] com.zaxxer.hikari.HikariConfig           : jdbcUrl.........................jdbc:h2:mem:test;
2019-09-13 01:22:38.197 DEBUG 4924 --- [           main] com.zaxxer.hikari.HikariConfig           : leakDetectionThreshold..........0
2019-09-13 01:22:38.197 DEBUG 4924 --- [           main] com.zaxxer.hikari.HikariConfig           : maxLifetime.....................1800000
2019-09-13 01:22:38.197 DEBUG 4924 --- [           main] com.zaxxer.hikari.HikariConfig           : maximumPoolSize.................10
2019-09-13 01:22:38.197 DEBUG 4924 --- [           main] com.zaxxer.hikari.HikariConfig           : metricRegistry..................none
2019-09-13 01:22:38.197 DEBUG 4924 --- [           main] com.zaxxer.hikari.HikariConfig           : metricsTrackerFactory...........none
2019-09-13 01:22:38.197 DEBUG 4924 --- [           main] com.zaxxer.hikari.HikariConfig           : minimumIdle.....................10
2019-09-13 01:22:38.197 DEBUG 4924 --- [           main] com.zaxxer.hikari.HikariConfig           : password........................<masked>
2019-09-13 01:22:38.197 DEBUG 4924 --- [           main] com.zaxxer.hikari.HikariConfig           : poolName........................"HikariPool-1"
2019-09-13 01:22:38.197 DEBUG 4924 --- [           main] com.zaxxer.hikari.HikariConfig           : readOnly........................false
2019-09-13 01:22:38.198 DEBUG 4924 --- [           main] com.zaxxer.hikari.HikariConfig           : registerMbeans..................false
2019-09-13 01:22:38.198 DEBUG 4924 --- [           main] com.zaxxer.hikari.HikariConfig           : scheduledExecutor...............none
2019-09-13 01:22:38.198 DEBUG 4924 --- [           main] com.zaxxer.hikari.HikariConfig           : schema..........................none
2019-09-13 01:22:38.198 DEBUG 4924 --- [           main] com.zaxxer.hikari.HikariConfig           : threadFactory...................internal
2019-09-13 01:22:38.198 DEBUG 4924 --- [           main] com.zaxxer.hikari.HikariConfig           : transactionIsolation............default
2019-09-13 01:22:38.198 DEBUG 4924 --- [           main] com.zaxxer.hikari.HikariConfig           : username........................"sa"
2019-09-13 01:22:38.198 DEBUG 4924 --- [           main] com.zaxxer.hikari.HikariConfig           : validationTimeout...............5000
2019-09-13 01:22:38.198  INFO 4924 --- [           main] com.zaxxer.hikari.HikariDataSource       : HikariPool-1 - Starting...
2019-09-13 01:22:38.339 DEBUG 4924 --- [           main] com.zaxxer.hikari.pool.HikariPool        : HikariPool-1 - Added connection conn0: url=jdbc:h2:mem:test user=SA
2019-09-13 01:22:38.340  INFO 4924 --- [           main] com.zaxxer.hikari.HikariDataSource       : HikariPool-1 - Start completed.
2019-09-13 01:22:38.356 DEBUG 4924 --- [           main] l.s.CustomResolverServiceLocator         : ServiceLocator.findClasses for liquibase.database.Database
2019-09-13 01:22:38.356 DEBUG 4924 --- [           main] l.s.CustomResolverServiceLocator         : ServiceLocator finding classes matching interface liquibase.database.Database
2019-09-13 01:22:38.357 DEBUG 4924 --- [           main] o.s.b.l.SpringPackageScanClassResolver   : Searching for implementations of liquibase.database.Database in packages: [liquibase.change, liquibase.command, liquibase.changelog, liquibase.database, liquibase.parser, liquibase.precondition, liquibase.datatype, liquibase.serializer, liquibase.sqlgenerator, liquibase.executor, liquibase.snapshot, liquibase.logging, liquibase.diff, liquibase.structure, liquibase.structurecompare, liquibase.lockservice, liquibase.sdk.database, liquibase.ext]
2019-09-13 01:22:38.423 DEBUG 4924 --- [           main] o.s.b.l.SpringPackageScanClassResolver   : Searching for: is assignable to Database in package: liquibase/change
2019-09-13 01:22:38.431 DEBUG 4924 --- [           main] o.s.b.l.SpringPackageScanClassResolver   : Searching for: is assignable to Database in package: liquibase/command
2019-09-13 01:22:38.441 DEBUG 4924 --- [l-1 housekeeper] com.zaxxer.hikari.pool.HikariPool        : HikariPool-1 - Pool stats (total=1, active=1, idle=0, waiting=0)
2019-09-13 01:22:38.444 DEBUG 4924 --- [onnection adder] com.zaxxer.hikari.pool.HikariPool        : HikariPool-1 - Added connection conn1: url=jdbc:h2:mem:test user=SA
2019-09-13 01:22:38.445 DEBUG 4924 --- [onnection adder] com.zaxxer.hikari.pool.HikariPool        : HikariPool-1 - Added connection conn2: url=jdbc:h2:mem:test user=SA
2019-09-13 01:22:38.446 DEBUG 4924 --- [onnection adder] com.zaxxer.hikari.pool.HikariPool        : HikariPool-1 - Added connection conn3: url=jdbc:h2:mem:test user=SA
2019-09-13 01:22:38.446 DEBUG 4924 --- [onnection adder] com.zaxxer.hikari.pool.HikariPool        : HikariPool-1 - Added connection conn4: url=jdbc:h2:mem:test user=SA
2019-09-13 01:22:38.447 DEBUG 4924 --- [onnection adder] com.zaxxer.hikari.pool.HikariPool        : HikariPool-1 - Added connection conn5: url=jdbc:h2:mem:test user=SA
2019-09-13 01:22:38.447 DEBUG 4924 --- [onnection adder] com.zaxxer.hikari.pool.HikariPool        : HikariPool-1 - Added connection conn6: url=jdbc:h2:mem:test user=SA
2019-09-13 01:22:38.448 DEBUG 4924 --- [onnection adder] com.zaxxer.hikari.pool.HikariPool        : HikariPool-1 - Added connection conn7: url=jdbc:h2:mem:test user=SA
2019-09-13 01:22:38.449 DEBUG 4924 --- [onnection adder] com.zaxxer.hikari.pool.HikariPool        : HikariPool-1 - Added connection conn8: url=jdbc:h2:mem:test user=SA
2019-09-13 01:22:38.450 DEBUG 4924 --- [onnection adder] com.zaxxer.hikari.pool.HikariPool        : HikariPool-1 - Added connection conn9: url=jdbc:h2:mem:test user=SA
2019-09-13 01:22:38.450 DEBUG 4924 --- [onnection adder] com.zaxxer.hikari.pool.HikariPool        : HikariPool-1 - After adding stats (total=10, active=1, idle=9, waiting=0)
2019-09-13 01:22:38.472 DEBUG 4924 --- [           main] o.s.b.l.SpringPackageScanClassResolver   : Searching for: is assignable to Database in package: liquibase/changelog
2019-09-13 01:22:38.503 DEBUG 4924 --- [           main] o.s.b.l.SpringPackageScanClassResolver   : Searching for: is assignable to Database in package: liquibase/database
2019-09-13 01:22:38.520 DEBUG 4924 --- [           main] o.s.b.l.SpringPackageScanClassResolver   : Searching for: is assignable to Database in package: liquibase/parser
2019-09-13 01:22:38.536 DEBUG 4924 --- [           main] o.s.b.l.SpringPackageScanClassResolver   : Searching for: is assignable to Database in package: liquibase/precondition
2019-09-13 01:22:38.552 DEBUG 4924 --- [           main] o.s.b.l.SpringPackageScanClassResolver   : Searching for: is assignable to Database in package: liquibase/datatype
2019-09-13 01:22:38.576 DEBUG 4924 --- [           main] o.s.b.l.SpringPackageScanClassResolver   : Searching for: is assignable to Database in package: liquibase/serializer
2019-09-13 01:22:38.628 DEBUG 4924 --- [           main] o.s.b.l.SpringPackageScanClassResolver   : Searching for: is assignable to Database in package: liquibase/sqlgenerator
2019-09-13 01:22:38.641 DEBUG 4924 --- [           main] o.s.b.l.SpringPackageScanClassResolver   : Searching for: is assignable to Database in package: liquibase/executor
2019-09-13 01:22:38.667 DEBUG 4924 --- [           main] o.s.b.l.SpringPackageScanClassResolver   : Searching for: is assignable to Database in package: liquibase/snapshot
2019-09-13 01:22:38.673 DEBUG 4924 --- [           main] o.s.b.l.SpringPackageScanClassResolver   : Searching for: is assignable to Database in package: liquibase/logging
2019-09-13 01:22:38.724 DEBUG 4924 --- [           main] o.s.b.l.SpringPackageScanClassResolver   : Searching for: is assignable to Database in package: liquibase/diff
2019-09-13 01:22:38.741 DEBUG 4924 --- [           main] o.s.b.l.SpringPackageScanClassResolver   : Searching for: is assignable to Database in package: liquibase/structure
2019-09-13 01:22:38.742 DEBUG 4924 --- [           main] o.s.b.l.SpringPackageScanClassResolver   : Searching for: is assignable to Database in package: liquibase/structurecompare
2019-09-13 01:22:38.742 DEBUG 4924 --- [           main] o.s.b.l.SpringPackageScanClassResolver   : No classes found in package: liquibase/structurecompare
2019-09-13 01:22:38.747 DEBUG 4924 --- [           main] o.s.b.l.SpringPackageScanClassResolver   : Searching for: is assignable to Database in package: liquibase/lockservice
2019-09-13 01:22:38.750 DEBUG 4924 --- [           main] o.s.b.l.SpringPackageScanClassResolver   : Searching for: is assignable to Database in package: liquibase/sdk/database
2019-09-13 01:22:38.750 DEBUG 4924 --- [           main] o.s.b.l.SpringPackageScanClassResolver   : Searching for: is assignable to Database in package: liquibase/ext
2019-09-13 01:22:38.750 DEBUG 4924 --- [           main] o.s.b.l.SpringPackageScanClassResolver   : No classes found in package: liquibase/ext
2019-09-13 01:22:38.750 DEBUG 4924 --- [           main] o.s.b.l.SpringPackageScanClassResolver   : Found: [class liquibase.database.core.SybaseASADatabase, class liquibase.database.core.MySQLDatabase, class liquibase.database.core.Ingres9Database, class liquibase.database.core.UnsupportedDatabase, class liquibase.database.core.SybaseDatabase, class liquibase.database.core.AbstractDb2Database, class liquibase.database.core.DerbyDatabase, class liquibase.database.core.OracleDatabase, class liquibase.database.core.FirebirdDatabase, class liquibase.database.core.Firebird3Database, class liquibase.database.core.SQLiteDatabase, class liquibase.database.core.DB2Database, class liquibase.database.AbstractJdbcDatabase, class liquibase.database.core.MariaDBDatabase, class liquibase.database.core.MSSQLDatabase, class liquibase.database.core.PostgresDatabase, class liquibase.database.core.H2Database, class liquibase.database.core.HsqlDatabase, class liquibase.database.core.InformixDatabase, class liquibase.database.core.Db2zDatabase, interface liquibase.database.Database, class liquibase.diff.output.DiffOutputControl$DatabaseForHash, class liquibase.sdk.database.MockDatabase]
2019-09-13 01:22:38.753 DEBUG 4924 --- [           main] l.s.CustomResolverServiceLocator         : liquibase.database.core.SybaseASADatabase matches liquibase.database.Database
2019-09-13 01:22:38.753 DEBUG 4924 --- [           main] l.s.CustomResolverServiceLocator         : liquibase.database.core.MySQLDatabase matches liquibase.database.Database
2019-09-13 01:22:38.753 DEBUG 4924 --- [           main] l.s.CustomResolverServiceLocator         : liquibase.database.core.Ingres9Database matches liquibase.database.Database
2019-09-13 01:22:38.753 DEBUG 4924 --- [           main] l.s.CustomResolverServiceLocator         : liquibase.database.core.UnsupportedDatabase matches liquibase.database.Database
2019-09-13 01:22:38.754 DEBUG 4924 --- [           main] l.s.CustomResolverServiceLocator         : liquibase.database.core.SybaseDatabase matches liquibase.database.Database
2019-09-13 01:22:38.754 DEBUG 4924 --- [           main] l.s.CustomResolverServiceLocator         : liquibase.database.core.DerbyDatabase matches liquibase.database.Database
2019-09-13 01:22:38.754 DEBUG 4924 --- [           main] l.s.CustomResolverServiceLocator         : liquibase.database.core.OracleDatabase matches liquibase.database.Database
2019-09-13 01:22:38.755 DEBUG 4924 --- [           main] l.s.CustomResolverServiceLocator         : liquibase.database.core.FirebirdDatabase matches liquibase.database.Database
2019-09-13 01:22:38.755 DEBUG 4924 --- [           main] l.s.CustomResolverServiceLocator         : liquibase.database.core.Firebird3Database matches liquibase.database.Database
2019-09-13 01:22:38.755 DEBUG 4924 --- [           main] l.s.CustomResolverServiceLocator         : liquibase.database.core.SQLiteDatabase matches liquibase.database.Database
2019-09-13 01:22:38.755 DEBUG 4924 --- [           main] l.s.CustomResolverServiceLocator         : liquibase.database.core.DB2Database matches liquibase.database.Database
2019-09-13 01:22:38.756 DEBUG 4924 --- [           main] l.s.CustomResolverServiceLocator         : liquibase.database.core.MariaDBDatabase matches liquibase.database.Database
2019-09-13 01:22:38.756 DEBUG 4924 --- [           main] l.s.CustomResolverServiceLocator         : liquibase.database.core.MSSQLDatabase matches liquibase.database.Database
2019-09-13 01:22:38.756 DEBUG 4924 --- [           main] l.s.CustomResolverServiceLocator         : liquibase.database.core.PostgresDatabase matches liquibase.database.Database
2019-09-13 01:22:38.757 DEBUG 4924 --- [           main] l.s.CustomResolverServiceLocator         : liquibase.database.core.H2Database matches liquibase.database.Database
2019-09-13 01:22:38.757 DEBUG 4924 --- [           main] l.s.CustomResolverServiceLocator         : liquibase.database.core.HsqlDatabase matches liquibase.database.Database
2019-09-13 01:22:38.757 DEBUG 4924 --- [           main] l.s.CustomResolverServiceLocator         : liquibase.database.core.InformixDatabase matches liquibase.database.Database
2019-09-13 01:22:38.758 DEBUG 4924 --- [           main] l.s.CustomResolverServiceLocator         : liquibase.database.core.Db2zDatabase matches liquibase.database.Database
2019-09-13 01:22:38.758 DEBUG 4924 --- [           main] l.s.CustomResolverServiceLocator         : liquibase.sdk.database.MockDatabase matches liquibase.database.Database
2019-09-13 01:22:38.786 DEBUG 4924 --- [           main] liquibase.database.core.H2Database       : Connected to SA@jdbc:h2:mem:test
2019-09-13 01:22:38.786 DEBUG 4924 --- [           main] liquibase.database.core.H2Database       : Setting auto commit to false from true
2019-09-13 01:22:38.789 DEBUG 4924 --- [           main] l.s.CustomResolverServiceLocator         : ServiceLocator.findClasses for liquibase.lockservice.LockService
2019-09-13 01:22:38.790 DEBUG 4924 --- [           main] l.s.CustomResolverServiceLocator         : ServiceLocator finding classes matching interface liquibase.lockservice.LockService
2019-09-13 01:22:38.790 DEBUG 4924 --- [           main] o.s.b.l.SpringPackageScanClassResolver   : Searching for implementations of liquibase.lockservice.LockService in packages: [liquibase.change, liquibase.command, liquibase.changelog, liquibase.database, liquibase.parser, liquibase.precondition, liquibase.datatype, liquibase.serializer, liquibase.sqlgenerator, liquibase.executor, liquibase.snapshot, liquibase.logging, liquibase.diff, liquibase.structure, liquibase.structurecompare, liquibase.lockservice, liquibase.sdk.database, liquibase.ext]
2019-09-13 01:22:38.790 DEBUG 4924 --- [           main] o.s.b.l.SpringPackageScanClassResolver   : Searching for: is assignable to LockService in package: liquibase/change
2019-09-13 01:22:38.790 DEBUG 4924 --- [           main] o.s.b.l.SpringPackageScanClassResolver   : Searching for: is assignable to LockService in package: liquibase/command
2019-09-13 01:22:38.790 DEBUG 4924 --- [           main] o.s.b.l.SpringPackageScanClassResolver   : Searching for: is assignable to LockService in package: liquibase/changelog
2019-09-13 01:22:38.790 DEBUG 4924 --- [           main] o.s.b.l.SpringPackageScanClassResolver   : Searching for: is assignable to LockService in package: liquibase/database
2019-09-13 01:22:38.790 DEBUG 4924 --- [           main] o.s.b.l.SpringPackageScanClassResolver   : Searching for: is assignable to LockService in package: liquibase/parser
2019-09-13 01:22:38.790 DEBUG 4924 --- [           main] o.s.b.l.SpringPackageScanClassResolver   : Searching for: is assignable to LockService in package: liquibase/precondition
2019-09-13 01:22:38.790 DEBUG 4924 --- [           main] o.s.b.l.SpringPackageScanClassResolver   : Searching for: is assignable to LockService in package: liquibase/datatype
2019-09-13 01:22:38.790 DEBUG 4924 --- [           main] o.s.b.l.SpringPackageScanClassResolver   : Searching for: is assignable to LockService in package: liquibase/serializer
2019-09-13 01:22:38.790 DEBUG 4924 --- [           main] o.s.b.l.SpringPackageScanClassResolver   : Searching for: is assignable to LockService in package: liquibase/sqlgenerator
2019-09-13 01:22:38.791 DEBUG 4924 --- [           main] o.s.b.l.SpringPackageScanClassResolver   : Searching for: is assignable to LockService in package: liquibase/executor
2019-09-13 01:22:38.791 DEBUG 4924 --- [           main] o.s.b.l.SpringPackageScanClassResolver   : Searching for: is assignable to LockService in package: liquibase/snapshot
2019-09-13 01:22:38.791 DEBUG 4924 --- [           main] o.s.b.l.SpringPackageScanClassResolver   : Searching for: is assignable to LockService in package: liquibase/logging
2019-09-13 01:22:38.791 DEBUG 4924 --- [           main] o.s.b.l.SpringPackageScanClassResolver   : Searching for: is assignable to LockService in package: liquibase/diff
2019-09-13 01:22:38.791 DEBUG 4924 --- [           main] o.s.b.l.SpringPackageScanClassResolver   : Searching for: is assignable to LockService in package: liquibase/structure
2019-09-13 01:22:38.791 DEBUG 4924 --- [           main] o.s.b.l.SpringPackageScanClassResolver   : Searching for: is assignable to LockService in package: liquibase/structurecompare
2019-09-13 01:22:38.791 DEBUG 4924 --- [           main] o.s.b.l.SpringPackageScanClassResolver   : No classes found in package: liquibase/structurecompare
2019-09-13 01:22:38.791 DEBUG 4924 --- [           main] o.s.b.l.SpringPackageScanClassResolver   : Searching for: is assignable to LockService in package: liquibase/lockservice
2019-09-13 01:22:38.791 DEBUG 4924 --- [           main] o.s.b.l.SpringPackageScanClassResolver   : Searching for: is assignable to LockService in package: liquibase/sdk/database
2019-09-13 01:22:38.791 DEBUG 4924 --- [           main] o.s.b.l.SpringPackageScanClassResolver   : Searching for: is assignable to LockService in package: liquibase/ext
2019-09-13 01:22:38.791 DEBUG 4924 --- [           main] o.s.b.l.SpringPackageScanClassResolver   : No classes found in package: liquibase/ext
2019-09-13 01:22:38.791 DEBUG 4924 --- [           main] o.s.b.l.SpringPackageScanClassResolver   : Found: [class liquibase.lockservice.LockServiceImpl, class liquibase.lockservice.OfflineLockService, class liquibase.lockservice.StandardLockService, interface liquibase.lockservice.LockService]
2019-09-13 01:22:38.792 DEBUG 4924 --- [           main] l.s.CustomResolverServiceLocator         : liquibase.lockservice.LockServiceImpl matches liquibase.lockservice.LockService
2019-09-13 01:22:38.792 DEBUG 4924 --- [           main] l.s.CustomResolverServiceLocator         : liquibase.lockservice.OfflineLockService matches liquibase.lockservice.LockService
2019-09-13 01:22:38.792 DEBUG 4924 --- [           main] l.s.CustomResolverServiceLocator         : liquibase.lockservice.StandardLockService matches liquibase.lockservice.LockService
2019-09-13 01:22:38.801 DEBUG 4924 --- [           main] l.s.CustomResolverServiceLocator         : ServiceLocator.findClasses for liquibase.executor.Executor
2019-09-13 01:22:38.801 DEBUG 4924 --- [           main] l.s.CustomResolverServiceLocator         : ServiceLocator finding classes matching interface liquibase.executor.Executor
2019-09-13 01:22:38.801 DEBUG 4924 --- [           main] o.s.b.l.SpringPackageScanClassResolver   : Searching for implementations of liquibase.executor.Executor in packages: [liquibase.change, liquibase.command, liquibase.changelog, liquibase.database, liquibase.parser, liquibase.precondition, liquibase.datatype, liquibase.serializer, liquibase.sqlgenerator, liquibase.executor, liquibase.snapshot, liquibase.logging, liquibase.diff, liquibase.structure, liquibase.structurecompare, liquibase.lockservice, liquibase.sdk.database, liquibase.ext]
2019-09-13 01:22:38.801 DEBUG 4924 --- [           main] o.s.b.l.SpringPackageScanClassResolver   : Searching for: is assignable to Executor in package: liquibase/change
2019-09-13 01:22:38.801 DEBUG 4924 --- [           main] o.s.b.l.SpringPackageScanClassResolver   : Searching for: is assignable to Executor in package: liquibase/command
2019-09-13 01:22:38.801 DEBUG 4924 --- [           main] o.s.b.l.SpringPackageScanClassResolver   : Searching for: is assignable to Executor in package: liquibase/changelog
2019-09-13 01:22:38.802 DEBUG 4924 --- [           main] o.s.b.l.SpringPackageScanClassResolver   : Searching for: is assignable to Executor in package: liquibase/database
2019-09-13 01:22:38.802 DEBUG 4924 --- [           main] o.s.b.l.SpringPackageScanClassResolver   : Searching for: is assignable to Executor in package: liquibase/parser
2019-09-13 01:22:38.802 DEBUG 4924 --- [           main] o.s.b.l.SpringPackageScanClassResolver   : Searching for: is assignable to Executor in package: liquibase/precondition
2019-09-13 01:22:38.802 DEBUG 4924 --- [           main] o.s.b.l.SpringPackageScanClassResolver   : Searching for: is assignable to Executor in package: liquibase/datatype
2019-09-13 01:22:38.802 DEBUG 4924 --- [           main] o.s.b.l.SpringPackageScanClassResolver   : Searching for: is assignable to Executor in package: liquibase/serializer
2019-09-13 01:22:38.802 DEBUG 4924 --- [           main] o.s.b.l.SpringPackageScanClassResolver   : Searching for: is assignable to Executor in package: liquibase/sqlgenerator
2019-09-13 01:22:38.802 DEBUG 4924 --- [           main] o.s.b.l.SpringPackageScanClassResolver   : Searching for: is assignable to Executor in package: liquibase/executor
2019-09-13 01:22:38.802 DEBUG 4924 --- [           main] o.s.b.l.SpringPackageScanClassResolver   : Searching for: is assignable to Executor in package: liquibase/snapshot
2019-09-13 01:22:38.802 DEBUG 4924 --- [           main] o.s.b.l.SpringPackageScanClassResolver   : Searching for: is assignable to Executor in package: liquibase/logging
2019-09-13 01:22:38.802 DEBUG 4924 --- [           main] o.s.b.l.SpringPackageScanClassResolver   : Searching for: is assignable to Executor in package: liquibase/diff
2019-09-13 01:22:38.803 DEBUG 4924 --- [           main] o.s.b.l.SpringPackageScanClassResolver   : Searching for: is assignable to Executor in package: liquibase/structure
2019-09-13 01:22:38.803 DEBUG 4924 --- [           main] o.s.b.l.SpringPackageScanClassResolver   : Searching for: is assignable to Executor in package: liquibase/structurecompare
2019-09-13 01:22:38.803 DEBUG 4924 --- [           main] o.s.b.l.SpringPackageScanClassResolver   : No classes found in package: liquibase/structurecompare
2019-09-13 01:22:38.803 DEBUG 4924 --- [           main] o.s.b.l.SpringPackageScanClassResolver   : Searching for: is assignable to Executor in package: liquibase/lockservice
2019-09-13 01:22:38.803 DEBUG 4924 --- [           main] o.s.b.l.SpringPackageScanClassResolver   : Searching for: is assignable to Executor in package: liquibase/sdk/database
2019-09-13 01:22:38.803 DEBUG 4924 --- [           main] o.s.b.l.SpringPackageScanClassResolver   : Searching for: is assignable to Executor in package: liquibase/ext
2019-09-13 01:22:38.803 DEBUG 4924 --- [           main] o.s.b.l.SpringPackageScanClassResolver   : No classes found in package: liquibase/ext
2019-09-13 01:22:38.803 DEBUG 4924 --- [           main] o.s.b.l.SpringPackageScanClassResolver   : Found: [class liquibase.executor.AbstractExecutor, class liquibase.executor.jvm.JdbcExecutor, interface liquibase.executor.Executor, class liquibase.executor.LoggingExecutor]
2019-09-13 01:22:38.804 DEBUG 4924 --- [           main] l.s.CustomResolverServiceLocator         : liquibase.executor.jvm.JdbcExecutor matches liquibase.executor.Executor
2019-09-13 01:22:38.807 DEBUG 4924 --- [           main] l.s.CustomResolverServiceLocator         : ServiceLocator.findClasses for liquibase.snapshot.SnapshotGenerator
2019-09-13 01:22:38.807 DEBUG 4924 --- [           main] l.s.CustomResolverServiceLocator         : ServiceLocator finding classes matching interface liquibase.snapshot.SnapshotGenerator
2019-09-13 01:22:38.807 DEBUG 4924 --- [           main] o.s.b.l.SpringPackageScanClassResolver   : Searching for implementations of liquibase.snapshot.SnapshotGenerator in packages: [liquibase.change, liquibase.command, liquibase.changelog, liquibase.database, liquibase.parser, liquibase.precondition, liquibase.datatype, liquibase.serializer, liquibase.sqlgenerator, liquibase.executor, liquibase.snapshot, liquibase.logging, liquibase.diff, liquibase.structure, liquibase.structurecompare, liquibase.lockservice, liquibase.sdk.database, liquibase.ext]
2019-09-13 01:22:38.808 DEBUG 4924 --- [           main] o.s.b.l.SpringPackageScanClassResolver   : Searching for: is assignable to SnapshotGenerator in package: liquibase/change
2019-09-13 01:22:38.808 DEBUG 4924 --- [           main] o.s.b.l.SpringPackageScanClassResolver   : Searching for: is assignable to SnapshotGenerator in package: liquibase/command
2019-09-13 01:22:38.808 DEBUG 4924 --- [           main] o.s.b.l.SpringPackageScanClassResolver   : Searching for: is assignable to SnapshotGenerator in package: liquibase/changelog
2019-09-13 01:22:38.808 DEBUG 4924 --- [           main] o.s.b.l.SpringPackageScanClassResolver   : Searching for: is assignable to SnapshotGenerator in package: liquibase/database
2019-09-13 01:22:38.808 DEBUG 4924 --- [           main] o.s.b.l.SpringPackageScanClassResolver   : Searching for: is assignable to SnapshotGenerator in package: liquibase/parser
2019-09-13 01:22:38.808 DEBUG 4924 --- [           main] o.s.b.l.SpringPackageScanClassResolver   : Searching for: is assignable to SnapshotGenerator in package: liquibase/precondition
2019-09-13 01:22:38.808 DEBUG 4924 --- [           main] o.s.b.l.SpringPackageScanClassResolver   : Searching for: is assignable to SnapshotGenerator in package: liquibase/datatype
2019-09-13 01:22:38.808 DEBUG 4924 --- [           main] o.s.b.l.SpringPackageScanClassResolver   : Searching for: is assignable to SnapshotGenerator in package: liquibase/serializer
2019-09-13 01:22:38.808 DEBUG 4924 --- [           main] o.s.b.l.SpringPackageScanClassResolver   : Searching for: is assignable to SnapshotGenerator in package: liquibase/sqlgenerator
2019-09-13 01:22:38.808 DEBUG 4924 --- [           main] o.s.b.l.SpringPackageScanClassResolver   : Searching for: is assignable to SnapshotGenerator in package: liquibase/executor
2019-09-13 01:22:38.808 DEBUG 4924 --- [           main] o.s.b.l.SpringPackageScanClassResolver   : Searching for: is assignable to SnapshotGenerator in package: liquibase/snapshot
2019-09-13 01:22:38.808 DEBUG 4924 --- [           main] o.s.b.l.SpringPackageScanClassResolver   : Searching for: is assignable to SnapshotGenerator in package: liquibase/logging
2019-09-13 01:22:38.808 DEBUG 4924 --- [           main] o.s.b.l.SpringPackageScanClassResolver   : Searching for: is assignable to SnapshotGenerator in package: liquibase/diff
2019-09-13 01:22:38.808 DEBUG 4924 --- [           main] o.s.b.l.SpringPackageScanClassResolver   : Searching for: is assignable to SnapshotGenerator in package: liquibase/structure
2019-09-13 01:22:38.809 DEBUG 4924 --- [           main] o.s.b.l.SpringPackageScanClassResolver   : Searching for: is assignable to SnapshotGenerator in package: liquibase/structurecompare
2019-09-13 01:22:38.809 DEBUG 4924 --- [           main] o.s.b.l.SpringPackageScanClassResolver   : No classes found in package: liquibase/structurecompare
2019-09-13 01:22:38.809 DEBUG 4924 --- [           main] o.s.b.l.SpringPackageScanClassResolver   : Searching for: is assignable to SnapshotGenerator in package: liquibase/lockservice
2019-09-13 01:22:38.809 DEBUG 4924 --- [           main] o.s.b.l.SpringPackageScanClassResolver   : Searching for: is assignable to SnapshotGenerator in package: liquibase/sdk/database
2019-09-13 01:22:38.809 DEBUG 4924 --- [           main] o.s.b.l.SpringPackageScanClassResolver   : Searching for: is assignable to SnapshotGenerator in package: liquibase/ext
2019-09-13 01:22:38.809 DEBUG 4924 --- [           main] o.s.b.l.SpringPackageScanClassResolver   : No classes found in package: liquibase/ext
2019-09-13 01:22:38.809 DEBUG 4924 --- [           main] o.s.b.l.SpringPackageScanClassResolver   : Found: [class liquibase.snapshot.jvm.ViewSnapshotGenerator, class liquibase.snapshot.jvm.ColumnSnapshotGenerator, class liquibase.snapshot.jvm.ForeignKeySnapshotGenerator, class liquibase.snapshot.jvm.ColumnSnapshotGeneratorPostgres, class liquibase.snapshot.jvm.SequenceSnapshotGenerator, class liquibase.snapshot.jvm.ColumnSnapshotGeneratorOracle, class liquibase.snapshot.jvm.PrimaryKeySnapshotGenerator, class liquibase.snapshot.jvm.IndexSnapshotGenerator, class liquibase.snapshot.jvm.UniqueConstraintSnapshotGenerator, class liquibase.snapshot.jvm.CatalogSnapshotGenerator, class liquibase.snapshot.jvm.JdbcSnapshotGenerator, class liquibase.snapshot.jvm.DataSnapshotGenerator, class liquibase.snapshot.jvm.ColumnSnapshotGeneratorH2, class liquibase.snapshot.jvm.ColumnSnapshotGeneratorInformix, class liquibase.snapshot.jvm.SchemaSnapshotGenerator, interface liquibase.snapshot.SnapshotGenerator, class liquibase.snapshot.jvm.TableSnapshotGenerator]
2019-09-13 01:22:38.809 DEBUG 4924 --- [           main] l.s.CustomResolverServiceLocator         : liquibase.snapshot.jvm.ViewSnapshotGenerator matches liquibase.snapshot.SnapshotGenerator
2019-09-13 01:22:38.810 DEBUG 4924 --- [           main] l.s.CustomResolverServiceLocator         : liquibase.snapshot.jvm.ColumnSnapshotGenerator matches liquibase.snapshot.SnapshotGenerator
2019-09-13 01:22:38.811 DEBUG 4924 --- [           main] l.s.CustomResolverServiceLocator         : liquibase.snapshot.jvm.ForeignKeySnapshotGenerator matches liquibase.snapshot.SnapshotGenerator
2019-09-13 01:22:38.811 DEBUG 4924 --- [           main] l.s.CustomResolverServiceLocator         : liquibase.snapshot.jvm.ColumnSnapshotGeneratorPostgres matches liquibase.snapshot.SnapshotGenerator
2019-09-13 01:22:38.812 DEBUG 4924 --- [           main] l.s.CustomResolverServiceLocator         : liquibase.snapshot.jvm.SequenceSnapshotGenerator matches liquibase.snapshot.SnapshotGenerator
2019-09-13 01:22:38.812 DEBUG 4924 --- [           main] l.s.CustomResolverServiceLocator         : liquibase.snapshot.jvm.ColumnSnapshotGeneratorOracle matches liquibase.snapshot.SnapshotGenerator
2019-09-13 01:22:38.812 DEBUG 4924 --- [           main] l.s.CustomResolverServiceLocator         : liquibase.snapshot.jvm.PrimaryKeySnapshotGenerator matches liquibase.snapshot.SnapshotGenerator
2019-09-13 01:22:38.812 DEBUG 4924 --- [           main] l.s.CustomResolverServiceLocator         : liquibase.snapshot.jvm.IndexSnapshotGenerator matches liquibase.snapshot.SnapshotGenerator
2019-09-13 01:22:38.813 DEBUG 4924 --- [           main] l.s.CustomResolverServiceLocator         : liquibase.snapshot.jvm.UniqueConstraintSnapshotGenerator matches liquibase.snapshot.SnapshotGenerator
2019-09-13 01:22:38.813 DEBUG 4924 --- [           main] l.s.CustomResolverServiceLocator         : liquibase.snapshot.jvm.CatalogSnapshotGenerator matches liquibase.snapshot.SnapshotGenerator
2019-09-13 01:22:38.813 DEBUG 4924 --- [           main] l.s.CustomResolverServiceLocator         : liquibase.snapshot.jvm.DataSnapshotGenerator matches liquibase.snapshot.SnapshotGenerator
2019-09-13 01:22:38.813 DEBUG 4924 --- [           main] l.s.CustomResolverServiceLocator         : liquibase.snapshot.jvm.ColumnSnapshotGeneratorH2 matches liquibase.snapshot.SnapshotGenerator
2019-09-13 01:22:38.813 DEBUG 4924 --- [           main] l.s.CustomResolverServiceLocator         : liquibase.snapshot.jvm.ColumnSnapshotGeneratorInformix matches liquibase.snapshot.SnapshotGenerator
2019-09-13 01:22:38.814 DEBUG 4924 --- [           main] l.s.CustomResolverServiceLocator         : liquibase.snapshot.jvm.SchemaSnapshotGenerator matches liquibase.snapshot.SnapshotGenerator
2019-09-13 01:22:38.814 DEBUG 4924 --- [           main] l.s.CustomResolverServiceLocator         : liquibase.snapshot.jvm.TableSnapshotGenerator matches liquibase.snapshot.SnapshotGenerator
2019-09-13 01:22:38.818 DEBUG 4924 --- [           main] l.s.CustomResolverServiceLocator         : ServiceLocator.findClasses for liquibase.sqlgenerator.SqlGenerator
2019-09-13 01:22:38.818 DEBUG 4924 --- [           main] l.s.CustomResolverServiceLocator         : ServiceLocator finding classes matching interface liquibase.sqlgenerator.SqlGenerator
2019-09-13 01:22:38.818 DEBUG 4924 --- [           main] o.s.b.l.SpringPackageScanClassResolver   : Searching for implementations of liquibase.sqlgenerator.SqlGenerator in packages: [liquibase.change, liquibase.command, liquibase.changelog, liquibase.database, liquibase.parser, liquibase.precondition, liquibase.datatype, liquibase.serializer, liquibase.sqlgenerator, liquibase.executor, liquibase.snapshot, liquibase.logging, liquibase.diff, liquibase.structure, liquibase.structurecompare, liquibase.lockservice, liquibase.sdk.database, liquibase.ext]
2019-09-13 01:22:38.818 DEBUG 4924 --- [           main] o.s.b.l.SpringPackageScanClassResolver   : Searching for: is assignable to SqlGenerator in package: liquibase/change
2019-09-13 01:22:38.818 DEBUG 4924 --- [           main] o.s.b.l.SpringPackageScanClassResolver   : Searching for: is assignable to SqlGenerator in package: liquibase/command
2019-09-13 01:22:38.818 DEBUG 4924 --- [           main] o.s.b.l.SpringPackageScanClassResolver   : Searching for: is assignable to SqlGenerator in package: liquibase/changelog
2019-09-13 01:22:38.818 DEBUG 4924 --- [           main] o.s.b.l.SpringPackageScanClassResolver   : Searching for: is assignable to SqlGenerator in package: liquibase/database
2019-09-13 01:22:38.818 DEBUG 4924 --- [           main] o.s.b.l.SpringPackageScanClassResolver   : Searching for: is assignable to SqlGenerator in package: liquibase/parser
2019-09-13 01:22:38.818 DEBUG 4924 --- [           main] o.s.b.l.SpringPackageScanClassResolver   : Searching for: is assignable to SqlGenerator in package: liquibase/precondition
2019-09-13 01:22:38.818 DEBUG 4924 --- [           main] o.s.b.l.SpringPackageScanClassResolver   : Searching for: is assignable to SqlGenerator in package: liquibase/datatype
2019-09-13 01:22:38.818 DEBUG 4924 --- [           main] o.s.b.l.SpringPackageScanClassResolver   : Searching for: is assignable to SqlGenerator in package: liquibase/serializer
2019-09-13 01:22:38.819 DEBUG 4924 --- [           main] o.s.b.l.SpringPackageScanClassResolver   : Searching for: is assignable to SqlGenerator in package: liquibase/sqlgenerator
2019-09-13 01:22:38.819 DEBUG 4924 --- [           main] o.s.b.l.SpringPackageScanClassResolver   : Searching for: is assignable to SqlGenerator in package: liquibase/executor
2019-09-13 01:22:38.819 DEBUG 4924 --- [           main] o.s.b.l.SpringPackageScanClassResolver   : Searching for: is assignable to SqlGenerator in package: liquibase/snapshot
2019-09-13 01:22:38.819 DEBUG 4924 --- [           main] o.s.b.l.SpringPackageScanClassResolver   : Searching for: is assignable to SqlGenerator in package: liquibase/logging
2019-09-13 01:22:38.819 DEBUG 4924 --- [           main] o.s.b.l.SpringPackageScanClassResolver   : Searching for: is assignable to SqlGenerator in package: liquibase/diff
2019-09-13 01:22:38.819 DEBUG 4924 --- [           main] o.s.b.l.SpringPackageScanClassResolver   : Searching for: is assignable to SqlGenerator in package: liquibase/structure
2019-09-13 01:22:38.819 DEBUG 4924 --- [           main] o.s.b.l.SpringPackageScanClassResolver   : Searching for: is assignable to SqlGenerator in package: liquibase/structurecompare
2019-09-13 01:22:38.819 DEBUG 4924 --- [           main] o.s.b.l.SpringPackageScanClassResolver   : No classes found in package: liquibase/structurecompare
2019-09-13 01:22:38.819 DEBUG 4924 --- [           main] o.s.b.l.SpringPackageScanClassResolver   : Searching for: is assignable to SqlGenerator in package: liquibase/lockservice
2019-09-13 01:22:38.819 DEBUG 4924 --- [           main] o.s.b.l.SpringPackageScanClassResolver   : Searching for: is assignable to SqlGenerator in package: liquibase/sdk/database
2019-09-13 01:22:38.819 DEBUG 4924 --- [           main] o.s.b.l.SpringPackageScanClassResolver   : Searching for: is assignable to SqlGenerator in package: liquibase/ext
2019-09-13 01:22:38.819 DEBUG 4924 --- [           main] o.s.b.l.SpringPackageScanClassResolver   : No classes found in package: liquibase/ext
2019-09-13 01:22:38.820 DEBUG 4924 --- [           main] o.s.b.l.SpringPackageScanClassResolver   : Found: [class liquibase.sqlgenerator.core.AddColumnGeneratorDefaultClauseBeforeNotNull, class liquibase.sqlgenerator.core.InitializeDatabaseChangeLogLockTableGenerator, class liquibase.sqlgenerator.core.TableRowCountGenerator, class liquibase.sqlgenerator.core.AddColumnGenerator, class liquibase.sqlgenerator.core.AddDefaultValueGeneratorSQLite, class liquibase.sqlgenerator.core.DropDefaultValueGenerator, class liquibase.sqlgenerator.core.ClearDatabaseChangeLogTableGenerator, class liquibase.sqlgenerator.core.CreateViewGenerator, class liquibase.sqlgenerator.core.AddDefaultValueGeneratorOracle, class liquibase.sqlgenerator.core.AddDefaultValueGeneratorMySQL, class liquibase.sqlgenerator.core.RenameColumnGenerator, class liquibase.sqlgenerator.core.InsertOrUpdateGeneratorMySQL, class liquibase.sqlgenerator.core.UpdateGenerator, class liquibase.sqlgenerator.core.AddDefaultValueGeneratorMSSQL, class liquibase.sqlgenerator.core.DropIndexGenerator, interface liquibase.sqlgenerator.SqlGenerator, class liquibase.sqlgenerator.core.RuntimeGenerator, class liquibase.sqlgenerator.core.InsertSetGenerator, class liquibase.sqlgenerator.core.InsertOrUpdateGeneratorInformix, class liquibase.sqlgenerator.core.InsertOrUpdateGeneratorHsql, class liquibase.sqlgenerator.core.DropSequenceGenerator, class liquibase.sqlgenerator.core.InsertOrUpdateGeneratorSybaseASA, class liquibase.sqlgenerator.core.UnlockDatabaseChangeLogGenerator, class liquibase.sqlgenerator.core.InsertOrUpdateGenerator, class liquibase.sqlgenerator.core.AddDefaultValueGeneratorSybaseASA, class liquibase.sqlgenerator.core.InsertDataChangeGenerator, class liquibase.sqlgenerator.core.AddUniqueConstraintGeneratorTDS, class liquibase.sqlgenerator.core.AddAutoIncrementGeneratorSQLite, class liquibase.sqlgenerator.core.CreateIndexGeneratorFirebird, class liquibase.sqlgenerator.core.CreateTableGenerator, class liquibase.sqlgenerator.core.CreateDatabaseChangeLogTableGenerator, class liquibase.sqlgenerator.core.GetViewDefinitionGeneratorDerby, class liquibase.sqlgenerator.core.ModifyDataTypeGenerator, class liquibase.sqlgenerator.core.CreateProcedureGenerator, class liquibase.sqlgenerator.core.UpdateChangeSetChecksumGenerator, class liquibase.sqlgenerator.core.AddPrimaryKeyGenerator, class liquibase.sqlgenerator.core.DropForeignKeyConstraintGenerator, class liquibase.sqlgenerator.core.GetViewDefinitionGeneratorHsql, class liquibase.sqlgenerator.core.AddColumnGeneratorSQLite, class liquibase.sqlgenerator.core.LockDatabaseChangeLogGenerator, class liquibase.sqlgenerator.core.AddAutoIncrementGeneratorMySQL, class liquibase.sqlgenerator.core.InsertGenerator, class liquibase.sqlgenerator.core.DropViewGenerator, class liquibase.sqlgenerator.core.CreateDatabaseChangeLogLockTableGenerator, class liquibase.sqlgenerator.core.AddDefaultValueGeneratorSybase, class liquibase.sqlgenerator.core.AddDefaultValueGeneratorInformix, class liquibase.sqlgenerator.core.CreateIndexGeneratorPostgres, class liquibase.sqlgenerator.core.AddAutoIncrementGeneratorHsqlH2, class liquibase.sqlgenerator.core.RenameViewGenerator, class liquibase.sqlgenerator.core.TagDatabaseGenerator, class liquibase.sqlgenerator.core.GetViewDefinitionGeneratorOracle, class liquibase.sqlgenerator.core.GetViewDefinitionGenerator, class liquibase.sqlgenerator.core.ReorganizeTableGeneratorDB2, class liquibase.sqlgenerator.core.DropUniqueConstraintGenerator, class liquibase.sqlgenerator.core.ReindexGeneratorSQLite, class liquibase.sqlgenerator.core.InsertOrUpdateGeneratorSQLite, class liquibase.sqlgenerator.core.CreateTableGeneratorInformix, class liquibase.sqlgenerator.core.AddUniqueConstraintGeneratorInformix, class liquibase.sqlgenerator.core.RawSqlGenerator, class liquibase.sqlgenerator.core.UpdateDataChangeGenerator, class liquibase.sqlgenerator.core.RenameTableGenerator, class liquibase.sqlgenerator.core.InsertOrUpdateGeneratorOracle, class liquibase.sqlgenerator.core.GetViewDefinitionGeneratorMSSQL, class liquibase.sqlgenerator.core.MarkChangeSetRanGenerator, class liquibase.sqlgenerator.core.SetTableRemarksGenerator, class liquibase.sqlgenerator.core.SelectFromDatabaseChangeLogGenerator, class liquibase.sqlgenerator.core.StoredProcedureGenerator, class liquibase.sqlgenerator.core.AddDefaultValueGenerator, class liquibase.sqlgenerator.core.GetViewDefinitionGeneratorSybase, class liquibase.sqlgenerator.core.CreateDatabaseChangeLogTableGeneratorSybase, class liquibase.sqlgenerator.core.GetViewDefinitionGeneratorSybaseASA, class liquibase.sqlgenerator.core.AddDefaultValueGeneratorPostgres, class liquibase.sqlgenerator.core.BatchDmlExecutablePreparedStatementGenerator, class liquibase.sqlgenerator.core.AbstractSqlGenerator, class liquibase.sqlgenerator.core.CommentGenerator, class liquibase.sqlgenerator.core.CopyRowsGenerator, class liquibase.sqlgenerator.core.AddUniqueConstraintGenerator, class liquibase.sqlgenerator.core.InsertOrUpdateGeneratorMSSQL, class liquibase.sqlgenerator.core.AddForeignKeyConstraintGenerator, class liquibase.sqlgenerator.core.GetViewDefinitionGeneratorPostgres, class liquibase.sqlgenerator.core.DropTableGenerator, class liquibase.sqlgenerator.core.InsertOrUpdateGeneratorPostgres, class liquibase.sqlgenerator.core.CreateIndexGenerator, class liquibase.sqlgenerator.core.GetViewDefinitionGeneratorInformix, class liquibase.sqlgenerator.core.AddAutoIncrementGeneratorDB2, class liquibase.sqlgenerator.core.DropPrimaryKeyGenerator, class liquibase.sqlgenerator.core.InsertOrUpdateGeneratorH2, class liquibase.sqlgenerator.core.AddAutoIncrementGenerator, class liquibase.sqlgenerator.core.AddAutoIncrementGeneratorInformix, class liquibase.sqlgenerator.core.DropProcedureGenerator, class liquibase.sqlgenerator.core.RemoveChangeSetRanStatusGenerator, class liquibase.sqlgenerator.core.AddPrimaryKeyGeneratorInformix, class liquibase.sqlgenerator.core.CreateSequenceGenerator, class liquibase.sqlgenerator.core.GetNextChangeSetSequenceValueGenerator, class liquibase.sqlgenerator.core.RenameSequenceGenerator, class liquibase.sqlgenerator.core.SetColumnRemarksGenerator, class liquibase.sqlgenerator.core.GetViewDefinitionGeneratorDB2, class liquibase.sqlgenerator.core.DropColumnGenerator, class liquibase.sqlgenerator.core.GetViewDefinitionGeneratorFirebird, class liquibase.sqlgenerator.core.SetNullableGenerator, class liquibase.sqlgenerator.core.AddDefaultValueGeneratorDerby, class liquibase.sqlgenerator.core.DeleteGenerator, class liquibase.sqlgenerator.core.InsertOrUpdateGeneratorDB2, class liquibase.sqlgenerator.core.AlterSequenceGenerator, class liquibase.sqlgenerator.core.CreateViewGeneratorInformix, class liquibase.sqlgenerator.core.SelectFromDatabaseChangeLogLockGenerator]
2019-09-13 01:22:38.820 DEBUG 4924 --- [           main] l.s.CustomResolverServiceLocator         : liquibase.sqlgenerator.core.AddColumnGeneratorDefaultClauseBeforeNotNull matches liquibase.sqlgenerator.SqlGenerator
2019-09-13 01:22:38.820 DEBUG 4924 --- [           main] l.s.CustomResolverServiceLocator         : liquibase.sqlgenerator.core.InitializeDatabaseChangeLogLockTableGenerator matches liquibase.sqlgenerator.SqlGenerator
2019-09-13 01:22:38.820 DEBUG 4924 --- [           main] l.s.CustomResolverServiceLocator         : liquibase.sqlgenerator.core.TableRowCountGenerator matches liquibase.sqlgenerator.SqlGenerator
2019-09-13 01:22:38.821 DEBUG 4924 --- [           main] l.s.CustomResolverServiceLocator         : liquibase.sqlgenerator.core.AddColumnGenerator matches liquibase.sqlgenerator.SqlGenerator
2019-09-13 01:22:38.821 DEBUG 4924 --- [           main] l.s.CustomResolverServiceLocator         : liquibase.sqlgenerator.core.AddDefaultValueGeneratorSQLite matches liquibase.sqlgenerator.SqlGenerator
2019-09-13 01:22:38.821 DEBUG 4924 --- [           main] l.s.CustomResolverServiceLocator         : liquibase.sqlgenerator.core.DropDefaultValueGenerator matches liquibase.sqlgenerator.SqlGenerator
2019-09-13 01:22:38.821 DEBUG 4924 --- [           main] l.s.CustomResolverServiceLocator         : liquibase.sqlgenerator.core.ClearDatabaseChangeLogTableGenerator matches liquibase.sqlgenerator.SqlGenerator
2019-09-13 01:22:38.821 DEBUG 4924 --- [           main] l.s.CustomResolverServiceLocator         : liquibase.sqlgenerator.core.CreateViewGenerator matches liquibase.sqlgenerator.SqlGenerator
2019-09-13 01:22:38.822 DEBUG 4924 --- [           main] l.s.CustomResolverServiceLocator         : liquibase.sqlgenerator.core.AddDefaultValueGeneratorOracle matches liquibase.sqlgenerator.SqlGenerator
2019-09-13 01:22:38.822 DEBUG 4924 --- [           main] l.s.CustomResolverServiceLocator         : liquibase.sqlgenerator.core.AddDefaultValueGeneratorMySQL matches liquibase.sqlgenerator.SqlGenerator
2019-09-13 01:22:38.822 DEBUG 4924 --- [           main] l.s.CustomResolverServiceLocator         : liquibase.sqlgenerator.core.RenameColumnGenerator matches liquibase.sqlgenerator.SqlGenerator
2019-09-13 01:22:38.823 DEBUG 4924 --- [           main] l.s.CustomResolverServiceLocator         : liquibase.sqlgenerator.core.InsertOrUpdateGeneratorMySQL matches liquibase.sqlgenerator.SqlGenerator
2019-09-13 01:22:38.823 DEBUG 4924 --- [           main] l.s.CustomResolverServiceLocator         : liquibase.sqlgenerator.core.UpdateGenerator matches liquibase.sqlgenerator.SqlGenerator
2019-09-13 01:22:38.824 DEBUG 4924 --- [           main] l.s.CustomResolverServiceLocator         : liquibase.sqlgenerator.core.AddDefaultValueGeneratorMSSQL matches liquibase.sqlgenerator.SqlGenerator
2019-09-13 01:22:38.824 DEBUG 4924 --- [           main] l.s.CustomResolverServiceLocator         : liquibase.sqlgenerator.core.DropIndexGenerator matches liquibase.sqlgenerator.SqlGenerator
2019-09-13 01:22:38.824 DEBUG 4924 --- [           main] l.s.CustomResolverServiceLocator         : liquibase.sqlgenerator.core.RuntimeGenerator matches liquibase.sqlgenerator.SqlGenerator
2019-09-13 01:22:38.826 DEBUG 4924 --- [           main] l.s.CustomResolverServiceLocator         : liquibase.sqlgenerator.core.InsertSetGenerator matches liquibase.sqlgenerator.SqlGenerator
2019-09-13 01:22:38.826 DEBUG 4924 --- [           main] l.s.CustomResolverServiceLocator         : liquibase.sqlgenerator.core.InsertOrUpdateGeneratorInformix matches liquibase.sqlgenerator.SqlGenerator
2019-09-13 01:22:38.826 DEBUG 4924 --- [           main] l.s.CustomResolverServiceLocator         : liquibase.sqlgenerator.core.InsertOrUpdateGeneratorHsql matches liquibase.sqlgenerator.SqlGenerator
2019-09-13 01:22:38.826 DEBUG 4924 --- [           main] l.s.CustomResolverServiceLocator         : liquibase.sqlgenerator.core.DropSequenceGenerator matches liquibase.sqlgenerator.SqlGenerator
2019-09-13 01:22:38.826 DEBUG 4924 --- [           main] l.s.CustomResolverServiceLocator         : liquibase.sqlgenerator.core.InsertOrUpdateGeneratorSybaseASA matches liquibase.sqlgenerator.SqlGenerator
2019-09-13 01:22:38.826 DEBUG 4924 --- [           main] l.s.CustomResolverServiceLocator         : liquibase.sqlgenerator.core.UnlockDatabaseChangeLogGenerator matches liquibase.sqlgenerator.SqlGenerator
2019-09-13 01:22:38.827 DEBUG 4924 --- [           main] l.s.CustomResolverServiceLocator         : liquibase.sqlgenerator.core.AddDefaultValueGeneratorSybaseASA matches liquibase.sqlgenerator.SqlGenerator
2019-09-13 01:22:38.827 DEBUG 4924 --- [           main] l.s.CustomResolverServiceLocator         : liquibase.sqlgenerator.core.InsertDataChangeGenerator matches liquibase.sqlgenerator.SqlGenerator
2019-09-13 01:22:38.827 DEBUG 4924 --- [           main] l.s.CustomResolverServiceLocator         : liquibase.sqlgenerator.core.AddUniqueConstraintGeneratorTDS matches liquibase.sqlgenerator.SqlGenerator
2019-09-13 01:22:38.827 DEBUG 4924 --- [           main] l.s.CustomResolverServiceLocator         : liquibase.sqlgenerator.core.AddAutoIncrementGeneratorSQLite matches liquibase.sqlgenerator.SqlGenerator
2019-09-13 01:22:38.828 DEBUG 4924 --- [           main] l.s.CustomResolverServiceLocator         : liquibase.sqlgenerator.core.CreateIndexGeneratorFirebird matches liquibase.sqlgenerator.SqlGenerator
2019-09-13 01:22:38.829 DEBUG 4924 --- [           main] l.s.CustomResolverServiceLocator         : liquibase.sqlgenerator.core.CreateTableGenerator matches liquibase.sqlgenerator.SqlGenerator
2019-09-13 01:22:38.829 DEBUG 4924 --- [           main] l.s.CustomResolverServiceLocator         : liquibase.sqlgenerator.core.CreateDatabaseChangeLogTableGenerator matches liquibase.sqlgenerator.SqlGenerator
2019-09-13 01:22:38.829 DEBUG 4924 --- [           main] l.s.CustomResolverServiceLocator         : liquibase.sqlgenerator.core.GetViewDefinitionGeneratorDerby matches liquibase.sqlgenerator.SqlGenerator
2019-09-13 01:22:38.829 DEBUG 4924 --- [           main] l.s.CustomResolverServiceLocator         : liquibase.sqlgenerator.core.ModifyDataTypeGenerator matches liquibase.sqlgenerator.SqlGenerator
2019-09-13 01:22:38.830 DEBUG 4924 --- [           main] l.s.CustomResolverServiceLocator         : liquibase.sqlgenerator.core.CreateProcedureGenerator matches liquibase.sqlgenerator.SqlGenerator
2019-09-13 01:22:38.830 DEBUG 4924 --- [           main] l.s.CustomResolverServiceLocator         : liquibase.sqlgenerator.core.UpdateChangeSetChecksumGenerator matches liquibase.sqlgenerator.SqlGenerator
2019-09-13 01:22:38.830 DEBUG 4924 --- [           main] l.s.CustomResolverServiceLocator         : liquibase.sqlgenerator.core.AddPrimaryKeyGenerator matches liquibase.sqlgenerator.SqlGenerator
2019-09-13 01:22:38.830 DEBUG 4924 --- [           main] l.s.CustomResolverServiceLocator         : liquibase.sqlgenerator.core.DropForeignKeyConstraintGenerator matches liquibase.sqlgenerator.SqlGenerator
2019-09-13 01:22:38.830 DEBUG 4924 --- [           main] l.s.CustomResolverServiceLocator         : liquibase.sqlgenerator.core.GetViewDefinitionGeneratorHsql matches liquibase.sqlgenerator.SqlGenerator
2019-09-13 01:22:38.830 DEBUG 4924 --- [           main] l.s.CustomResolverServiceLocator         : liquibase.sqlgenerator.core.AddColumnGeneratorSQLite matches liquibase.sqlgenerator.SqlGenerator
2019-09-13 01:22:38.830 DEBUG 4924 --- [           main] l.s.CustomResolverServiceLocator         : liquibase.sqlgenerator.core.LockDatabaseChangeLogGenerator matches liquibase.sqlgenerator.SqlGenerator
2019-09-13 01:22:38.831 DEBUG 4924 --- [           main] l.s.CustomResolverServiceLocator         : liquibase.sqlgenerator.core.AddAutoIncrementGeneratorMySQL matches liquibase.sqlgenerator.SqlGenerator
2019-09-13 01:22:38.831 DEBUG 4924 --- [           main] l.s.CustomResolverServiceLocator         : liquibase.sqlgenerator.core.InsertGenerator matches liquibase.sqlgenerator.SqlGenerator
2019-09-13 01:22:38.831 DEBUG 4924 --- [           main] l.s.CustomResolverServiceLocator         : liquibase.sqlgenerator.core.DropViewGenerator matches liquibase.sqlgenerator.SqlGenerator
2019-09-13 01:22:38.831 DEBUG 4924 --- [           main] l.s.CustomResolverServiceLocator         : liquibase.sqlgenerator.core.CreateDatabaseChangeLogLockTableGenerator matches liquibase.sqlgenerator.SqlGenerator
2019-09-13 01:22:38.831 DEBUG 4924 --- [           main] l.s.CustomResolverServiceLocator         : liquibase.sqlgenerator.core.AddDefaultValueGeneratorSybase matches liquibase.sqlgenerator.SqlGenerator
2019-09-13 01:22:38.831 DEBUG 4924 --- [           main] l.s.CustomResolverServiceLocator         : liquibase.sqlgenerator.core.AddDefaultValueGeneratorInformix matches liquibase.sqlgenerator.SqlGenerator
2019-09-13 01:22:38.832 DEBUG 4924 --- [           main] l.s.CustomResolverServiceLocator         : liquibase.sqlgenerator.core.CreateIndexGeneratorPostgres matches liquibase.sqlgenerator.SqlGenerator
2019-09-13 01:22:38.832 DEBUG 4924 --- [           main] l.s.CustomResolverServiceLocator         : liquibase.sqlgenerator.core.AddAutoIncrementGeneratorHsqlH2 matches liquibase.sqlgenerator.SqlGenerator
2019-09-13 01:22:38.832 DEBUG 4924 --- [           main] l.s.CustomResolverServiceLocator         : liquibase.sqlgenerator.core.RenameViewGenerator matches liquibase.sqlgenerator.SqlGenerator
2019-09-13 01:22:38.832 DEBUG 4924 --- [           main] l.s.CustomResolverServiceLocator         : liquibase.sqlgenerator.core.TagDatabaseGenerator matches liquibase.sqlgenerator.SqlGenerator
2019-09-13 01:22:38.832 DEBUG 4924 --- [           main] l.s.CustomResolverServiceLocator         : liquibase.sqlgenerator.core.GetViewDefinitionGeneratorOracle matches liquibase.sqlgenerator.SqlGenerator
2019-09-13 01:22:38.832 DEBUG 4924 --- [           main] l.s.CustomResolverServiceLocator         : liquibase.sqlgenerator.core.GetViewDefinitionGenerator matches liquibase.sqlgenerator.SqlGenerator
2019-09-13 01:22:38.832 DEBUG 4924 --- [           main] l.s.CustomResolverServiceLocator         : liquibase.sqlgenerator.core.ReorganizeTableGeneratorDB2 matches liquibase.sqlgenerator.SqlGenerator
2019-09-13 01:22:38.833 DEBUG 4924 --- [           main] l.s.CustomResolverServiceLocator         : liquibase.sqlgenerator.core.DropUniqueConstraintGenerator matches liquibase.sqlgenerator.SqlGenerator
2019-09-13 01:22:38.833 DEBUG 4924 --- [           main] l.s.CustomResolverServiceLocator         : liquibase.sqlgenerator.core.ReindexGeneratorSQLite matches liquibase.sqlgenerator.SqlGenerator
2019-09-13 01:22:38.833 DEBUG 4924 --- [           main] l.s.CustomResolverServiceLocator         : liquibase.sqlgenerator.core.InsertOrUpdateGeneratorSQLite matches liquibase.sqlgenerator.SqlGenerator
2019-09-13 01:22:38.833 DEBUG 4924 --- [           main] l.s.CustomResolverServiceLocator         : liquibase.sqlgenerator.core.CreateTableGeneratorInformix matches liquibase.sqlgenerator.SqlGenerator
2019-09-13 01:22:38.833 DEBUG 4924 --- [           main] l.s.CustomResolverServiceLocator         : liquibase.sqlgenerator.core.AddUniqueConstraintGeneratorInformix matches liquibase.sqlgenerator.SqlGenerator
2019-09-13 01:22:38.833 DEBUG 4924 --- [           main] l.s.CustomResolverServiceLocator         : liquibase.sqlgenerator.core.RawSqlGenerator matches liquibase.sqlgenerator.SqlGenerator
2019-09-13 01:22:38.833 DEBUG 4924 --- [           main] l.s.CustomResolverServiceLocator         : liquibase.sqlgenerator.core.UpdateDataChangeGenerator matches liquibase.sqlgenerator.SqlGenerator
2019-09-13 01:22:38.834 DEBUG 4924 --- [           main] l.s.CustomResolverServiceLocator         : liquibase.sqlgenerator.core.RenameTableGenerator matches liquibase.sqlgenerator.SqlGenerator
2019-09-13 01:22:38.834 DEBUG 4924 --- [           main] l.s.CustomResolverServiceLocator         : liquibase.sqlgenerator.core.InsertOrUpdateGeneratorOracle matches liquibase.sqlgenerator.SqlGenerator
2019-09-13 01:22:38.834 DEBUG 4924 --- [           main] l.s.CustomResolverServiceLocator         : liquibase.sqlgenerator.core.GetViewDefinitionGeneratorMSSQL matches liquibase.sqlgenerator.SqlGenerator
2019-09-13 01:22:38.834 DEBUG 4924 --- [           main] l.s.CustomResolverServiceLocator         : liquibase.sqlgenerator.core.MarkChangeSetRanGenerator matches liquibase.sqlgenerator.SqlGenerator
2019-09-13 01:22:38.834 DEBUG 4924 --- [           main] l.s.CustomResolverServiceLocator         : liquibase.sqlgenerator.core.SetTableRemarksGenerator matches liquibase.sqlgenerator.SqlGenerator
2019-09-13 01:22:38.835 DEBUG 4924 --- [           main] l.s.CustomResolverServiceLocator         : liquibase.sqlgenerator.core.SelectFromDatabaseChangeLogGenerator matches liquibase.sqlgenerator.SqlGenerator
2019-09-13 01:22:38.835 DEBUG 4924 --- [           main] l.s.CustomResolverServiceLocator         : liquibase.sqlgenerator.core.StoredProcedureGenerator matches liquibase.sqlgenerator.SqlGenerator
2019-09-13 01:22:38.835 DEBUG 4924 --- [           main] l.s.CustomResolverServiceLocator         : liquibase.sqlgenerator.core.AddDefaultValueGenerator matches liquibase.sqlgenerator.SqlGenerator
2019-09-13 01:22:38.835 DEBUG 4924 --- [           main] l.s.CustomResolverServiceLocator         : liquibase.sqlgenerator.core.GetViewDefinitionGeneratorSybase matches liquibase.sqlgenerator.SqlGenerator
2019-09-13 01:22:38.835 DEBUG 4924 --- [           main] l.s.CustomResolverServiceLocator         : liquibase.sqlgenerator.core.CreateDatabaseChangeLogTableGeneratorSybase matches liquibase.sqlgenerator.SqlGenerator
2019-09-13 01:22:38.835 DEBUG 4924 --- [           main] l.s.CustomResolverServiceLocator         : liquibase.sqlgenerator.core.GetViewDefinitionGeneratorSybaseASA matches liquibase.sqlgenerator.SqlGenerator
2019-09-13 01:22:38.836 DEBUG 4924 --- [           main] l.s.CustomResolverServiceLocator         : liquibase.sqlgenerator.core.AddDefaultValueGeneratorPostgres matches liquibase.sqlgenerator.SqlGenerator
2019-09-13 01:22:38.836 DEBUG 4924 --- [           main] l.s.CustomResolverServiceLocator         : liquibase.sqlgenerator.core.BatchDmlExecutablePreparedStatementGenerator matches liquibase.sqlgenerator.SqlGenerator
2019-09-13 01:22:38.836 DEBUG 4924 --- [           main] l.s.CustomResolverServiceLocator         : liquibase.sqlgenerator.core.CommentGenerator matches liquibase.sqlgenerator.SqlGenerator
2019-09-13 01:22:38.836 DEBUG 4924 --- [           main] l.s.CustomResolverServiceLocator         : liquibase.sqlgenerator.core.CopyRowsGenerator matches liquibase.sqlgenerator.SqlGenerator
2019-09-13 01:22:38.836 DEBUG 4924 --- [           main] l.s.CustomResolverServiceLocator         : liquibase.sqlgenerator.core.AddUniqueConstraintGenerator matches liquibase.sqlgenerator.SqlGenerator
2019-09-13 01:22:38.837 DEBUG 4924 --- [           main] l.s.CustomResolverServiceLocator         : liquibase.sqlgenerator.core.InsertOrUpdateGeneratorMSSQL matches liquibase.sqlgenerator.SqlGenerator
2019-09-13 01:22:38.837 DEBUG 4924 --- [           main] l.s.CustomResolverServiceLocator         : liquibase.sqlgenerator.core.AddForeignKeyConstraintGenerator matches liquibase.sqlgenerator.SqlGenerator
2019-09-13 01:22:38.837 DEBUG 4924 --- [           main] l.s.CustomResolverServiceLocator         : liquibase.sqlgenerator.core.GetViewDefinitionGeneratorPostgres matches liquibase.sqlgenerator.SqlGenerator
2019-09-13 01:22:38.837 DEBUG 4924 --- [           main] l.s.CustomResolverServiceLocator         : liquibase.sqlgenerator.core.DropTableGenerator matches liquibase.sqlgenerator.SqlGenerator
2019-09-13 01:22:38.837 DEBUG 4924 --- [           main] l.s.CustomResolverServiceLocator         : liquibase.sqlgenerator.core.InsertOrUpdateGeneratorPostgres matches liquibase.sqlgenerator.SqlGenerator
2019-09-13 01:22:38.837 DEBUG 4924 --- [           main] l.s.CustomResolverServiceLocator         : liquibase.sqlgenerator.core.CreateIndexGenerator matches liquibase.sqlgenerator.SqlGenerator
2019-09-13 01:22:38.837 DEBUG 4924 --- [           main] l.s.CustomResolverServiceLocator         : liquibase.sqlgenerator.core.GetViewDefinitionGeneratorInformix matches liquibase.sqlgenerator.SqlGenerator
2019-09-13 01:22:38.837 DEBUG 4924 --- [           main] l.s.CustomResolverServiceLocator         : liquibase.sqlgenerator.core.AddAutoIncrementGeneratorDB2 matches liquibase.sqlgenerator.SqlGenerator
2019-09-13 01:22:38.838 DEBUG 4924 --- [           main] l.s.CustomResolverServiceLocator         : liquibase.sqlgenerator.core.DropPrimaryKeyGenerator matches liquibase.sqlgenerator.SqlGenerator
2019-09-13 01:22:38.838 DEBUG 4924 --- [           main] l.s.CustomResolverServiceLocator         : liquibase.sqlgenerator.core.InsertOrUpdateGeneratorH2 matches liquibase.sqlgenerator.SqlGenerator
2019-09-13 01:22:38.838 DEBUG 4924 --- [           main] l.s.CustomResolverServiceLocator         : liquibase.sqlgenerator.core.AddAutoIncrementGenerator matches liquibase.sqlgenerator.SqlGenerator
2019-09-13 01:22:38.838 DEBUG 4924 --- [           main] l.s.CustomResolverServiceLocator         : liquibase.sqlgenerator.core.AddAutoIncrementGeneratorInformix matches liquibase.sqlgenerator.SqlGenerator
2019-09-13 01:22:38.838 DEBUG 4924 --- [           main] l.s.CustomResolverServiceLocator         : liquibase.sqlgenerator.core.DropProcedureGenerator matches liquibase.sqlgenerator.SqlGenerator
2019-09-13 01:22:38.838 DEBUG 4924 --- [           main] l.s.CustomResolverServiceLocator         : liquibase.sqlgenerator.core.RemoveChangeSetRanStatusGenerator matches liquibase.sqlgenerator.SqlGenerator
2019-09-13 01:22:38.839 DEBUG 4924 --- [           main] l.s.CustomResolverServiceLocator         : liquibase.sqlgenerator.core.AddPrimaryKeyGeneratorInformix matches liquibase.sqlgenerator.SqlGenerator
2019-09-13 01:22:38.839 DEBUG 4924 --- [           main] l.s.CustomResolverServiceLocator         : liquibase.sqlgenerator.core.CreateSequenceGenerator matches liquibase.sqlgenerator.SqlGenerator
2019-09-13 01:22:38.839 DEBUG 4924 --- [           main] l.s.CustomResolverServiceLocator         : liquibase.sqlgenerator.core.GetNextChangeSetSequenceValueGenerator matches liquibase.sqlgenerator.SqlGenerator
2019-09-13 01:22:38.839 DEBUG 4924 --- [           main] l.s.CustomResolverServiceLocator         : liquibase.sqlgenerator.core.RenameSequenceGenerator matches liquibase.sqlgenerator.SqlGenerator
2019-09-13 01:22:38.839 DEBUG 4924 --- [           main] l.s.CustomResolverServiceLocator         : liquibase.sqlgenerator.core.SetColumnRemarksGenerator matches liquibase.sqlgenerator.SqlGenerator
2019-09-13 01:22:38.839 DEBUG 4924 --- [           main] l.s.CustomResolverServiceLocator         : liquibase.sqlgenerator.core.GetViewDefinitionGeneratorDB2 matches liquibase.sqlgenerator.SqlGenerator
2019-09-13 01:22:38.840 DEBUG 4924 --- [           main] l.s.CustomResolverServiceLocator         : liquibase.sqlgenerator.core.DropColumnGenerator matches liquibase.sqlgenerator.SqlGenerator
2019-09-13 01:22:38.840 DEBUG 4924 --- [           main] l.s.CustomResolverServiceLocator         : liquibase.sqlgenerator.core.GetViewDefinitionGeneratorFirebird matches liquibase.sqlgenerator.SqlGenerator
2019-09-13 01:22:38.840 DEBUG 4924 --- [           main] l.s.CustomResolverServiceLocator         : liquibase.sqlgenerator.core.SetNullableGenerator matches liquibase.sqlgenerator.SqlGenerator
2019-09-13 01:22:38.841 DEBUG 4924 --- [           main] l.s.CustomResolverServiceLocator         : liquibase.sqlgenerator.core.AddDefaultValueGeneratorDerby matches liquibase.sqlgenerator.SqlGenerator
2019-09-13 01:22:38.841 DEBUG 4924 --- [           main] l.s.CustomResolverServiceLocator         : liquibase.sqlgenerator.core.DeleteGenerator matches liquibase.sqlgenerator.SqlGenerator
2019-09-13 01:22:38.841 DEBUG 4924 --- [           main] l.s.CustomResolverServiceLocator         : liquibase.sqlgenerator.core.InsertOrUpdateGeneratorDB2 matches liquibase.sqlgenerator.SqlGenerator
2019-09-13 01:22:38.841 DEBUG 4924 --- [           main] l.s.CustomResolverServiceLocator         : liquibase.sqlgenerator.core.AlterSequenceGenerator matches liquibase.sqlgenerator.SqlGenerator
2019-09-13 01:22:38.841 DEBUG 4924 --- [           main] l.s.CustomResolverServiceLocator         : liquibase.sqlgenerator.core.CreateViewGeneratorInformix matches liquibase.sqlgenerator.SqlGenerator
2019-09-13 01:22:38.841 DEBUG 4924 --- [           main] l.s.CustomResolverServiceLocator         : liquibase.sqlgenerator.core.SelectFromDatabaseChangeLogLockGenerator matches liquibase.sqlgenerator.SqlGenerator
2019-09-13 01:22:38.887  INFO 4924 --- [           main] liquibase.executor.jvm.JdbcExecutor      : SELECT COUNT(*) FROM PUBLIC.DATABASECHANGELOGLOCK
2019-09-13 01:22:38.889 DEBUG 4924 --- [           main] liquibase.executor.jvm.JdbcExecutor      : Create Database Lock Table
2019-09-13 01:22:38.891 DEBUG 4924 --- [           main] l.s.CustomResolverServiceLocator         : ServiceLocator.findClasses for liquibase.datatype.LiquibaseDataType
2019-09-13 01:22:38.891 DEBUG 4924 --- [           main] l.s.CustomResolverServiceLocator         : ServiceLocator finding classes matching interface liquibase.datatype.LiquibaseDataType
2019-09-13 01:22:38.891 DEBUG 4924 --- [           main] o.s.b.l.SpringPackageScanClassResolver   : Searching for implementations of liquibase.datatype.LiquibaseDataType in packages: [liquibase.change, liquibase.command, liquibase.changelog, liquibase.database, liquibase.parser, liquibase.precondition, liquibase.datatype, liquibase.serializer, liquibase.sqlgenerator, liquibase.executor, liquibase.snapshot, liquibase.logging, liquibase.diff, liquibase.structure, liquibase.structurecompare, liquibase.lockservice, liquibase.sdk.database, liquibase.ext]
2019-09-13 01:22:38.891 DEBUG 4924 --- [           main] o.s.b.l.SpringPackageScanClassResolver   : Searching for: is assignable to LiquibaseDataType in package: liquibase/change
2019-09-13 01:22:38.891 DEBUG 4924 --- [           main] o.s.b.l.SpringPackageScanClassResolver   : Searching for: is assignable to LiquibaseDataType in package: liquibase/command
2019-09-13 01:22:38.891 DEBUG 4924 --- [           main] o.s.b.l.SpringPackageScanClassResolver   : Searching for: is assignable to LiquibaseDataType in package: liquibase/changelog
2019-09-13 01:22:38.892 DEBUG 4924 --- [           main] o.s.b.l.SpringPackageScanClassResolver   : Searching for: is assignable to LiquibaseDataType in package: liquibase/database
2019-09-13 01:22:38.892 DEBUG 4924 --- [           main] o.s.b.l.SpringPackageScanClassResolver   : Searching for: is assignable to LiquibaseDataType in package: liquibase/parser
2019-09-13 01:22:38.892 DEBUG 4924 --- [           main] o.s.b.l.SpringPackageScanClassResolver   : Searching for: is assignable to LiquibaseDataType in package: liquibase/precondition
2019-09-13 01:22:38.892 DEBUG 4924 --- [           main] o.s.b.l.SpringPackageScanClassResolver   : Searching for: is assignable to LiquibaseDataType in package: liquibase/datatype
2019-09-13 01:22:38.892 DEBUG 4924 --- [           main] o.s.b.l.SpringPackageScanClassResolver   : Searching for: is assignable to LiquibaseDataType in package: liquibase/serializer
2019-09-13 01:22:38.892 DEBUG 4924 --- [           main] o.s.b.l.SpringPackageScanClassResolver   : Searching for: is assignable to LiquibaseDataType in package: liquibase/sqlgenerator
2019-09-13 01:22:38.892 DEBUG 4924 --- [           main] o.s.b.l.SpringPackageScanClassResolver   : Searching for: is assignable to LiquibaseDataType in package: liquibase/executor
2019-09-13 01:22:38.894 DEBUG 4924 --- [           main] o.s.b.l.SpringPackageScanClassResolver   : Searching for: is assignable to LiquibaseDataType in package: liquibase/snapshot
2019-09-13 01:22:38.894 DEBUG 4924 --- [           main] o.s.b.l.SpringPackageScanClassResolver   : Searching for: is assignable to LiquibaseDataType in package: liquibase/logging
2019-09-13 01:22:38.894 DEBUG 4924 --- [           main] o.s.b.l.SpringPackageScanClassResolver   : Searching for: is assignable to LiquibaseDataType in package: liquibase/diff
2019-09-13 01:22:38.894 DEBUG 4924 --- [           main] o.s.b.l.SpringPackageScanClassResolver   : Searching for: is assignable to LiquibaseDataType in package: liquibase/structure
2019-09-13 01:22:38.894 DEBUG 4924 --- [           main] o.s.b.l.SpringPackageScanClassResolver   : Searching for: is assignable to LiquibaseDataType in package: liquibase/structurecompare
2019-09-13 01:22:38.894 DEBUG 4924 --- [           main] o.s.b.l.SpringPackageScanClassResolver   : No classes found in package: liquibase/structurecompare
2019-09-13 01:22:38.895 DEBUG 4924 --- [           main] o.s.b.l.SpringPackageScanClassResolver   : Searching for: is assignable to LiquibaseDataType in package: liquibase/lockservice
2019-09-13 01:22:38.895 DEBUG 4924 --- [           main] o.s.b.l.SpringPackageScanClassResolver   : Searching for: is assignable to LiquibaseDataType in package: liquibase/sdk/database
2019-09-13 01:22:38.895 DEBUG 4924 --- [           main] o.s.b.l.SpringPackageScanClassResolver   : Searching for: is assignable to LiquibaseDataType in package: liquibase/ext
2019-09-13 01:22:38.895 DEBUG 4924 --- [           main] o.s.b.l.SpringPackageScanClassResolver   : No classes found in package: liquibase/ext
2019-09-13 01:22:38.895 DEBUG 4924 --- [           main] o.s.b.l.SpringPackageScanClassResolver   : Found: [class liquibase.datatype.core.FloatType, class liquibase.datatype.core.NumberType, class liquibase.datatype.core.XMLType, class liquibase.datatype.core.ClobType, class liquibase.datatype.core.UUIDType, class liquibase.datatype.core.VarcharType, class liquibase.datatype.LiquibaseDataType, class liquibase.datatype.core.DecimalType, class liquibase.datatype.core.BooleanType, class liquibase.datatype.core.CharType, class liquibase.datatype.core.BigIntType, class liquibase.datatype.core.IntType, class liquibase.datatype.core.NVarcharType, class liquibase.datatype.core.DatabaseFunctionType, class liquibase.datatype.core.DoubleType, class liquibase.datatype.core.DateTimeType, class liquibase.datatype.core.CurrencyType, class liquibase.datatype.core.MediumIntType, class liquibase.datatype.core.TimestampType, class liquibase.datatype.core.BlobType, class liquibase.datatype.core.TinyIntType, class liquibase.datatype.core.NCharType, class liquibase.datatype.core.SmallIntType, class liquibase.datatype.core.DateType, class liquibase.datatype.core.UnknownType, class liquibase.datatype.core.TimeType]
2019-09-13 01:22:38.897 DEBUG 4924 --- [           main] l.s.CustomResolverServiceLocator         : liquibase.datatype.core.FloatType matches liquibase.datatype.LiquibaseDataType
2019-09-13 01:22:38.897 DEBUG 4924 --- [           main] l.s.CustomResolverServiceLocator         : liquibase.datatype.core.NumberType matches liquibase.datatype.LiquibaseDataType
2019-09-13 01:22:38.897 DEBUG 4924 --- [           main] l.s.CustomResolverServiceLocator         : liquibase.datatype.core.XMLType matches liquibase.datatype.LiquibaseDataType
2019-09-13 01:22:38.898 DEBUG 4924 --- [           main] l.s.CustomResolverServiceLocator         : liquibase.datatype.core.ClobType matches liquibase.datatype.LiquibaseDataType
2019-09-13 01:22:38.898 DEBUG 4924 --- [           main] l.s.CustomResolverServiceLocator         : liquibase.datatype.core.UUIDType matches liquibase.datatype.LiquibaseDataType
2019-09-13 01:22:38.898 DEBUG 4924 --- [           main] l.s.CustomResolverServiceLocator         : liquibase.datatype.core.VarcharType matches liquibase.datatype.LiquibaseDataType
2019-09-13 01:22:38.898 DEBUG 4924 --- [           main] l.s.CustomResolverServiceLocator         : liquibase.datatype.core.DecimalType matches liquibase.datatype.LiquibaseDataType
2019-09-13 01:22:38.899 DEBUG 4924 --- [           main] l.s.CustomResolverServiceLocator         : liquibase.datatype.core.BooleanType matches liquibase.datatype.LiquibaseDataType
2019-09-13 01:22:38.899 DEBUG 4924 --- [           main] l.s.CustomResolverServiceLocator         : liquibase.datatype.core.CharType matches liquibase.datatype.LiquibaseDataType
2019-09-13 01:22:38.899 DEBUG 4924 --- [           main] l.s.CustomResolverServiceLocator         : liquibase.datatype.core.BigIntType matches liquibase.datatype.LiquibaseDataType
2019-09-13 01:22:38.899 DEBUG 4924 --- [           main] l.s.CustomResolverServiceLocator         : liquibase.datatype.core.IntType matches liquibase.datatype.LiquibaseDataType
2019-09-13 01:22:38.900 DEBUG 4924 --- [           main] l.s.CustomResolverServiceLocator         : liquibase.datatype.core.NVarcharType matches liquibase.datatype.LiquibaseDataType
2019-09-13 01:22:38.900 DEBUG 4924 --- [           main] l.s.CustomResolverServiceLocator         : liquibase.datatype.core.DatabaseFunctionType matches liquibase.datatype.LiquibaseDataType
2019-09-13 01:22:38.900 DEBUG 4924 --- [           main] l.s.CustomResolverServiceLocator         : liquibase.datatype.core.DoubleType matches liquibase.datatype.LiquibaseDataType
2019-09-13 01:22:38.900 DEBUG 4924 --- [           main] l.s.CustomResolverServiceLocator         : liquibase.datatype.core.DateTimeType matches liquibase.datatype.LiquibaseDataType
2019-09-13 01:22:38.901 DEBUG 4924 --- [           main] l.s.CustomResolverServiceLocator         : liquibase.datatype.core.CurrencyType matches liquibase.datatype.LiquibaseDataType
2019-09-13 01:22:38.901 DEBUG 4924 --- [           main] l.s.CustomResolverServiceLocator         : liquibase.datatype.core.MediumIntType matches liquibase.datatype.LiquibaseDataType
2019-09-13 01:22:38.902 DEBUG 4924 --- [           main] l.s.CustomResolverServiceLocator         : liquibase.datatype.core.TimestampType matches liquibase.datatype.LiquibaseDataType
2019-09-13 01:22:38.903 DEBUG 4924 --- [           main] l.s.CustomResolverServiceLocator         : liquibase.datatype.core.BlobType matches liquibase.datatype.LiquibaseDataType
2019-09-13 01:22:38.903 DEBUG 4924 --- [           main] l.s.CustomResolverServiceLocator         : liquibase.datatype.core.TinyIntType matches liquibase.datatype.LiquibaseDataType
2019-09-13 01:22:38.903 DEBUG 4924 --- [           main] l.s.CustomResolverServiceLocator         : liquibase.datatype.core.NCharType matches liquibase.datatype.LiquibaseDataType
2019-09-13 01:22:38.904 DEBUG 4924 --- [           main] l.s.CustomResolverServiceLocator         : liquibase.datatype.core.SmallIntType matches liquibase.datatype.LiquibaseDataType
2019-09-13 01:22:38.904 DEBUG 4924 --- [           main] l.s.CustomResolverServiceLocator         : liquibase.datatype.core.DateType matches liquibase.datatype.LiquibaseDataType
2019-09-13 01:22:38.904 DEBUG 4924 --- [           main] l.s.CustomResolverServiceLocator         : liquibase.datatype.core.UnknownType matches liquibase.datatype.LiquibaseDataType
2019-09-13 01:22:38.904 DEBUG 4924 --- [           main] l.s.CustomResolverServiceLocator         : liquibase.datatype.core.TimeType matches liquibase.datatype.LiquibaseDataType
2019-09-13 01:22:38.910  INFO 4924 --- [           main] liquibase.executor.jvm.JdbcExecutor      : CREATE TABLE PUBLIC.DATABASECHANGELOGLOCK (ID INT NOT NULL, LOCKED BOOLEAN NOT NULL, LOCKGRANTED TIMESTAMP, LOCKEDBY VARCHAR(255), CONSTRAINT PK_DATABASECHANGELOGLOCK PRIMARY KEY (ID))
2019-09-13 01:22:38.919 DEBUG 4924 --- [           main] liquibase.executor.jvm.JdbcExecutor      : 0 row(s) affected
2019-09-13 01:22:38.919 DEBUG 4924 --- [           main] l.lockservice.StandardLockService        : Created database lock table with name: PUBLIC.DATABASECHANGELOGLOCK
2019-09-13 01:22:38.920  INFO 4924 --- [           main] liquibase.executor.jvm.JdbcExecutor      : SELECT COUNT(*) FROM PUBLIC.DATABASECHANGELOGLOCK
2019-09-13 01:22:38.922 DEBUG 4924 --- [           main] liquibase.executor.jvm.JdbcExecutor      : Initialize Database Lock Table
2019-09-13 01:22:38.925  INFO 4924 --- [           main] liquibase.executor.jvm.JdbcExecutor      : DELETE FROM PUBLIC.DATABASECHANGELOGLOCK
2019-09-13 01:22:38.927 DEBUG 4924 --- [           main] liquibase.executor.jvm.JdbcExecutor      : 0 row(s) affected
2019-09-13 01:22:38.927  INFO 4924 --- [           main] liquibase.executor.jvm.JdbcExecutor      : INSERT INTO PUBLIC.DATABASECHANGELOGLOCK (ID, LOCKED) VALUES (1, FALSE)
2019-09-13 01:22:38.928 DEBUG 4924 --- [           main] liquibase.executor.jvm.JdbcExecutor      : 1 row(s) affected
2019-09-13 01:22:38.931  INFO 4924 --- [           main] liquibase.executor.jvm.JdbcExecutor      : SELECT LOCKED FROM PUBLIC.DATABASECHANGELOGLOCK WHERE ID=1
2019-09-13 01:22:38.934 DEBUG 4924 --- [           main] liquibase.executor.jvm.JdbcExecutor      : Lock Database
2019-09-13 01:22:38.941 DEBUG 4924 --- [           main] liquibase.executor.jvm.JdbcExecutor      : UPDATE PUBLIC.DATABASECHANGELOGLOCK SET LOCKED = TRUE, LOCKEDBY = '192.168.31.187 (192.168.31.187)', LOCKGRANTED = '2019-09-13 01:22:38.936' WHERE ID = 1 AND LOCKED = FALSE
2019-09-13 01:22:38.946  INFO 4924 --- [           main] l.lockservice.StandardLockService        : Successfully acquired change log lock
2019-09-13 01:22:38.948 DEBUG 4924 --- [           main] l.s.CustomResolverServiceLocator         : ServiceLocator.findClasses for liquibase.parser.ChangeLogParser
2019-09-13 01:22:38.948 DEBUG 4924 --- [           main] l.s.CustomResolverServiceLocator         : ServiceLocator finding classes matching interface liquibase.parser.ChangeLogParser
2019-09-13 01:22:38.948 DEBUG 4924 --- [           main] o.s.b.l.SpringPackageScanClassResolver   : Searching for implementations of liquibase.parser.ChangeLogParser in packages: [liquibase.change, liquibase.command, liquibase.changelog, liquibase.database, liquibase.parser, liquibase.precondition, liquibase.datatype, liquibase.serializer, liquibase.sqlgenerator, liquibase.executor, liquibase.snapshot, liquibase.logging, liquibase.diff, liquibase.structure, liquibase.structurecompare, liquibase.lockservice, liquibase.sdk.database, liquibase.ext]
2019-09-13 01:22:38.948 DEBUG 4924 --- [           main] o.s.b.l.SpringPackageScanClassResolver   : Searching for: is assignable to ChangeLogParser in package: liquibase/change
2019-09-13 01:22:38.948 DEBUG 4924 --- [           main] o.s.b.l.SpringPackageScanClassResolver   : Searching for: is assignable to ChangeLogParser in package: liquibase/command
2019-09-13 01:22:38.948 DEBUG 4924 --- [           main] o.s.b.l.SpringPackageScanClassResolver   : Searching for: is assignable to ChangeLogParser in package: liquibase/changelog
2019-09-13 01:22:38.948 DEBUG 4924 --- [           main] o.s.b.l.SpringPackageScanClassResolver   : Searching for: is assignable to ChangeLogParser in package: liquibase/database
2019-09-13 01:22:38.949 DEBUG 4924 --- [           main] o.s.b.l.SpringPackageScanClassResolver   : Searching for: is assignable to ChangeLogParser in package: liquibase/parser
2019-09-13 01:22:38.949 DEBUG 4924 --- [           main] o.s.b.l.SpringPackageScanClassResolver   : Searching for: is assignable to ChangeLogParser in package: liquibase/precondition
2019-09-13 01:22:38.949 DEBUG 4924 --- [           main] o.s.b.l.SpringPackageScanClassResolver   : Searching for: is assignable to ChangeLogParser in package: liquibase/datatype
2019-09-13 01:22:38.949 DEBUG 4924 --- [           main] o.s.b.l.SpringPackageScanClassResolver   : Searching for: is assignable to ChangeLogParser in package: liquibase/serializer
2019-09-13 01:22:38.949 DEBUG 4924 --- [           main] o.s.b.l.SpringPackageScanClassResolver   : Searching for: is assignable to ChangeLogParser in package: liquibase/sqlgenerator
2019-09-13 01:22:38.949 DEBUG 4924 --- [           main] o.s.b.l.SpringPackageScanClassResolver   : Searching for: is assignable to ChangeLogParser in package: liquibase/executor
2019-09-13 01:22:38.949 DEBUG 4924 --- [           main] o.s.b.l.SpringPackageScanClassResolver   : Searching for: is assignable to ChangeLogParser in package: liquibase/snapshot
2019-09-13 01:22:38.950 DEBUG 4924 --- [           main] o.s.b.l.SpringPackageScanClassResolver   : Searching for: is assignable to ChangeLogParser in package: liquibase/logging
2019-09-13 01:22:38.951 DEBUG 4924 --- [           main] o.s.b.l.SpringPackageScanClassResolver   : Searching for: is assignable to ChangeLogParser in package: liquibase/diff
2019-09-13 01:22:38.952 DEBUG 4924 --- [           main] o.s.b.l.SpringPackageScanClassResolver   : Searching for: is assignable to ChangeLogParser in package: liquibase/structure
2019-09-13 01:22:38.952 DEBUG 4924 --- [           main] o.s.b.l.SpringPackageScanClassResolver   : Searching for: is assignable to ChangeLogParser in package: liquibase/structurecompare
2019-09-13 01:22:38.952 DEBUG 4924 --- [           main] o.s.b.l.SpringPackageScanClassResolver   : No classes found in package: liquibase/structurecompare
2019-09-13 01:22:38.952 DEBUG 4924 --- [           main] o.s.b.l.SpringPackageScanClassResolver   : Searching for: is assignable to ChangeLogParser in package: liquibase/lockservice
2019-09-13 01:22:38.952 DEBUG 4924 --- [           main] o.s.b.l.SpringPackageScanClassResolver   : Searching for: is assignable to ChangeLogParser in package: liquibase/sdk/database
2019-09-13 01:22:38.952 DEBUG 4924 --- [           main] o.s.b.l.SpringPackageScanClassResolver   : Searching for: is assignable to ChangeLogParser in package: liquibase/ext
2019-09-13 01:22:38.952 DEBUG 4924 --- [           main] o.s.b.l.SpringPackageScanClassResolver   : No classes found in package: liquibase/ext
2019-09-13 01:22:38.952 DEBUG 4924 --- [           main] o.s.b.l.SpringPackageScanClassResolver   : Found: [class liquibase.parser.core.xml.AbstractChangeLogParser, class liquibase.parser.core.formattedsql.FormattedSqlChangeLogParser, class liquibase.parser.core.xml.XMLChangeLogSAXParser, class liquibase.parser.core.json.JsonChangeLogParser, class liquibase.parser.core.yaml.YamlChangeLogParser, class liquibase.parser.core.sql.SqlChangeLogParser, interface liquibase.parser.ChangeLogParser]
2019-09-13 01:22:38.954 DEBUG 4924 --- [           main] l.s.CustomResolverServiceLocator         : liquibase.parser.core.formattedsql.FormattedSqlChangeLogParser matches liquibase.parser.ChangeLogParser
2019-09-13 01:22:38.956 DEBUG 4924 --- [           main] l.s.CustomResolverServiceLocator         : liquibase.parser.core.xml.XMLChangeLogSAXParser matches liquibase.parser.ChangeLogParser
2019-09-13 01:22:38.967 DEBUG 4924 --- [           main] l.s.CustomResolverServiceLocator         : liquibase.parser.core.json.JsonChangeLogParser matches liquibase.parser.ChangeLogParser
2019-09-13 01:22:38.967 DEBUG 4924 --- [           main] l.s.CustomResolverServiceLocator         : liquibase.parser.core.yaml.YamlChangeLogParser matches liquibase.parser.ChangeLogParser
2019-09-13 01:22:38.968 DEBUG 4924 --- [           main] l.s.CustomResolverServiceLocator         : liquibase.parser.core.sql.SqlChangeLogParser matches liquibase.parser.ChangeLogParser
2019-09-13 01:22:38.974 DEBUG 4924 --- [           main] liquibase.executor.jvm.JdbcExecutor      : Release Database Lock
2019-09-13 01:22:38.975 DEBUG 4924 --- [           main] liquibase.executor.jvm.JdbcExecutor      : UPDATE PUBLIC.DATABASECHANGELOGLOCK SET LOCKED = FALSE, LOCKEDBY = NULL, LOCKGRANTED = NULL WHERE ID = 1
2019-09-13 01:22:38.976  INFO 4924 --- [           main] l.lockservice.StandardLockService        : Successfully released change log lock
2019-09-13 01:22:38.977 DEBUG 4924 --- [           main] l.s.CustomResolverServiceLocator         : ServiceLocator.findClasses for liquibase.changelog.ChangeLogHistoryService
2019-09-13 01:22:38.977 DEBUG 4924 --- [           main] l.s.CustomResolverServiceLocator         : ServiceLocator finding classes matching interface liquibase.changelog.ChangeLogHistoryService
2019-09-13 01:22:38.977 DEBUG 4924 --- [           main] o.s.b.l.SpringPackageScanClassResolver   : Searching for implementations of liquibase.changelog.ChangeLogHistoryService in packages: [liquibase.change, liquibase.command, liquibase.changelog, liquibase.database, liquibase.parser, liquibase.precondition, liquibase.datatype, liquibase.serializer, liquibase.sqlgenerator, liquibase.executor, liquibase.snapshot, liquibase.logging, liquibase.diff, liquibase.structure, liquibase.structurecompare, liquibase.lockservice, liquibase.sdk.database, liquibase.ext]
2019-09-13 01:22:38.977 DEBUG 4924 --- [           main] o.s.b.l.SpringPackageScanClassResolver   : Searching for: is assignable to ChangeLogHistoryService in package: liquibase/change
2019-09-13 01:22:38.977 DEBUG 4924 --- [           main] o.s.b.l.SpringPackageScanClassResolver   : Searching for: is assignable to ChangeLogHistoryService in package: liquibase/command
2019-09-13 01:22:38.977 DEBUG 4924 --- [           main] o.s.b.l.SpringPackageScanClassResolver   : Searching for: is assignable to ChangeLogHistoryService in package: liquibase/changelog
2019-09-13 01:22:38.979 DEBUG 4924 --- [           main] o.s.b.l.SpringPackageScanClassResolver   : Searching for: is assignable to ChangeLogHistoryService in package: liquibase/database
2019-09-13 01:22:38.982 DEBUG 4924 --- [           main] o.s.b.l.SpringPackageScanClassResolver   : Searching for: is assignable to ChangeLogHistoryService in package: liquibase/parser
2019-09-13 01:22:38.982 DEBUG 4924 --- [           main] o.s.b.l.SpringPackageScanClassResolver   : Searching for: is assignable to ChangeLogHistoryService in package: liquibase/precondition
2019-09-13 01:22:38.982 DEBUG 4924 --- [           main] o.s.b.l.SpringPackageScanClassResolver   : Searching for: is assignable to ChangeLogHistoryService in package: liquibase/datatype
2019-09-13 01:22:38.982 DEBUG 4924 --- [           main] o.s.b.l.SpringPackageScanClassResolver   : Searching for: is assignable to ChangeLogHistoryService in package: liquibase/serializer
2019-09-13 01:22:38.983 DEBUG 4924 --- [           main] o.s.b.l.SpringPackageScanClassResolver   : Searching for: is assignable to ChangeLogHistoryService in package: liquibase/sqlgenerator
2019-09-13 01:22:38.983 DEBUG 4924 --- [           main] o.s.b.l.SpringPackageScanClassResolver   : Searching for: is assignable to ChangeLogHistoryService in package: liquibase/executor
2019-09-13 01:22:38.983 DEBUG 4924 --- [           main] o.s.b.l.SpringPackageScanClassResolver   : Searching for: is assignable to ChangeLogHistoryService in package: liquibase/snapshot
2019-09-13 01:22:38.983 DEBUG 4924 --- [           main] o.s.b.l.SpringPackageScanClassResolver   : Searching for: is assignable to ChangeLogHistoryService in package: liquibase/logging
2019-09-13 01:22:38.983 DEBUG 4924 --- [           main] o.s.b.l.SpringPackageScanClassResolver   : Searching for: is assignable to ChangeLogHistoryService in package: liquibase/diff
2019-09-13 01:22:38.983 DEBUG 4924 --- [           main] o.s.b.l.SpringPackageScanClassResolver   : Searching for: is assignable to ChangeLogHistoryService in package: liquibase/structure
2019-09-13 01:22:38.983 DEBUG 4924 --- [           main] o.s.b.l.SpringPackageScanClassResolver   : Searching for: is assignable to ChangeLogHistoryService in package: liquibase/structurecompare
2019-09-13 01:22:38.984 DEBUG 4924 --- [           main] o.s.b.l.SpringPackageScanClassResolver   : No classes found in package: liquibase/structurecompare
2019-09-13 01:22:38.984 DEBUG 4924 --- [           main] o.s.b.l.SpringPackageScanClassResolver   : Searching for: is assignable to ChangeLogHistoryService in package: liquibase/lockservice
2019-09-13 01:22:38.984 DEBUG 4924 --- [           main] o.s.b.l.SpringPackageScanClassResolver   : Searching for: is assignable to ChangeLogHistoryService in package: liquibase/sdk/database
2019-09-13 01:22:38.984 DEBUG 4924 --- [           main] o.s.b.l.SpringPackageScanClassResolver   : Searching for: is assignable to ChangeLogHistoryService in package: liquibase/ext
2019-09-13 01:22:38.984 DEBUG 4924 --- [           main] o.s.b.l.SpringPackageScanClassResolver   : No classes found in package: liquibase/ext
2019-09-13 01:22:38.984 DEBUG 4924 --- [           main] o.s.b.l.SpringPackageScanClassResolver   : Found: [class liquibase.changelog.StandardChangeLogHistoryService, class liquibase.changelog.OfflineChangeLogHistoryService, class liquibase.changelog.AbstractChangeLogHistoryService, interface liquibase.changelog.ChangeLogHistoryService]
2019-09-13 01:22:38.987 DEBUG 4924 --- [           main] l.s.CustomResolverServiceLocator         : liquibase.changelog.StandardChangeLogHistoryService matches liquibase.changelog.ChangeLogHistoryService
2019-09-13 01:22:38.991  WARN 4924 --- [           main] o.s.w.c.s.GenericWebApplicationContext   : Exception encountered during context initialization - cancelling refresh attempt: org.springframework.beans.factory.BeanCreationException: Error creating bean with name 'liquibase' defined in class path resource [org/springframework/boot/autoconfigure/liquibase/LiquibaseAutoConfiguration$LiquibaseConfiguration.class]: Invocation of init method failed; nested exception is liquibase.exception.ChangeLogParseException: Error Reading Migration File: class path resource [db/changelog/changelog-master.xml] cannot be resolved to URL because it does not exist
2019-09-13 01:22:38.992  INFO 4924 --- [           main] com.zaxxer.hikari.HikariDataSource       : HikariPool-1 - Shutdown initiated...
2019-09-13 01:22:38.993 DEBUG 4924 --- [           main] com.zaxxer.hikari.pool.HikariPool        : HikariPool-1 - Before shutdown stats (total=10, active=0, idle=10, waiting=0)
2019-09-13 01:22:39.009 DEBUG 4924 --- [nnection closer] com.zaxxer.hikari.pool.PoolBase          : HikariPool-1 - Closing connection conn0: url=jdbc:h2:mem:test user=SA: (connection evicted)
2019-09-13 01:22:39.010 DEBUG 4924 --- [nnection closer] com.zaxxer.hikari.pool.PoolBase          : HikariPool-1 - Closing connection conn1: url=jdbc:h2:mem:test user=SA: (connection evicted)
2019-09-13 01:22:39.014 DEBUG 4924 --- [nnection closer] com.zaxxer.hikari.pool.PoolBase          : HikariPool-1 - Closing connection conn2: url=jdbc:h2:mem:test user=SA: (connection evicted)
2019-09-13 01:22:39.015 DEBUG 4924 --- [nnection closer] com.zaxxer.hikari.pool.PoolBase          : HikariPool-1 - Closing connection conn3: url=jdbc:h2:mem:test user=SA: (connection evicted)
2019-09-13 01:22:39.015 DEBUG 4924 --- [nnection closer] com.zaxxer.hikari.pool.PoolBase          : HikariPool-1 - Closing connection conn4: url=jdbc:h2:mem:test user=SA: (connection evicted)
2019-09-13 01:22:39.019 DEBUG 4924 --- [nnection closer] com.zaxxer.hikari.pool.PoolBase          : HikariPool-1 - Closing connection conn5: url=jdbc:h2:mem:test user=SA: (connection evicted)
2019-09-13 01:22:39.020 DEBUG 4924 --- [nnection closer] com.zaxxer.hikari.pool.PoolBase          : HikariPool-1 - Closing connection conn6: url=jdbc:h2:mem:test user=SA: (connection evicted)
2019-09-13 01:22:39.020 DEBUG 4924 --- [nnection closer] com.zaxxer.hikari.pool.PoolBase          : HikariPool-1 - Closing connection conn7: url=jdbc:h2:mem:test user=SA: (connection evicted)
2019-09-13 01:22:39.020 DEBUG 4924 --- [nnection closer] com.zaxxer.hikari.pool.PoolBase          : HikariPool-1 - Closing connection conn8: url=jdbc:h2:mem:test user=SA: (connection evicted)
2019-09-13 01:22:39.021 DEBUG 4924 --- [nnection closer] com.zaxxer.hikari.pool.PoolBase          : HikariPool-1 - Closing connection conn9: url=jdbc:h2:mem:test user=SA: (connection evicted)
2019-09-13 01:22:39.024 DEBUG 4924 --- [           main] com.zaxxer.hikari.pool.HikariPool        : HikariPool-1 - After shutdown stats (total=0, active=0, idle=0, waiting=0)
2019-09-13 01:22:39.024  INFO 4924 --- [           main] com.zaxxer.hikari.HikariDataSource       : HikariPool-1 - Shutdown completed.
2019-09-13 01:22:39.030 DEBUG 4924 --- [           main] .c.l.ClasspathLoggingApplicationListener : Application failed to start with classpath: unknown
2019-09-13 01:22:39.069 DEBUG 4924 --- [           main] ConditionEvaluationReportLoggingListener : 


============================
CONDITIONS EVALUATION REPORT
============================


Positive matches:
-----------------

   AopAutoConfiguration matched:
      - @ConditionalOnClass found required classes 'org.springframework.context.annotation.EnableAspectJAutoProxy', 'org.aspectj.lang.annotation.Aspect', 'org.aspectj.lang.reflect.Advice', 'org.aspectj.weaver.AnnotatedElement' (OnClassCondition)
      - @ConditionalOnProperty (spring.aop.auto=true) matched (OnPropertyCondition)

   AopAutoConfiguration.CglibAutoProxyConfiguration matched:
      - @ConditionalOnProperty (spring.aop.proxy-target-class=true) matched (OnPropertyCondition)

   DataSourceAutoConfiguration matched:
      - @ConditionalOnClass found required classes 'javax.sql.DataSource', 'org.springframework.jdbc.datasource.embedded.EmbeddedDatabaseType' (OnClassCondition)

   DataSourceAutoConfiguration.PooledDataSourceConfiguration matched:
      - AnyNestedCondition 1 matched 1 did not; NestedCondition on DataSourceAutoConfiguration.PooledDataSourceCondition.PooledDataSourceAvailable PooledDataSource found supported DataSource; NestedCondition on DataSourceAutoConfiguration.PooledDataSourceCondition.ExplicitType @ConditionalOnProperty (spring.datasource.type) did not find property 'type' (DataSourceAutoConfiguration.PooledDataSourceCondition)
      - @ConditionalOnBean (types: javax.sql.DataSource,javax.sql.XADataSource; SearchStrategy: all) did not find any beans (OnBeanCondition)

   DataSourceConfiguration.Hikari matched:
      - @ConditionalOnClass found required class 'com.zaxxer.hikari.HikariDataSource' (OnClassCondition)
      - @ConditionalOnProperty (spring.datasource.type=com.zaxxer.hikari.HikariDataSource) matched (OnPropertyCondition)
      - @ConditionalOnBean (types: javax.sql.DataSource; SearchStrategy: all) did not find any beans (OnBeanCondition)

   DataSourcePoolMetadataProvidersConfiguration.HikariPoolDataSourceMetadataProviderConfiguration matched:
      - @ConditionalOnClass found required class 'com.zaxxer.hikari.HikariDataSource' (OnClassCondition)

   DataSourceTransactionManagerAutoConfiguration matched:
      - @ConditionalOnClass found required classes 'org.springframework.jdbc.core.JdbcTemplate', 'org.springframework.transaction.PlatformTransactionManager' (OnClassCondition)

   DataSourceTransactionManagerAutoConfiguration.DataSourceTransactionManagerConfiguration matched:
      - @ConditionalOnBean (types: javax.sql.DataSource; SearchStrategy: all) found a primary bean from beans 'dataSource' (OnBeanCondition)

   DispatcherServletAutoConfiguration matched:
      - @ConditionalOnClass found required class 'org.springframework.web.servlet.DispatcherServlet' (OnClassCondition)
      - found 'session' scope (OnWebApplicationCondition)

   DispatcherServletAutoConfiguration.DispatcherServletConfiguration matched:
      - @ConditionalOnClass found required class 'javax.servlet.ServletRegistration' (OnClassCondition)
      - Default DispatcherServlet did not find dispatcher servlet beans (DispatcherServletAutoConfiguration.DefaultDispatcherServletCondition)

   DispatcherServletAutoConfiguration.DispatcherServletRegistrationConfiguration matched:
      - @ConditionalOnClass found required class 'javax.servlet.ServletRegistration' (OnClassCondition)
      - DispatcherServlet Registration did not find servlet registration bean (DispatcherServletAutoConfiguration.DispatcherServletRegistrationCondition)

   DispatcherServletAutoConfiguration.DispatcherServletRegistrationConfiguration#dispatcherServletRegistration matched:
      - @ConditionalOnBean (names: dispatcherServlettypes: org.springframework.web.servlet.DispatcherServlet; SearchStrategy: all) found bean 'dispatcherServlet' (OnBeanCondition)

   EmbeddedWebServerFactoryCustomizerAutoConfiguration matched:
      - @ConditionalOnWebApplication (required) found 'session' scope (OnWebApplicationCondition)

   EmbeddedWebServerFactoryCustomizerAutoConfiguration.TomcatWebServerFactoryCustomizerConfiguration matched:
      - @ConditionalOnClass found required classes 'org.apache.catalina.startup.Tomcat', 'org.apache.coyote.UpgradeProtocol' (OnClassCondition)

   ErrorMvcAutoConfiguration matched:
      - @ConditionalOnClass found required classes 'javax.servlet.Servlet', 'org.springframework.web.servlet.DispatcherServlet' (OnClassCondition)
      - found 'session' scope (OnWebApplicationCondition)

   ErrorMvcAutoConfiguration#basicErrorController matched:
      - @ConditionalOnBean (types: org.springframework.boot.web.servlet.error.ErrorController; SearchStrategy: current) did not find any beans (OnBeanCondition)

   ErrorMvcAutoConfiguration#errorAttributes matched:
      - @ConditionalOnBean (types: org.springframework.boot.web.servlet.error.ErrorAttributes; SearchStrategy: current) did not find any beans (OnBeanCondition)

   ErrorMvcAutoConfiguration.DefaultErrorViewResolverConfiguration#conventionErrorViewResolver matched:
      - @ConditionalOnBean (types: org.springframework.web.servlet.DispatcherServlet; SearchStrategy: all) found bean 'dispatcherServlet'; @ConditionalOnBean (types: org.springframework.boot.autoconfigure.web.servlet.error.DefaultErrorViewResolver; SearchStrategy: all) did not find any beans (OnBeanCondition)

   ErrorMvcAutoConfiguration.WhitelabelErrorViewConfiguration matched:
      - @ConditionalOnProperty (server.error.whitelabel.enabled) matched (OnPropertyCondition)
      - ErrorTemplate Missing did not find error template view (ErrorMvcAutoConfiguration.ErrorTemplateMissingCondition)

   ErrorMvcAutoConfiguration.WhitelabelErrorViewConfiguration#beanNameViewResolver matched:
      - @ConditionalOnBean (types: org.springframework.web.servlet.view.BeanNameViewResolver; SearchStrategy: all) did not find any beans (OnBeanCondition)

   ErrorMvcAutoConfiguration.WhitelabelErrorViewConfiguration#defaultErrorView matched:
      - @ConditionalOnBean (names: error; ; SearchStrategy: all) did not find any beans (OnBeanCondition)

   GenericCacheConfiguration matched:
      - Cache org.springframework.boot.autoconfigure.cache.GenericCacheConfiguration automatic cache type (CacheCondition)

   H2ConsoleAutoConfiguration matched:
      - @ConditionalOnClass found required class 'org.h2.server.web.WebServlet' (OnClassCondition)
      - found 'session' scope (OnWebApplicationCondition)
      - @ConditionalOnProperty (spring.h2.console.enabled=true) matched (OnPropertyCondition)

   HibernateJpaAutoConfiguration matched:
      - @ConditionalOnClass found required classes 'org.springframework.orm.jpa.LocalContainerEntityManagerFactoryBean', 'javax.persistence.EntityManager', 'org.hibernate.engine.spi.SessionImplementor' (OnClassCondition)

   HibernateJpaConfiguration matched:
      - @ConditionalOnBean (types: javax.sql.DataSource; SearchStrategy: all) found a primary bean from beans 'dataSource' (OnBeanCondition)

   HttpEncodingAutoConfiguration matched:
      - @ConditionalOnClass found required class 'org.springframework.web.filter.CharacterEncodingFilter' (OnClassCondition)
      - found 'session' scope (OnWebApplicationCondition)
      - @ConditionalOnProperty (spring.http.encoding.enabled) matched (OnPropertyCondition)

   HttpEncodingAutoConfiguration#characterEncodingFilter matched:
      - @ConditionalOnBean (types: org.springframework.web.filter.CharacterEncodingFilter; SearchStrategy: all) did not find any beans (OnBeanCondition)

   HttpMessageConvertersAutoConfiguration matched:
      - @ConditionalOnClass found required class 'org.springframework.http.converter.HttpMessageConverter' (OnClassCondition)
      - NoneNestedConditions 0 matched 1 did not; NestedCondition on HttpMessageConvertersAutoConfiguration.NotReactiveWebApplicationCondition.ReactiveWebApplication did not find reactive web application classes (HttpMessageConvertersAutoConfiguration.NotReactiveWebApplicationCondition)

   HttpMessageConvertersAutoConfiguration#messageConverters matched:
      - @ConditionalOnBean (types: org.springframework.boot.autoconfigure.http.HttpMessageConverters; SearchStrategy: all) did not find any beans (OnBeanCondition)

   HttpMessageConvertersAutoConfiguration.StringHttpMessageConverterConfiguration matched:
      - @ConditionalOnClass found required class 'org.springframework.http.converter.StringHttpMessageConverter' (OnClassCondition)

   HttpMessageConvertersAutoConfiguration.StringHttpMessageConverterConfiguration#stringHttpMessageConverter matched:
      - @ConditionalOnBean (types: org.springframework.http.converter.StringHttpMessageConverter; SearchStrategy: all) did not find any beans (OnBeanCondition)

   JacksonAutoConfiguration matched:
      - @ConditionalOnClass found required class 'com.fasterxml.jackson.databind.ObjectMapper' (OnClassCondition)

   JacksonAutoConfiguration.Jackson2ObjectMapperBuilderCustomizerConfiguration matched:
      - @ConditionalOnClass found required class 'org.springframework.http.converter.json.Jackson2ObjectMapperBuilder' (OnClassCondition)

   JacksonAutoConfiguration.JacksonObjectMapperBuilderConfiguration matched:
      - @ConditionalOnClass found required class 'org.springframework.http.converter.json.Jackson2ObjectMapperBuilder' (OnClassCondition)

   JacksonAutoConfiguration.JacksonObjectMapperBuilderConfiguration#jacksonObjectMapperBuilder matched:
      - @ConditionalOnBean (types: org.springframework.http.converter.json.Jackson2ObjectMapperBuilder; SearchStrategy: all) did not find any beans (OnBeanCondition)

   JacksonAutoConfiguration.JacksonObjectMapperConfiguration matched:
      - @ConditionalOnClass found required class 'org.springframework.http.converter.json.Jackson2ObjectMapperBuilder' (OnClassCondition)

   JacksonAutoConfiguration.JacksonObjectMapperConfiguration#jacksonObjectMapper matched:
      - @ConditionalOnBean (types: com.fasterxml.jackson.databind.ObjectMapper; SearchStrategy: all) did not find any beans (OnBeanCondition)

   JacksonAutoConfiguration.ParameterNamesModuleConfiguration matched:
      - @ConditionalOnClass found required class 'com.fasterxml.jackson.module.paramnames.ParameterNamesModule' (OnClassCondition)

   JacksonAutoConfiguration.ParameterNamesModuleConfiguration#parameterNamesModule matched:
      - @ConditionalOnBean (types: com.fasterxml.jackson.module.paramnames.ParameterNamesModule; SearchStrategy: all) did not find any beans (OnBeanCondition)

   JacksonHttpMessageConvertersConfiguration.MappingJackson2HttpMessageConverterConfiguration matched:
      - @ConditionalOnClass found required class 'com.fasterxml.jackson.databind.ObjectMapper' (OnClassCondition)
      - @ConditionalOnProperty (spring.http.converters.preferred-json-mapper=jackson) matched (OnPropertyCondition)
      - @ConditionalOnBean (types: com.fasterxml.jackson.databind.ObjectMapper; SearchStrategy: all) found bean 'jacksonObjectMapper' (OnBeanCondition)

   JacksonHttpMessageConvertersConfiguration.MappingJackson2HttpMessageConverterConfiguration#mappingJackson2HttpMessageConverter matched:
      - @ConditionalOnBean (types: org.springframework.http.converter.json.MappingJackson2HttpMessageConverterignored: org.springframework.hateoas.server.mvc.TypeConstrainedMappingJackson2HttpMessageConverter,org.springframework.data.rest.webmvc.alps.AlpsJsonHttpMessageConverter; SearchStrategy: all) did not find any beans (OnBeanCondition)

   JdbcTemplateAutoConfiguration matched:
      - @ConditionalOnClass found required classes 'javax.sql.DataSource', 'org.springframework.jdbc.core.JdbcTemplate' (OnClassCondition)
      - @ConditionalOnBean (types: javax.sql.DataSource; SearchStrategy: all) found a primary bean from beans 'dataSource' (OnBeanCondition)

   JdbcTemplateConfiguration matched:
      - @ConditionalOnBean (types: org.springframework.jdbc.core.JdbcOperations; SearchStrategy: all) did not find any beans (OnBeanCondition)

   JpaBaseConfiguration#entityManagerFactory matched:
      - @ConditionalOnBean (types: org.springframework.orm.jpa.LocalContainerEntityManagerFactoryBean,javax.persistence.EntityManagerFactory; SearchStrategy: all) did not find any beans (OnBeanCondition)

   JpaBaseConfiguration#entityManagerFactoryBuilder matched:
      - @ConditionalOnBean (types: org.springframework.boot.orm.jpa.EntityManagerFactoryBuilder; SearchStrategy: all) did not find any beans (OnBeanCondition)

   JpaBaseConfiguration#jpaVendorAdapter matched:
      - @ConditionalOnBean (types: org.springframework.orm.jpa.JpaVendorAdapter; SearchStrategy: all) did not find any beans (OnBeanCondition)

   JpaBaseConfiguration#transactionManager matched:
      - @ConditionalOnBean (types: org.springframework.transaction.PlatformTransactionManager; SearchStrategy: all) did not find any beans (OnBeanCondition)

   JpaBaseConfiguration.JpaWebConfiguration matched:
      - @ConditionalOnClass found required class 'org.springframework.web.servlet.config.annotation.WebMvcConfigurer' (OnClassCondition)
      - found 'session' scope (OnWebApplicationCondition)
      - @ConditionalOnProperty (spring.jpa.open-in-view=true) matched (OnPropertyCondition)
      - @ConditionalOnBean (types: org.springframework.orm.jpa.support.OpenEntityManagerInViewInterceptor,org.springframework.orm.jpa.support.OpenEntityManagerInViewFilter; SearchStrategy: all) did not find any beans (OnBeanCondition)

   JpaRepositoriesAutoConfiguration matched:
      - @ConditionalOnClass found required class 'org.springframework.data.jpa.repository.JpaRepository' (OnClassCondition)
      - @ConditionalOnProperty (spring.data.jpa.repositories.enabled=true) matched (OnPropertyCondition)
      - @ConditionalOnBean (types: javax.sql.DataSource; SearchStrategy: all) found bean 'dataSource'; @ConditionalOnBean (types: org.springframework.data.jpa.repository.support.JpaRepositoryFactoryBean,org.springframework.data.jpa.repository.config.JpaRepositoryConfigExtension; SearchStrategy: all) did not find any beans (OnBeanCondition)

   JtaAutoConfiguration matched:
      - @ConditionalOnClass found required class 'javax.transaction.Transaction' (OnClassCondition)
      - @ConditionalOnProperty (spring.jta.enabled) matched (OnPropertyCondition)

   LiquibaseAutoConfiguration matched:
      - @ConditionalOnClass found required classes 'liquibase.integration.spring.SpringLiquibase', 'liquibase.change.DatabaseChange' (OnClassCondition)
      - @ConditionalOnProperty (spring.liquibase.enabled) matched (OnPropertyCondition)
      - AnyNestedCondition 1 matched 1 did not; NestedCondition on LiquibaseAutoConfiguration.LiquibaseDataSourceCondition.LiquibaseUrlCondition @ConditionalOnProperty (spring.liquibase.url) did not find property 'url'; NestedCondition on LiquibaseAutoConfiguration.LiquibaseDataSourceCondition.DataSourceBeanCondition @ConditionalOnBean (types: javax.sql.DataSource; SearchStrategy: all) found bean 'dataSource' (LiquibaseAutoConfiguration.LiquibaseDataSourceCondition)

   LiquibaseAutoConfiguration.LiquibaseConfiguration matched:
      - @ConditionalOnBean (types: liquibase.integration.spring.SpringLiquibase; SearchStrategy: all) did not find any beans (OnBeanCondition)

   LiquibaseAutoConfiguration.LiquibaseJdbcOperationsDependencyConfiguration matched:
      - @ConditionalOnClass found required class 'org.springframework.jdbc.core.JdbcOperations' (OnClassCondition)
      - @ConditionalOnBean (types: org.springframework.jdbc.core.JdbcOperations; SearchStrategy: all) found bean 'jdbcTemplate' (OnBeanCondition)

   LiquibaseAutoConfiguration.LiquibaseJpaDependencyConfiguration matched:
      - @ConditionalOnClass found required class 'org.springframework.orm.jpa.LocalContainerEntityManagerFactoryBean' (OnClassCondition)
      - @ConditionalOnBean (types: org.springframework.orm.jpa.AbstractEntityManagerFactoryBean; SearchStrategy: all) found bean '&entityManagerFactory' (OnBeanCondition)

   LiquibaseAutoConfiguration.LiquibaseNamedParameterJdbcOperationsDependencyConfiguration matched:
      - @ConditionalOnClass found required class 'org.springframework.jdbc.core.namedparam.NamedParameterJdbcOperations' (OnClassCondition)
      - @ConditionalOnBean (types: org.springframework.jdbc.core.namedparam.NamedParameterJdbcOperations; SearchStrategy: all) found bean 'namedParameterJdbcTemplate' (OnBeanCondition)

   MultipartAutoConfiguration matched:
      - @ConditionalOnClass found required classes 'javax.servlet.Servlet', 'org.springframework.web.multipart.support.StandardServletMultipartResolver', 'javax.servlet.MultipartConfigElement' (OnClassCondition)
      - found 'session' scope (OnWebApplicationCondition)
      - @ConditionalOnProperty (spring.servlet.multipart.enabled) matched (OnPropertyCondition)

   MultipartAutoConfiguration#multipartConfigElement matched:
      - @ConditionalOnBean (types: javax.servlet.MultipartConfigElement,org.springframework.web.multipart.commons.CommonsMultipartResolver; SearchStrategy: all) did not find any beans (OnBeanCondition)

   MultipartAutoConfiguration#multipartResolver matched:
      - @ConditionalOnBean (types: org.springframework.web.multipart.MultipartResolver; SearchStrategy: all) did not find any beans (OnBeanCondition)

   NamedParameterJdbcTemplateConfiguration matched:
      - @ConditionalOnBean (types: org.springframework.jdbc.core.JdbcTemplate; SearchStrategy: all) found a primary bean from beans 'jdbcTemplate'; @ConditionalOnBean (types: org.springframework.jdbc.core.namedparam.NamedParameterJdbcOperations; SearchStrategy: all) did not find any beans (OnBeanCondition)

   NoOpCacheConfiguration matched:
      - Cache org.springframework.boot.autoconfigure.cache.NoOpCacheConfiguration automatic cache type (CacheCondition)

   OAuth2ResourceServerAutoConfiguration matched:
      - found 'session' scope (OnWebApplicationCondition)

   PersistenceExceptionTranslationAutoConfiguration matched:
      - @ConditionalOnClass found required class 'org.springframework.dao.annotation.PersistenceExceptionTranslationPostProcessor' (OnClassCondition)

   PersistenceExceptionTranslationAutoConfiguration#persistenceExceptionTranslationPostProcessor matched:
      - @ConditionalOnProperty (spring.dao.exceptiontranslation.enabled) matched (OnPropertyCondition)
      - @ConditionalOnBean (types: org.springframework.dao.annotation.PersistenceExceptionTranslationPostProcessor; SearchStrategy: all) did not find any beans (OnBeanCondition)

   PropertyPlaceholderAutoConfiguration#propertySourcesPlaceholderConfigurer matched:
      - @ConditionalOnBean (types: org.springframework.context.support.PropertySourcesPlaceholderConfigurer; SearchStrategy: current) did not find any beans (OnBeanCondition)

   RestTemplateAutoConfiguration matched:
      - @ConditionalOnClass found required class 'org.springframework.web.client.RestTemplate' (OnClassCondition)
      - NoneNestedConditions 0 matched 1 did not; NestedCondition on RestTemplateAutoConfiguration.NotReactiveWebApplicationCondition.ReactiveWebApplication did not find reactive web application classes (RestTemplateAutoConfiguration.NotReactiveWebApplicationCondition)

   RestTemplateAutoConfiguration#restTemplateBuilder matched:
      - @ConditionalOnBean (types: org.springframework.boot.web.client.RestTemplateBuilder; SearchStrategy: all) did not find any beans (OnBeanCondition)

   ServletWebServerFactoryAutoConfiguration matched:
      - @ConditionalOnClass found required class 'javax.servlet.ServletRequest' (OnClassCondition)
      - found 'session' scope (OnWebApplicationCondition)

   ServletWebServerFactoryAutoConfiguration#tomcatServletWebServerFactoryCustomizer matched:
      - @ConditionalOnClass found required class 'org.apache.catalina.startup.Tomcat' (OnClassCondition)

   ServletWebServerFactoryConfiguration.EmbeddedTomcat matched:
      - @ConditionalOnClass found required classes 'javax.servlet.Servlet', 'org.apache.catalina.startup.Tomcat', 'org.apache.coyote.UpgradeProtocol' (OnClassCondition)
      - @ConditionalOnBean (types: org.springframework.boot.web.servlet.server.ServletWebServerFactory; SearchStrategy: current) did not find any beans (OnBeanCondition)

   SimpleCacheConfiguration matched:
      - Cache org.springframework.boot.autoconfigure.cache.SimpleCacheConfiguration automatic cache type (CacheCondition)

   SpringDataWebAutoConfiguration matched:
      - @ConditionalOnClass found required classes 'org.springframework.data.web.PageableHandlerMethodArgumentResolver', 'org.springframework.web.servlet.config.annotation.WebMvcConfigurer' (OnClassCondition)
      - found 'session' scope (OnWebApplicationCondition)
      - @ConditionalOnBean (types: org.springframework.data.web.PageableHandlerMethodArgumentResolver; SearchStrategy: all) did not find any beans (OnBeanCondition)

   SpringDataWebAutoConfiguration#pageableCustomizer matched:
      - @ConditionalOnBean (types: org.springframework.data.web.config.PageableHandlerMethodArgumentResolverCustomizer; SearchStrategy: all) did not find any beans (OnBeanCondition)

   SpringDataWebAutoConfiguration#sortCustomizer matched:
      - @ConditionalOnBean (types: org.springframework.data.web.config.SortHandlerMethodArgumentResolverCustomizer; SearchStrategy: all) did not find any beans (OnBeanCondition)

   TaskExecutionAutoConfiguration matched:
      - @ConditionalOnClass found required class 'org.springframework.scheduling.concurrent.ThreadPoolTaskExecutor' (OnClassCondition)

   TaskExecutionAutoConfiguration#applicationTaskExecutor matched:
      - @ConditionalOnBean (types: java.util.concurrent.Executor; SearchStrategy: all) did not find any beans (OnBeanCondition)

   TaskExecutionAutoConfiguration#taskExecutorBuilder matched:
      - @ConditionalOnBean (types: org.springframework.boot.task.TaskExecutorBuilder; SearchStrategy: all) did not find any beans (OnBeanCondition)

   TaskSchedulingAutoConfiguration matched:
      - @ConditionalOnClass found required class 'org.springframework.scheduling.concurrent.ThreadPoolTaskScheduler' (OnClassCondition)

   TaskSchedulingAutoConfiguration#taskSchedulerBuilder matched:
      - @ConditionalOnBean (types: org.springframework.boot.task.TaskSchedulerBuilder; SearchStrategy: all) did not find any beans (OnBeanCondition)

   TransactionAutoConfiguration matched:
      - @ConditionalOnClass found required class 'org.springframework.transaction.PlatformTransactionManager' (OnClassCondition)

   TransactionAutoConfiguration#platformTransactionManagerCustomizers matched:
      - @ConditionalOnBean (types: org.springframework.boot.autoconfigure.transaction.TransactionManagerCustomizers; SearchStrategy: all) did not find any beans (OnBeanCondition)

   TransactionAutoConfiguration.EnableTransactionManagementConfiguration matched:
      - @ConditionalOnBean (types: org.springframework.transaction.PlatformTransactionManager; SearchStrategy: all) found bean 'transactionManager'; @ConditionalOnBean (types: org.springframework.transaction.annotation.AbstractTransactionManagementConfiguration; SearchStrategy: all) did not find any beans (OnBeanCondition)

   TransactionAutoConfiguration.EnableTransactionManagementConfiguration.CglibAutoProxyConfiguration matched:
      - @ConditionalOnProperty (spring.aop.proxy-target-class=true) matched (OnPropertyCondition)

   TransactionAutoConfiguration.TransactionTemplateConfiguration matched:
      - @ConditionalOnBean (types: org.springframework.transaction.PlatformTransactionManager; SearchStrategy: all) found a primary bean from beans 'transactionManager' (OnBeanCondition)

   TransactionAutoConfiguration.TransactionTemplateConfiguration#transactionTemplate matched:
      - @ConditionalOnBean (types: org.springframework.transaction.support.TransactionTemplate; SearchStrategy: all) did not find any beans (OnBeanCondition)

   ValidationAutoConfiguration matched:
      - @ConditionalOnClass found required class 'javax.validation.executable.ExecutableValidator' (OnClassCondition)
      - @ConditionalOnResource found location classpath:META-INF/services/javax.validation.spi.ValidationProvider (OnResourceCondition)

   ValidationAutoConfiguration#defaultValidator matched:
      - @ConditionalOnBean (types: javax.validation.Validator; SearchStrategy: all) did not find any beans (OnBeanCondition)

   ValidationAutoConfiguration#methodValidationPostProcessor matched:
      - @ConditionalOnBean (types: org.springframework.validation.beanvalidation.MethodValidationPostProcessor; SearchStrategy: all) did not find any beans (OnBeanCondition)

   WebMvcAutoConfiguration matched:
      - @ConditionalOnClass found required classes 'javax.servlet.Servlet', 'org.springframework.web.servlet.DispatcherServlet', 'org.springframework.web.servlet.config.annotation.WebMvcConfigurer' (OnClassCondition)
      - found 'session' scope (OnWebApplicationCondition)
      - @ConditionalOnBean (types: org.springframework.web.servlet.config.annotation.WebMvcConfigurationSupport; SearchStrategy: all) did not find any beans (OnBeanCondition)

   WebMvcAutoConfiguration#formContentFilter matched:
      - @ConditionalOnProperty (spring.mvc.formcontent.filter.enabled) matched (OnPropertyCondition)
      - @ConditionalOnBean (types: org.springframework.web.filter.FormContentFilter; SearchStrategy: all) did not find any beans (OnBeanCondition)

   WebMvcAutoConfiguration.WebMvcAutoConfigurationAdapter#defaultViewResolver matched:
      - @ConditionalOnBean (types: org.springframework.web.servlet.view.InternalResourceViewResolver; SearchStrategy: all) did not find any beans (OnBeanCondition)

   WebMvcAutoConfiguration.WebMvcAutoConfigurationAdapter#requestContextFilter matched:
      - @ConditionalOnBean (types: org.springframework.web.context.request.RequestContextListener,org.springframework.web.filter.RequestContextFilter; SearchStrategy: all) did not find any beans (OnBeanCondition)

   WebMvcAutoConfiguration.WebMvcAutoConfigurationAdapter#viewResolver matched:
      - @ConditionalOnBean (types: org.springframework.web.servlet.ViewResolver; SearchStrategy: all) found beans 'defaultViewResolver', 'beanNameViewResolver', 'mvcViewResolver'; @ConditionalOnBean (names: viewResolvertypes: org.springframework.web.servlet.view.ContentNegotiatingViewResolver; SearchStrategy: all) did not find any beans (OnBeanCondition)

   WebMvcAutoConfiguration.WebMvcAutoConfigurationAdapter.FaviconConfiguration matched:
      - @ConditionalOnProperty (spring.mvc.favicon.enabled) matched (OnPropertyCondition)

   WebSocketServletAutoConfiguration matched:
      - @ConditionalOnClass found required classes 'javax.servlet.Servlet', 'javax.websocket.server.ServerContainer' (OnClassCondition)
      - found 'session' scope (OnWebApplicationCondition)

   WebSocketServletAutoConfiguration.TomcatWebSocketConfiguration matched:
      - @ConditionalOnClass found required classes 'org.apache.catalina.startup.Tomcat', 'org.apache.tomcat.websocket.server.WsSci' (OnClassCondition)

   WebSocketServletAutoConfiguration.TomcatWebSocketConfiguration#websocketServletWebServerCustomizer matched:
      - @ConditionalOnBean (names: websocketServletWebServerCustomizer; ; SearchStrategy: all) did not find any beans (OnBeanCondition)


Negative matches:
-----------------

   ActiveMQAutoConfiguration:
      Did not match:
         - @ConditionalOnClass did not find required class 'javax.jms.ConnectionFactory' (OnClassCondition)

   AopAutoConfiguration.JdkDynamicAutoProxyConfiguration:
      Did not match:
         - @ConditionalOnProperty (spring.aop.proxy-target-class=false) did not find property 'proxy-target-class' (OnPropertyCondition)

   ArtemisAutoConfiguration:
      Did not match:
         - @ConditionalOnClass did not find required class 'javax.jms.ConnectionFactory' (OnClassCondition)

   AtomikosJtaConfiguration:
      Did not match:
         - @ConditionalOnClass did not find required class 'com.atomikos.icatch.jta.UserTransactionManager' (OnClassCondition)

   BatchAutoConfiguration:
      Did not match:
         - @ConditionalOnClass did not find required class 'org.springframework.batch.core.launch.JobLauncher' (OnClassCondition)

   BitronixJtaConfiguration:
      Did not match:
         - @ConditionalOnClass did not find required class 'bitronix.tm.jndi.BitronixContext' (OnClassCondition)

   CacheAutoConfiguration:
      Did not match:
         - @ConditionalOnBean (types: org.springframework.cache.interceptor.CacheAspectSupport; SearchStrategy: all) did not find any beans of type org.springframework.cache.interceptor.CacheAspectSupport (OnBeanCondition)
      Matched:
         - @ConditionalOnClass found required class 'org.springframework.cache.CacheManager' (OnClassCondition)

   CacheAutoConfiguration.CacheManagerJpaDependencyConfiguration:
      Did not match:
         - Ancestor org.springframework.boot.autoconfigure.cache.CacheAutoConfiguration did not match (ConditionEvaluationReport.AncestorsMatchedCondition)
      Matched:
         - @ConditionalOnClass found required class 'org.springframework.orm.jpa.LocalContainerEntityManagerFactoryBean' (OnClassCondition)

   CaffeineCacheConfiguration:
      Did not match:
         - @ConditionalOnClass did not find required classes 'com.github.benmanes.caffeine.cache.Caffeine', 'org.springframework.cache.caffeine.CaffeineCacheManager' (OnClassCondition)

   CassandraAutoConfiguration:
      Did not match:
         - @ConditionalOnClass did not find required class 'com.datastax.driver.core.Cluster' (OnClassCondition)

   CassandraDataAutoConfiguration:
      Did not match:
         - @ConditionalOnClass did not find required class 'com.datastax.driver.core.Cluster' (OnClassCondition)

   CassandraReactiveDataAutoConfiguration:
      Did not match:
         - @ConditionalOnClass did not find required class 'com.datastax.driver.core.Cluster' (OnClassCondition)

   CassandraReactiveRepositoriesAutoConfiguration:
      Did not match:
         - @ConditionalOnClass did not find required class 'org.springframework.data.cassandra.ReactiveSession' (OnClassCondition)

   CassandraRepositoriesAutoConfiguration:
      Did not match:
         - @ConditionalOnClass did not find required class 'com.datastax.driver.core.Session' (OnClassCondition)

   ClientHttpConnectorAutoConfiguration:
      Did not match:
         - @ConditionalOnClass did not find required class 'org.springframework.web.reactive.function.client.WebClient' (OnClassCondition)

   CloudServiceConnectorsAutoConfiguration:
      Did not match:
         - @ConditionalOnClass did not find required class 'org.springframework.cloud.config.java.CloudScanConfiguration' (OnClassCondition)

   CodecsAutoConfiguration:
      Did not match:
         - @ConditionalOnClass did not find required class 'org.springframework.web.reactive.function.client.WebClient' (OnClassCondition)

   CouchbaseAutoConfiguration:
      Did not match:
         - @ConditionalOnClass did not find required class 'com.couchbase.client.java.Cluster' (OnClassCondition)

   CouchbaseCacheConfiguration:
      Did not match:
         - @ConditionalOnClass did not find required classes 'com.couchbase.client.java.Bucket', 'com.couchbase.client.spring.cache.CouchbaseCacheManager' (OnClassCondition)

   CouchbaseDataAutoConfiguration:
      Did not match:
         - @ConditionalOnClass did not find required class 'com.couchbase.client.java.Bucket' (OnClassCondition)

   CouchbaseReactiveDataAutoConfiguration:
      Did not match:
         - @ConditionalOnClass did not find required class 'com.couchbase.client.java.Bucket' (OnClassCondition)

   CouchbaseReactiveRepositoriesAutoConfiguration:
      Did not match:
         - @ConditionalOnClass did not find required class 'com.couchbase.client.java.Bucket' (OnClassCondition)

   CouchbaseRepositoriesAutoConfiguration:
      Did not match:
         - @ConditionalOnClass did not find required class 'com.couchbase.client.java.Bucket' (OnClassCondition)

   DataSourceAutoConfiguration.EmbeddedDatabaseConfiguration:
      Did not match:
         - EmbeddedDataSource found supported pooled data source (DataSourceAutoConfiguration.EmbeddedDatabaseCondition)

   DataSourceConfiguration.Dbcp2:
      Did not match:
         - @ConditionalOnClass did not find required class 'org.apache.commons.dbcp2.BasicDataSource' (OnClassCondition)

   DataSourceConfiguration.Generic:
      Did not match:
         - @ConditionalOnProperty (spring.datasource.type) did not find property 'spring.datasource.type' (OnPropertyCondition)

   DataSourceConfiguration.Tomcat:
      Did not match:
         - @ConditionalOnClass did not find required class 'org.apache.tomcat.jdbc.pool.DataSource' (OnClassCondition)

   DataSourceJmxConfiguration:
      Did not match:
         - @ConditionalOnProperty (spring.jmx.enabled=true) found different value in property 'enabled' (OnPropertyCondition)

   DataSourcePoolMetadataProvidersConfiguration.CommonsDbcp2PoolDataSourceMetadataProviderConfiguration:
      Did not match:
         - @ConditionalOnClass did not find required class 'org.apache.commons.dbcp2.BasicDataSource' (OnClassCondition)

   DataSourcePoolMetadataProvidersConfiguration.TomcatDataSourcePoolMetadataProviderConfiguration:
      Did not match:
         - @ConditionalOnClass did not find required class 'org.apache.tomcat.jdbc.pool.DataSource' (OnClassCondition)

   DataSourceTransactionManagerAutoConfiguration.DataSourceTransactionManagerConfiguration#transactionManager:
      Did not match:
         - @ConditionalOnBean (types: org.springframework.transaction.PlatformTransactionManager; SearchStrategy: all) found beans of type 'org.springframework.transaction.PlatformTransactionManager' transactionManager (OnBeanCondition)

   DispatcherServletAutoConfiguration.DispatcherServletConfiguration#multipartResolver:
      Did not match:
         - @ConditionalOnBean (types: org.springframework.web.multipart.MultipartResolver; SearchStrategy: all) did not find any beans of type org.springframework.web.multipart.MultipartResolver (OnBeanCondition)

   EhCacheCacheConfiguration:
      Did not match:
         - @ConditionalOnClass did not find required classes 'net.sf.ehcache.Cache', 'org.springframework.cache.ehcache.EhCacheCacheManager' (OnClassCondition)

   ElasticsearchAutoConfiguration:
      Did not match:
         - @ConditionalOnClass did not find required class 'org.elasticsearch.client.Client' (OnClassCondition)

   ElasticsearchDataAutoConfiguration:
      Did not match:
         - @ConditionalOnClass did not find required class 'org.springframework.data.elasticsearch.core.ElasticsearchTemplate' (OnClassCondition)

   ElasticsearchRepositoriesAutoConfiguration:
      Did not match:
         - @ConditionalOnClass did not find required class 'org.elasticsearch.client.Client' (OnClassCondition)

   EmbeddedLdapAutoConfiguration:
      Did not match:
         - @ConditionalOnClass did not find required class 'com.unboundid.ldap.listener.InMemoryDirectoryServer' (OnClassCondition)

   EmbeddedMongoAutoConfiguration:
      Did not match:
         - @ConditionalOnClass did not find required class 'com.mongodb.MongoClient' (OnClassCondition)

   EmbeddedWebServerFactoryCustomizerAutoConfiguration.JettyWebServerFactoryCustomizerConfiguration:
      Did not match:
         - @ConditionalOnClass did not find required classes 'org.eclipse.jetty.server.Server', 'org.eclipse.jetty.util.Loader', 'org.eclipse.jetty.webapp.WebAppContext' (OnClassCondition)

   EmbeddedWebServerFactoryCustomizerAutoConfiguration.NettyWebServerFactoryCustomizerConfiguration:
      Did not match:
         - @ConditionalOnClass did not find required class 'reactor.netty.http.server.HttpServer' (OnClassCondition)

   EmbeddedWebServerFactoryCustomizerAutoConfiguration.UndertowWebServerFactoryCustomizerConfiguration:
      Did not match:
         - @ConditionalOnClass did not find required classes 'io.undertow.Undertow', 'org.xnio.SslClientAuthMode' (OnClassCondition)

   ErrorWebFluxAutoConfiguration:
      Did not match:
         - @ConditionalOnClass did not find required class 'org.springframework.web.reactive.config.WebFluxConfigurer' (OnClassCondition)

   FlywayAutoConfiguration:
      Did not match:
         - @ConditionalOnClass did not find required class 'org.flywaydb.core.Flyway' (OnClassCondition)

   FreeMarkerAutoConfiguration:
      Did not match:
         - @ConditionalOnClass did not find required class 'freemarker.template.Configuration' (OnClassCondition)

   GroovyTemplateAutoConfiguration:
      Did not match:
         - @ConditionalOnClass did not find required class 'groovy.text.markup.MarkupTemplateEngine' (OnClassCondition)

   GsonAutoConfiguration:
      Did not match:
         - @ConditionalOnClass did not find required class 'com.google.gson.Gson' (OnClassCondition)

   GsonHttpMessageConvertersConfiguration:
      Did not match:
         - @ConditionalOnClass did not find required class 'com.google.gson.Gson' (OnClassCondition)

   HazelcastAutoConfiguration:
      Did not match:
         - @ConditionalOnClass did not find required class 'com.hazelcast.core.HazelcastInstance' (OnClassCondition)

   HazelcastCacheConfiguration:
      Did not match:
         - @ConditionalOnClass did not find required classes 'com.hazelcast.core.HazelcastInstance', 'com.hazelcast.spring.cache.HazelcastCacheManager' (OnClassCondition)

   HazelcastJpaDependencyAutoConfiguration:
      Did not match:
         - @ConditionalOnClass did not find required class 'com.hazelcast.core.HazelcastInstance' (OnClassCondition)

   HttpHandlerAutoConfiguration:
      Did not match:
         - @ConditionalOnClass did not find required class 'org.springframework.web.reactive.DispatcherHandler' (OnClassCondition)

   HypermediaAutoConfiguration:
      Did not match:
         - @ConditionalOnClass did not find required class 'org.springframework.hateoas.EntityModel' (OnClassCondition)

   InfinispanCacheConfiguration:
      Did not match:
         - @ConditionalOnClass did not find required class 'org.infinispan.spring.embedded.provider.SpringEmbeddedCacheManager' (OnClassCondition)

   InfluxDbAutoConfiguration:
      Did not match:
         - @ConditionalOnClass did not find required class 'org.influxdb.InfluxDB' (OnClassCondition)

   IntegrationAutoConfiguration:
      Did not match:
         - @ConditionalOnClass did not find required class 'org.springframework.integration.config.EnableIntegration' (OnClassCondition)

   JCacheCacheConfiguration:
      Did not match:
         - @ConditionalOnClass did not find required classes 'javax.cache.Caching', 'org.springframework.cache.jcache.JCacheCacheManager' (OnClassCondition)

   JacksonAutoConfiguration.JodaDateTimeJacksonConfiguration:
      Did not match:
         - @ConditionalOnClass did not find required classes 'org.joda.time.DateTime', 'com.fasterxml.jackson.datatype.joda.ser.DateTimeSerializer', 'com.fasterxml.jackson.datatype.joda.cfg.JacksonJodaDateFormat' (OnClassCondition)

   JacksonHttpMessageConvertersConfiguration.MappingJackson2XmlHttpMessageConverterConfiguration:
      Did not match:
         - @ConditionalOnClass did not find required class 'com.fasterxml.jackson.dataformat.xml.XmlMapper' (OnClassCondition)

   JdbcRepositoriesAutoConfiguration:
      Did not match:
         - @ConditionalOnClass did not find required class 'org.springframework.data.jdbc.repository.config.AbstractJdbcConfiguration' (OnClassCondition)

   JerseyAutoConfiguration:
      Did not match:
         - @ConditionalOnClass did not find required class 'org.glassfish.jersey.server.spring.SpringComponentProvider' (OnClassCondition)

   JestAutoConfiguration:
      Did not match:
         - @ConditionalOnClass did not find required class 'io.searchbox.client.JestClient' (OnClassCondition)

   JmsAutoConfiguration:
      Did not match:
         - @ConditionalOnClass did not find required class 'javax.jms.Message' (OnClassCondition)

   JmxAutoConfiguration:
      Did not match:
         - @ConditionalOnProperty (spring.jmx.enabled=true) found different value in property 'enabled' (OnPropertyCondition)
      Matched:
         - @ConditionalOnClass found required class 'org.springframework.jmx.export.MBeanExporter' (OnClassCondition)

   JndiConnectionFactoryAutoConfiguration:
      Did not match:
         - @ConditionalOnClass did not find required class 'org.springframework.jms.core.JmsTemplate' (OnClassCondition)

   JndiDataSourceAutoConfiguration:
      Did not match:
         - @ConditionalOnProperty (spring.datasource.jndi-name) did not find property 'jndi-name' (OnPropertyCondition)
      Matched:
         - @ConditionalOnClass found required classes 'javax.sql.DataSource', 'org.springframework.jdbc.datasource.embedded.EmbeddedDatabaseType' (OnClassCondition)

   JndiJtaConfiguration:
      Did not match:
         - @ConditionalOnJndi JNDI environment is not available (OnJndiCondition)
      Matched:
         - @ConditionalOnClass found required class 'org.springframework.transaction.jta.JtaTransactionManager' (OnClassCondition)

   JooqAutoConfiguration:
      Did not match:
         - @ConditionalOnClass did not find required class 'org.jooq.DSLContext' (OnClassCondition)

   JpaRepositoriesAutoConfiguration#entityManagerFactoryBootstrapExecutorCustomizer:
      Did not match:
         - AnyNestedCondition 0 matched 2 did not; NestedCondition on JpaRepositoriesAutoConfiguration.BootstrapExecutorCondition.LazyBootstrapMode @ConditionalOnProperty (spring.data.jpa.repositories.bootstrap-mode=lazy) did not find property 'bootstrap-mode'; NestedCondition on JpaRepositoriesAutoConfiguration.BootstrapExecutorCondition.DeferredBootstrapMode @ConditionalOnProperty (spring.data.jpa.repositories.bootstrap-mode=deferred) did not find property 'bootstrap-mode' (JpaRepositoriesAutoConfiguration.BootstrapExecutorCondition)

   JsonbAutoConfiguration:
      Did not match:
         - @ConditionalOnClass did not find required class 'javax.json.bind.Jsonb' (OnClassCondition)

   JsonbHttpMessageConvertersConfiguration:
      Did not match:
         - @ConditionalOnClass did not find required class 'javax.json.bind.Jsonb' (OnClassCondition)

   KafkaAutoConfiguration:
      Did not match:
         - @ConditionalOnClass did not find required class 'org.springframework.kafka.core.KafkaTemplate' (OnClassCondition)

   LdapAutoConfiguration:
      Did not match:
         - @ConditionalOnClass did not find required class 'org.springframework.ldap.core.ContextSource' (OnClassCondition)

   LdapRepositoriesAutoConfiguration:
      Did not match:
         - @ConditionalOnClass did not find required class 'org.springframework.data.ldap.repository.LdapRepository' (OnClassCondition)

   MailSenderAutoConfiguration:
      Did not match:
         - @ConditionalOnClass did not find required class 'javax.mail.internet.MimeMessage' (OnClassCondition)

   MailSenderValidatorAutoConfiguration:
      Did not match:
         - @ConditionalOnSingleCandidate did not find required type 'org.springframework.mail.javamail.JavaMailSenderImpl' (OnBeanCondition)

   MessageSourceAutoConfiguration:
      Did not match:
         - ResourceBundle did not find bundle with basename messages (MessageSourceAutoConfiguration.ResourceBundleCondition)

   MongoAutoConfiguration:
      Did not match:
         - @ConditionalOnClass did not find required class 'com.mongodb.MongoClient' (OnClassCondition)

   MongoDataAutoConfiguration:
      Did not match:
         - @ConditionalOnClass did not find required class 'com.mongodb.client.MongoClient' (OnClassCondition)

   MongoReactiveAutoConfiguration:
      Did not match:
         - @ConditionalOnClass did not find required class 'com.mongodb.reactivestreams.client.MongoClient' (OnClassCondition)

   MongoReactiveDataAutoConfiguration:
      Did not match:
         - @ConditionalOnClass did not find required class 'com.mongodb.reactivestreams.client.MongoClient' (OnClassCondition)

   MongoReactiveRepositoriesAutoConfiguration:
      Did not match:
         - @ConditionalOnClass did not find required class 'com.mongodb.reactivestreams.client.MongoClient' (OnClassCondition)

   MongoRepositoriesAutoConfiguration:
      Did not match:
         - @ConditionalOnClass did not find required class 'com.mongodb.MongoClient' (OnClassCondition)

   MustacheAutoConfiguration:
      Did not match:
         - @ConditionalOnClass did not find required class 'com.samskivert.mustache.Mustache' (OnClassCondition)

   Neo4jDataAutoConfiguration:
      Did not match:
         - @ConditionalOnClass did not find required class 'org.neo4j.ogm.session.SessionFactory' (OnClassCondition)

   Neo4jRepositoriesAutoConfiguration:
      Did not match:
         - @ConditionalOnClass did not find required class 'org.neo4j.ogm.session.Neo4jSession' (OnClassCondition)

   OAuth2ClientAutoConfiguration:
      Did not match:
         - @ConditionalOnClass did not find required class 'org.springframework.security.config.annotation.web.configuration.EnableWebSecurity' (OnClassCondition)

   OAuth2ResourceServerAutoConfiguration.JwtConfiguration:
      Did not match:
         - @ConditionalOnClass did not find required classes 'org.springframework.security.oauth2.server.resource.authentication.JwtAuthenticationToken', 'org.springframework.security.oauth2.jwt.JwtDecoder' (OnClassCondition)

   OAuth2ResourceServerAutoConfiguration.OpaqueTokenConfiguration:
      Did not match:
         - @ConditionalOnClass did not find required classes 'org.springframework.security.oauth2.server.resource.authentication.OAuth2IntrospectionAuthenticationToken', 'org.springframework.security.oauth2.server.resource.introspection.OAuth2TokenIntrospectionClient' (OnClassCondition)

   ProjectInfoAutoConfiguration#buildProperties:
      Did not match:
         - @ConditionalOnResource did not find resource '${spring.info.build.location:classpath:META-INF/build-info.properties}' (OnResourceCondition)

   ProjectInfoAutoConfiguration#gitProperties:
      Did not match:
         - GitResource did not find git info at classpath:git.properties (ProjectInfoAutoConfiguration.GitResourceAvailableCondition)

   QuartzAutoConfiguration:
      Did not match:
         - @ConditionalOnClass did not find required class 'org.quartz.Scheduler' (OnClassCondition)

   RSocketMessagingAutoConfiguration:
      Did not match:
         - @ConditionalOnClass did not find required class 'io.rsocket.RSocketFactory' (OnClassCondition)

   RSocketRequesterAutoConfiguration:
      Did not match:
         - @ConditionalOnClass did not find required class 'io.rsocket.RSocketFactory' (OnClassCondition)

   RSocketServerAutoConfiguration:
      Did not match:
         - @ConditionalOnClass did not find required class 'io.rsocket.RSocketFactory' (OnClassCondition)

   RSocketStrategiesAutoConfiguration:
      Did not match:
         - @ConditionalOnClass did not find required class 'io.netty.buffer.PooledByteBufAllocator' (OnClassCondition)

   RabbitAutoConfiguration:
      Did not match:
         - @ConditionalOnClass did not find required class 'com.rabbitmq.client.Channel' (OnClassCondition)

   ReactiveElasticsearchRepositoriesAutoConfiguration:
      Did not match:
         - @ConditionalOnClass did not find required class 'org.springframework.data.elasticsearch.client.reactive.ReactiveElasticsearchClient' (OnClassCondition)

   ReactiveOAuth2ClientAutoConfiguration:
      Did not match:
         - @ConditionalOnClass did not find required class 'reactor.core.publisher.Flux' (OnClassCondition)

   ReactiveOAuth2ResourceServerAutoConfiguration:
      Did not match:
         - @ConditionalOnClass did not find required class 'org.springframework.security.config.annotation.web.reactive.EnableWebFluxSecurity' (OnClassCondition)

   ReactiveRestClientAutoConfiguration:
      Did not match:
         - @ConditionalOnClass did not find required class 'reactor.netty.http.client.HttpClient' (OnClassCondition)

   ReactiveSecurityAutoConfiguration:
      Did not match:
         - @ConditionalOnClass did not find required class 'reactor.core.publisher.Flux' (OnClassCondition)

   ReactiveUserDetailsServiceAutoConfiguration:
      Did not match:
         - @ConditionalOnClass did not find required class 'org.springframework.security.authentication.ReactiveAuthenticationManager' (OnClassCondition)

   ReactiveWebServerFactoryAutoConfiguration:
      Did not match:
         - @ConditionalOnWebApplication did not find reactive web application classes (OnWebApplicationCondition)

   RedisAutoConfiguration:
      Did not match:
         - @ConditionalOnClass did not find required class 'org.springframework.data.redis.core.RedisOperations' (OnClassCondition)

   RedisCacheConfiguration:
      Did not match:
         - @ConditionalOnClass did not find required class 'org.springframework.data.redis.connection.RedisConnectionFactory' (OnClassCondition)

   RedisReactiveAutoConfiguration:
      Did not match:
         - @ConditionalOnClass did not find required class 'reactor.core.publisher.Flux' (OnClassCondition)

   RedisRepositoriesAutoConfiguration:
      Did not match:
         - @ConditionalOnClass did not find required class 'org.springframework.data.redis.repository.configuration.EnableRedisRepositories' (OnClassCondition)

   RepositoryRestMvcAutoConfiguration:
      Did not match:
         - @ConditionalOnClass did not find required class 'org.springframework.data.rest.webmvc.config.RepositoryRestMvcConfiguration' (OnClassCondition)

   RestClientAutoConfiguration:
      Did not match:
         - @ConditionalOnClass did not find required class 'org.elasticsearch.client.RestClient' (OnClassCondition)

   SecurityAutoConfiguration:
      Did not match:
         - @ConditionalOnClass did not find required class 'org.springframework.security.authentication.DefaultAuthenticationEventPublisher' (OnClassCondition)

   SecurityFilterAutoConfiguration:
      Did not match:
         - @ConditionalOnClass did not find required class 'org.springframework.security.config.http.SessionCreationPolicy' (OnClassCondition)

   SecurityRequestMatcherProviderAutoConfiguration:
      Did not match:
         - @ConditionalOnClass did not find required class 'org.springframework.security.web.util.matcher.RequestMatcher' (OnClassCondition)

   SendGridAutoConfiguration:
      Did not match:
         - @ConditionalOnClass did not find required class 'com.sendgrid.SendGrid' (OnClassCondition)

   ServletWebServerFactoryAutoConfiguration#forwardedHeaderFilter:
      Did not match:
         - @ConditionalOnProperty (server.forward-headers-strategy=framework) did not find property 'server.forward-headers-strategy' (OnPropertyCondition)

   ServletWebServerFactoryConfiguration.EmbeddedJetty:
      Did not match:
         - @ConditionalOnClass did not find required classes 'org.eclipse.jetty.server.Server', 'org.eclipse.jetty.util.Loader', 'org.eclipse.jetty.webapp.WebAppContext' (OnClassCondition)

   ServletWebServerFactoryConfiguration.EmbeddedUndertow:
      Did not match:
         - @ConditionalOnClass did not find required classes 'io.undertow.Undertow', 'org.xnio.SslClientAuthMode' (OnClassCondition)

   SessionAutoConfiguration:
      Did not match:
         - @ConditionalOnClass did not find required class 'org.springframework.session.Session' (OnClassCondition)

   SolrAutoConfiguration:
      Did not match:
         - @ConditionalOnClass did not find required class 'org.apache.solr.client.solrj.impl.CloudSolrClient' (OnClassCondition)

   SolrRepositoriesAutoConfiguration:
      Did not match:
         - @ConditionalOnClass did not find required class 'org.apache.solr.client.solrj.SolrClient' (OnClassCondition)

   SpringApplicationAdminJmxAutoConfiguration:
      Did not match:
         - @ConditionalOnProperty (spring.application.admin.enabled=true) did not find property 'enabled' (OnPropertyCondition)

   TaskSchedulingAutoConfiguration#taskScheduler:
      Did not match:
         - @ConditionalOnBean (names: org.springframework.context.annotation.internalScheduledAnnotationProcessor; ; SearchStrategy: all) did not find any beans named org.springframework.context.annotation.internalScheduledAnnotationProcessor (OnBeanCondition)

   ThymeleafAutoConfiguration:
      Did not match:
         - @ConditionalOnClass did not find required class 'org.thymeleaf.spring5.SpringTemplateEngine' (OnClassCondition)

   TransactionAutoConfiguration.EnableTransactionManagementConfiguration.JdkDynamicAutoProxyConfiguration:
      Did not match:
         - @ConditionalOnProperty (spring.aop.proxy-target-class=false) did not find property 'proxy-target-class' (OnPropertyCondition)

   UserDetailsServiceAutoConfiguration:
      Did not match:
         - @ConditionalOnClass did not find required class 'org.springframework.security.authentication.AuthenticationManager' (OnClassCondition)

   WebClientAutoConfiguration:
      Did not match:
         - @ConditionalOnClass did not find required class 'org.springframework.web.reactive.function.client.WebClient' (OnClassCondition)

   WebFluxAutoConfiguration:
      Did not match:
         - @ConditionalOnClass did not find required class 'org.springframework.web.reactive.config.WebFluxConfigurer' (OnClassCondition)

   WebMvcAutoConfiguration#hiddenHttpMethodFilter:
      Did not match:
         - @ConditionalOnProperty (spring.mvc.hiddenmethod.filter.enabled) did not find property 'enabled' (OnPropertyCondition)

   WebMvcAutoConfiguration.ResourceChainCustomizerConfiguration:
      Did not match:
         - @ConditionalOnEnabledResourceChain did not find class org.webjars.WebJarAssetLocator (OnEnabledResourceChainCondition)

   WebMvcAutoConfiguration.WebMvcAutoConfigurationAdapter#beanNameViewResolver:
      Did not match:
         - @ConditionalOnBean (types: org.springframework.web.servlet.view.BeanNameViewResolver; SearchStrategy: all) found beans of type 'org.springframework.web.servlet.view.BeanNameViewResolver' beanNameViewResolver (OnBeanCondition)

   WebMvcAutoConfiguration.WebMvcAutoConfigurationAdapter#localeResolver:
      Did not match:
         - @ConditionalOnProperty (spring.mvc.locale) did not find property 'locale' (OnPropertyCondition)

   WebServiceTemplateAutoConfiguration:
      Did not match:
         - @ConditionalOnClass did not find required class 'org.springframework.oxm.Marshaller' (OnClassCondition)

   WebServicesAutoConfiguration:
      Did not match:
         - @ConditionalOnClass did not find required class 'org.springframework.ws.transport.http.MessageDispatcherServlet' (OnClassCondition)

   WebSocketMessagingAutoConfiguration:
      Did not match:
         - @ConditionalOnClass did not find required class 'org.springframework.web.socket.config.annotation.WebSocketMessageBrokerConfigurer' (OnClassCondition)

   WebSocketReactiveAutoConfiguration:
      Did not match:
         - @ConditionalOnWebApplication did not find reactive web application classes (OnWebApplicationCondition)

   WebSocketServletAutoConfiguration.JettyWebSocketConfiguration:
      Did not match:
         - @ConditionalOnClass did not find required class 'org.eclipse.jetty.websocket.jsr356.server.deploy.WebSocketServerContainerInitializer' (OnClassCondition)

   WebSocketServletAutoConfiguration.UndertowWebSocketConfiguration:
      Did not match:
         - @ConditionalOnClass did not find required class 'io.undertow.websockets.jsr.Bootstrap' (OnClassCondition)

   XADataSourceAutoConfiguration:
      Did not match:
         - @ConditionalOnBean (types: org.springframework.boot.jdbc.XADataSourceWrapper; SearchStrategy: all) did not find any beans of type org.springframework.boot.jdbc.XADataSourceWrapper (OnBeanCondition)
      Matched:
         - @ConditionalOnClass found required classes 'javax.sql.DataSource', 'javax.transaction.TransactionManager', 'org.springframework.jdbc.datasource.embedded.EmbeddedDatabaseType' (OnClassCondition)


Exclusions:
-----------

    None


Unconditional classes:
----------------------

    org.springframework.boot.autoconfigure.context.ConfigurationPropertiesAutoConfiguration

    org.springframework.boot.autoconfigure.context.PropertyPlaceholderAutoConfiguration

    org.springframework.boot.autoconfigure.info.ProjectInfoAutoConfiguration



2019-09-13 01:22:39.076 ERROR 4924 --- [           main] o.s.boot.SpringApplication               : Application run failed

org.springframework.beans.factory.BeanCreationException: Error creating bean with name 'liquibase' defined in class path resource [org/springframework/boot/autoconfigure/liquibase/LiquibaseAutoConfiguration$LiquibaseConfiguration.class]: Invocation of init method failed; nested exception is liquibase.exception.ChangeLogParseException: Error Reading Migration File: class path resource [db/changelog/changelog-master.xml] cannot be resolved to URL because it does not exist
	at org.springframework.beans.factory.support.AbstractAutowireCapableBeanFactory.initializeBean(AbstractAutowireCapableBeanFactory.java:1804) ~[spring-beans-5.2.0.RC1.jar:5.2.0.RC1]
	at org.springframework.beans.factory.support.AbstractAutowireCapableBeanFactory.doCreateBean(AbstractAutowireCapableBeanFactory.java:595) ~[spring-beans-5.2.0.RC1.jar:5.2.0.RC1]
	at org.springframework.beans.factory.support.AbstractAutowireCapableBeanFactory.createBean(AbstractAutowireCapableBeanFactory.java:517) ~[spring-beans-5.2.0.RC1.jar:5.2.0.RC1]
	at org.springframework.beans.factory.support.AbstractBeanFactory.lambda$doGetBean$0(AbstractBeanFactory.java:323) ~[spring-beans-5.2.0.RC1.jar:5.2.0.RC1]
	at org.springframework.beans.factory.support.DefaultSingletonBeanRegistry.getSingleton(DefaultSingletonBeanRegistry.java:222) ~[spring-beans-5.2.0.RC1.jar:5.2.0.RC1]
	at org.springframework.beans.factory.support.AbstractBeanFactory.doGetBean(AbstractBeanFactory.java:321) ~[spring-beans-5.2.0.RC1.jar:5.2.0.RC1]
	at org.springframework.beans.factory.support.AbstractBeanFactory.getBean(AbstractBeanFactory.java:202) ~[spring-beans-5.2.0.RC1.jar:5.2.0.RC1]
	at org.springframework.beans.factory.support.AbstractBeanFactory.doGetBean(AbstractBeanFactory.java:310) ~[spring-beans-5.2.0.RC1.jar:5.2.0.RC1]
	at org.springframework.beans.factory.support.AbstractBeanFactory.getBean(AbstractBeanFactory.java:202) ~[spring-beans-5.2.0.RC1.jar:5.2.0.RC1]
	at org.springframework.context.support.AbstractApplicationContext.getBean(AbstractApplicationContext.java:1105) ~[spring-context-5.2.0.RC1.jar:5.2.0.RC1]
	at org.springframework.context.support.AbstractApplicationContext.finishBeanFactoryInitialization(AbstractApplicationContext.java:867) ~[spring-context-5.2.0.RC1.jar:5.2.0.RC1]
	at org.springframework.context.support.AbstractApplicationContext.refresh(AbstractApplicationContext.java:549) ~[spring-context-5.2.0.RC1.jar:5.2.0.RC1]
	at org.springframework.boot.SpringApplication.refresh(SpringApplication.java:746) ~[spring-boot-2.2.0.M5.jar:2.2.0.M5]
	at org.springframework.boot.SpringApplication.refreshContext(SpringApplication.java:396) ~[spring-boot-2.2.0.M5.jar:2.2.0.M5]
	at org.springframework.boot.SpringApplication.run(SpringApplication.java:315) ~[spring-boot-2.2.0.M5.jar:2.2.0.M5]
	at org.springframework.boot.test.context.SpringBootContextLoader.loadContext(SpringBootContextLoader.java:125) ~[spring-boot-test-2.2.0.M5.jar:2.2.0.M5]
	at org.springframework.test.context.cache.DefaultCacheAwareContextLoaderDelegate.loadContextInternal(DefaultCacheAwareContextLoaderDelegate.java:99) ~[spring-test-5.2.0.RC1.jar:5.2.0.RC1]
	at org.springframework.test.context.cache.DefaultCacheAwareContextLoaderDelegate.loadContext(DefaultCacheAwareContextLoaderDelegate.java:124) ~[spring-test-5.2.0.RC1.jar:5.2.0.RC1]
	at org.springframework.test.context.support.DefaultTestContext.getApplicationContext(DefaultTestContext.java:122) ~[spring-test-5.2.0.RC1.jar:5.2.0.RC1]
	at org.springframework.test.context.web.ServletTestExecutionListener.setUpRequestContextIfNecessary(ServletTestExecutionListener.java:190) ~[spring-test-5.2.0.RC1.jar:5.2.0.RC1]
	at org.springframework.test.context.web.ServletTestExecutionListener.prepareTestInstance(ServletTestExecutionListener.java:132) ~[spring-test-5.2.0.RC1.jar:5.2.0.RC1]
	at org.springframework.test.context.TestContextManager.prepareTestInstance(TestContextManager.java:244) ~[spring-test-5.2.0.RC1.jar:5.2.0.RC1]
	at org.springframework.test.context.junit.jupiter.SpringExtension.postProcessTestInstance(SpringExtension.java:98) ~[spring-test-5.2.0.RC1.jar:5.2.0.RC1]
	at org.junit.jupiter.engine.descriptor.ClassBasedTestDescriptor.lambda$invokeTestInstancePostProcessors$5(ClassBasedTestDescriptor.java:337) ~[junit-jupiter-engine-5.5.1.jar:5.5.1]
	at org.junit.jupiter.engine.descriptor.ClassBasedTestDescriptor.executeAndMaskThrowable(ClassBasedTestDescriptor.java:342) ~[junit-jupiter-engine-5.5.1.jar:5.5.1]
	at org.junit.jupiter.engine.descriptor.ClassBasedTestDescriptor.lambda$invokeTestInstancePostProcessors$6(ClassBasedTestDescriptor.java:337) ~[junit-jupiter-engine-5.5.1.jar:5.5.1]
	at java.base/java.util.stream.ReferencePipeline$3$1.accept(ReferencePipeline.java:195) ~[na:na]
	at java.base/java.util.stream.ReferencePipeline$2$1.accept(ReferencePipeline.java:177) ~[na:na]
	at java.base/java.util.ArrayList$ArrayListSpliterator.forEachRemaining(ArrayList.java:1654) ~[na:na]
	at java.base/java.util.stream.AbstractPipeline.copyInto(AbstractPipeline.java:484) ~[na:na]
	at java.base/java.util.stream.AbstractPipeline.wrapAndCopyInto(AbstractPipeline.java:474) ~[na:na]
	at java.base/java.util.stream.StreamSpliterators$WrappingSpliterator.forEachRemaining(StreamSpliterators.java:312) ~[na:na]
	at java.base/java.util.stream.Streams$ConcatSpliterator.forEachRemaining(Streams.java:735) ~[na:na]
	at java.base/java.util.stream.Streams$ConcatSpliterator.forEachRemaining(Streams.java:734) ~[na:na]
	at java.base/java.util.stream.ReferencePipeline$Head.forEach(ReferencePipeline.java:658) ~[na:na]
	at org.junit.jupiter.engine.descriptor.ClassBasedTestDescriptor.invokeTestInstancePostProcessors(ClassBasedTestDescriptor.java:336) ~[junit-jupiter-engine-5.5.1.jar:5.5.1]
	at org.junit.jupiter.engine.descriptor.ClassBasedTestDescriptor.instantiateAndPostProcessTestInstance(ClassBasedTestDescriptor.java:259) ~[junit-jupiter-engine-5.5.1.jar:5.5.1]
	at org.junit.jupiter.engine.descriptor.ClassBasedTestDescriptor.lambda$testInstancesProvider$2(ClassBasedTestDescriptor.java:252) ~[junit-jupiter-engine-5.5.1.jar:5.5.1]
	at java.base/java.util.Optional.orElseGet(Optional.java:369) ~[na:na]
	at org.junit.jupiter.engine.descriptor.ClassBasedTestDescriptor.lambda$testInstancesProvider$3(ClassBasedTestDescriptor.java:251) ~[junit-jupiter-engine-5.5.1.jar:5.5.1]
	at org.junit.jupiter.engine.execution.TestInstancesProvider.getTestInstances(TestInstancesProvider.java:29) ~[junit-jupiter-engine-5.5.1.jar:5.5.1]
	at org.junit.jupiter.engine.descriptor.TestMethodTestDescriptor.lambda$prepare$0(TestMethodTestDescriptor.java:106) ~[junit-jupiter-engine-5.5.1.jar:5.5.1]
	at org.junit.platform.engine.support.hierarchical.ThrowableCollector.execute(ThrowableCollector.java:73) ~[junit-platform-engine-1.5.1.jar:1.5.1]
	at org.junit.jupiter.engine.descriptor.TestMethodTestDescriptor.prepare(TestMethodTestDescriptor.java:105) ~[junit-jupiter-engine-5.5.1.jar:5.5.1]
	at org.junit.jupiter.engine.descriptor.TestMethodTestDescriptor.prepare(TestMethodTestDescriptor.java:69) ~[junit-jupiter-engine-5.5.1.jar:5.5.1]
	at org.junit.platform.engine.support.hierarchical.NodeTestTask.lambda$prepare$1(NodeTestTask.java:107) ~[junit-platform-engine-1.5.1.jar:1.5.1]
	at org.junit.platform.engine.support.hierarchical.ThrowableCollector.execute(ThrowableCollector.java:73) ~[junit-platform-engine-1.5.1.jar:1.5.1]
	at org.junit.platform.engine.support.hierarchical.NodeTestTask.prepare(NodeTestTask.java:107) ~[junit-platform-engine-1.5.1.jar:1.5.1]
	at org.junit.platform.engine.support.hierarchical.NodeTestTask.execute(NodeTestTask.java:75) ~[junit-platform-engine-1.5.1.jar:1.5.1]
	at java.base/java.util.ArrayList.forEach(ArrayList.java:1540) ~[na:na]
	at org.junit.platform.engine.support.hierarchical.SameThreadHierarchicalTestExecutorService.invokeAll(SameThreadHierarchicalTestExecutorService.java:38) ~[junit-platform-engine-1.5.1.jar:1.5.1]
	at org.junit.platform.engine.support.hierarchical.NodeTestTask.lambda$executeRecursively$5(NodeTestTask.java:139) ~[junit-platform-engine-1.5.1.jar:1.5.1]
	at org.junit.platform.engine.support.hierarchical.ThrowableCollector.execute(ThrowableCollector.java:73) ~[junit-platform-engine-1.5.1.jar:1.5.1]
	at org.junit.platform.engine.support.hierarchical.NodeTestTask.lambda$executeRecursively$7(NodeTestTask.java:125) ~[junit-platform-engine-1.5.1.jar:1.5.1]
	at org.junit.platform.engine.support.hierarchical.Node.around(Node.java:135) ~[junit-platform-engine-1.5.1.jar:1.5.1]
	at org.junit.platform.engine.support.hierarchical.NodeTestTask.lambda$executeRecursively$8(NodeTestTask.java:123) ~[junit-platform-engine-1.5.1.jar:1.5.1]
	at org.junit.platform.engine.support.hierarchical.ThrowableCollector.execute(ThrowableCollector.java:73) ~[junit-platform-engine-1.5.1.jar:1.5.1]
	at org.junit.platform.engine.support.hierarchical.NodeTestTask.executeRecursively(NodeTestTask.java:122) ~[junit-platform-engine-1.5.1.jar:1.5.1]
	at org.junit.platform.engine.support.hierarchical.NodeTestTask.execute(NodeTestTask.java:80) ~[junit-platform-engine-1.5.1.jar:1.5.1]
	at java.base/java.util.ArrayList.forEach(ArrayList.java:1540) ~[na:na]
	at org.junit.platform.engine.support.hierarchical.SameThreadHierarchicalTestExecutorService.invokeAll(SameThreadHierarchicalTestExecutorService.java:38) ~[junit-platform-engine-1.5.1.jar:1.5.1]
	at org.junit.platform.engine.support.hierarchical.NodeTestTask.lambda$executeRecursively$5(NodeTestTask.java:139) ~[junit-platform-engine-1.5.1.jar:1.5.1]
	at org.junit.platform.engine.support.hierarchical.ThrowableCollector.execute(ThrowableCollector.java:73) ~[junit-platform-engine-1.5.1.jar:1.5.1]
	at org.junit.platform.engine.support.hierarchical.NodeTestTask.lambda$executeRecursively$7(NodeTestTask.java:125) ~[junit-platform-engine-1.5.1.jar:1.5.1]
	at org.junit.platform.engine.support.hierarchical.Node.around(Node.java:135) ~[junit-platform-engine-1.5.1.jar:1.5.1]
	at org.junit.platform.engine.support.hierarchical.NodeTestTask.lambda$executeRecursively$8(NodeTestTask.java:123) ~[junit-platform-engine-1.5.1.jar:1.5.1]
	at org.junit.platform.engine.support.hierarchical.ThrowableCollector.execute(ThrowableCollector.java:73) ~[junit-platform-engine-1.5.1.jar:1.5.1]
	at org.junit.platform.engine.support.hierarchical.NodeTestTask.executeRecursively(NodeTestTask.java:122) ~[junit-platform-engine-1.5.1.jar:1.5.1]
	at org.junit.platform.engine.support.hierarchical.NodeTestTask.execute(NodeTestTask.java:80) ~[junit-platform-engine-1.5.1.jar:1.5.1]
	at org.junit.platform.engine.support.hierarchical.SameThreadHierarchicalTestExecutorService.submit(SameThreadHierarchicalTestExecutorService.java:32) ~[junit-platform-engine-1.5.1.jar:1.5.1]
	at org.junit.platform.engine.support.hierarchical.HierarchicalTestExecutor.execute(HierarchicalTestExecutor.java:57) ~[junit-platform-engine-1.5.1.jar:1.5.1]
	at org.junit.platform.engine.support.hierarchical.HierarchicalTestEngine.execute(HierarchicalTestEngine.java:51) ~[junit-platform-engine-1.5.1.jar:1.5.1]
	at org.junit.platform.launcher.core.DefaultLauncher.execute(DefaultLauncher.java:220) ~[junit-platform-launcher-1.3.1.jar:1.3.1]
	at org.junit.platform.launcher.core.DefaultLauncher.lambda$execute$6(DefaultLauncher.java:188) ~[junit-platform-launcher-1.3.1.jar:1.3.1]
	at org.junit.platform.launcher.core.DefaultLauncher.withInterceptedStreams(DefaultLauncher.java:202) ~[junit-platform-launcher-1.3.1.jar:1.3.1]
	at org.junit.platform.launcher.core.DefaultLauncher.execute(DefaultLauncher.java:181) ~[junit-platform-launcher-1.3.1.jar:1.3.1]
	at org.junit.platform.launcher.core.DefaultLauncher.execute(DefaultLauncher.java:128) ~[junit-platform-launcher-1.3.1.jar:1.3.1]
	at org.apache.maven.surefire.junitplatform.JUnitPlatformProvider.invokeAllTests(JUnitPlatformProvider.java:150) ~[surefire-junit-platform-2.22.2.jar:2.22.2]
	at org.apache.maven.surefire.junitplatform.JUnitPlatformProvider.invoke(JUnitPlatformProvider.java:124) ~[surefire-junit-platform-2.22.2.jar:2.22.2]
	at org.apache.maven.surefire.booter.ForkedBooter.invokeProviderInSameClassLoader(ForkedBooter.java:384) ~[surefire-booter-2.22.2.jar:2.22.2]
	at org.apache.maven.surefire.booter.ForkedBooter.runSuitesInProcess(ForkedBooter.java:345) ~[surefire-booter-2.22.2.jar:2.22.2]
	at org.apache.maven.surefire.booter.ForkedBooter.execute(ForkedBooter.java:126) ~[surefire-booter-2.22.2.jar:2.22.2]
	at org.apache.maven.surefire.booter.ForkedBooter.main(ForkedBooter.java:418) ~[surefire-booter-2.22.2.jar:2.22.2]
Caused by: liquibase.exception.ChangeLogParseException: Error Reading Migration File: class path resource [db/changelog/changelog-master.xml] cannot be resolved to URL because it does not exist
	at liquibase.parser.core.xml.XMLChangeLogSAXParser.parseToNode(XMLChangeLogSAXParser.java:118) ~[liquibase-core-3.7.0.jar:na]
	at liquibase.parser.core.xml.AbstractChangeLogParser.parse(AbstractChangeLogParser.java:15) ~[liquibase-core-3.7.0.jar:na]
	at liquibase.Liquibase.getDatabaseChangeLog(Liquibase.java:217) ~[liquibase-core-3.7.0.jar:na]
	at liquibase.Liquibase.update(Liquibase.java:190) ~[liquibase-core-3.7.0.jar:na]
	at liquibase.Liquibase.update(Liquibase.java:179) ~[liquibase-core-3.7.0.jar:na]
	at liquibase.integration.spring.SpringLiquibase.performUpdate(SpringLiquibase.java:366) ~[liquibase-core-3.7.0.jar:na]
	at liquibase.integration.spring.SpringLiquibase.afterPropertiesSet(SpringLiquibase.java:314) ~[liquibase-core-3.7.0.jar:na]
	at org.springframework.beans.factory.support.AbstractAutowireCapableBeanFactory.invokeInitMethods(AbstractAutowireCapableBeanFactory.java:1863) ~[spring-beans-5.2.0.RC1.jar:5.2.0.RC1]
	at org.springframework.beans.factory.support.AbstractAutowireCapableBeanFactory.initializeBean(AbstractAutowireCapableBeanFactory.java:1800) ~[spring-beans-5.2.0.RC1.jar:5.2.0.RC1]
	... 82 common frames omitted
Caused by: java.io.FileNotFoundException: class path resource [db/changelog/changelog-master.xml] cannot be resolved to URL because it does not exist
	at org.springframework.core.io.ClassPathResource.getURL(ClassPathResource.java:195) ~[spring-core-5.2.0.RC1.jar:5.2.0.RC1]
	at liquibase.integration.spring.SpringLiquibase$SpringResourceOpener.getResourcesAsStream(SpringLiquibase.java:613) ~[liquibase-core-3.7.0.jar:na]
	at liquibase.util.StreamUtil.singleInputStream(StreamUtil.java:186) ~[liquibase-core-3.7.0.jar:na]
	at liquibase.parser.core.xml.XMLChangeLogSAXParser.parseToNode(XMLChangeLogSAXParser.java:71) ~[liquibase-core-3.7.0.jar:na]
	... 90 common frames omitted

2019-09-13 01:22:39.081 ERROR 4924 --- [           main] o.s.test.context.TestContextManager      : Caught exception while allowing TestExecutionListener [org.springframework.test.context.web.ServletTestExecutionListener@3a3e78f] to prepare test instance [com.example.database.databaseDemo.DatabaseDemoApplicationTests@e72fb04]

java.lang.IllegalStateException: Failed to load ApplicationContext
	at org.springframework.test.context.cache.DefaultCacheAwareContextLoaderDelegate.loadContext(DefaultCacheAwareContextLoaderDelegate.java:132) ~[spring-test-5.2.0.RC1.jar:5.2.0.RC1]
	at org.springframework.test.context.support.DefaultTestContext.getApplicationContext(DefaultTestContext.java:122) ~[spring-test-5.2.0.RC1.jar:5.2.0.RC1]
	at org.springframework.test.context.web.ServletTestExecutionListener.setUpRequestContextIfNecessary(ServletTestExecutionListener.java:190) ~[spring-test-5.2.0.RC1.jar:5.2.0.RC1]
	at org.springframework.test.context.web.ServletTestExecutionListener.prepareTestInstance(ServletTestExecutionListener.java:132) ~[spring-test-5.2.0.RC1.jar:5.2.0.RC1]
	at org.springframework.test.context.TestContextManager.prepareTestInstance(TestContextManager.java:244) ~[spring-test-5.2.0.RC1.jar:5.2.0.RC1]
	at org.springframework.test.context.junit.jupiter.SpringExtension.postProcessTestInstance(SpringExtension.java:98) ~[spring-test-5.2.0.RC1.jar:5.2.0.RC1]
	at org.junit.jupiter.engine.descriptor.ClassBasedTestDescriptor.lambda$invokeTestInstancePostProcessors$5(ClassBasedTestDescriptor.java:337) ~[junit-jupiter-engine-5.5.1.jar:5.5.1]
	at org.junit.jupiter.engine.descriptor.ClassBasedTestDescriptor.executeAndMaskThrowable(ClassBasedTestDescriptor.java:342) ~[junit-jupiter-engine-5.5.1.jar:5.5.1]
	at org.junit.jupiter.engine.descriptor.ClassBasedTestDescriptor.lambda$invokeTestInstancePostProcessors$6(ClassBasedTestDescriptor.java:337) ~[junit-jupiter-engine-5.5.1.jar:5.5.1]
	at java.base/java.util.stream.ReferencePipeline$3$1.accept(ReferencePipeline.java:195) ~[na:na]
	at java.base/java.util.stream.ReferencePipeline$2$1.accept(ReferencePipeline.java:177) ~[na:na]
	at java.base/java.util.ArrayList$ArrayListSpliterator.forEachRemaining(ArrayList.java:1654) ~[na:na]
	at java.base/java.util.stream.AbstractPipeline.copyInto(AbstractPipeline.java:484) ~[na:na]
	at java.base/java.util.stream.AbstractPipeline.wrapAndCopyInto(AbstractPipeline.java:474) ~[na:na]
	at java.base/java.util.stream.StreamSpliterators$WrappingSpliterator.forEachRemaining(StreamSpliterators.java:312) ~[na:na]
	at java.base/java.util.stream.Streams$ConcatSpliterator.forEachRemaining(Streams.java:735) ~[na:na]
	at java.base/java.util.stream.Streams$ConcatSpliterator.forEachRemaining(Streams.java:734) ~[na:na]
	at java.base/java.util.stream.ReferencePipeline$Head.forEach(ReferencePipeline.java:658) ~[na:na]
	at org.junit.jupiter.engine.descriptor.ClassBasedTestDescriptor.invokeTestInstancePostProcessors(ClassBasedTestDescriptor.java:336) ~[junit-jupiter-engine-5.5.1.jar:5.5.1]
	at org.junit.jupiter.engine.descriptor.ClassBasedTestDescriptor.instantiateAndPostProcessTestInstance(ClassBasedTestDescriptor.java:259) ~[junit-jupiter-engine-5.5.1.jar:5.5.1]
	at org.junit.jupiter.engine.descriptor.ClassBasedTestDescriptor.lambda$testInstancesProvider$2(ClassBasedTestDescriptor.java:252) ~[junit-jupiter-engine-5.5.1.jar:5.5.1]
	at java.base/java.util.Optional.orElseGet(Optional.java:369) ~[na:na]
	at org.junit.jupiter.engine.descriptor.ClassBasedTestDescriptor.lambda$testInstancesProvider$3(ClassBasedTestDescriptor.java:251) ~[junit-jupiter-engine-5.5.1.jar:5.5.1]
	at org.junit.jupiter.engine.execution.TestInstancesProvider.getTestInstances(TestInstancesProvider.java:29) ~[junit-jupiter-engine-5.5.1.jar:5.5.1]
	at org.junit.jupiter.engine.descriptor.TestMethodTestDescriptor.lambda$prepare$0(TestMethodTestDescriptor.java:106) ~[junit-jupiter-engine-5.5.1.jar:5.5.1]
	at org.junit.platform.engine.support.hierarchical.ThrowableCollector.execute(ThrowableCollector.java:73) ~[junit-platform-engine-1.5.1.jar:1.5.1]
	at org.junit.jupiter.engine.descriptor.TestMethodTestDescriptor.prepare(TestMethodTestDescriptor.java:105) ~[junit-jupiter-engine-5.5.1.jar:5.5.1]
	at org.junit.jupiter.engine.descriptor.TestMethodTestDescriptor.prepare(TestMethodTestDescriptor.java:69) ~[junit-jupiter-engine-5.5.1.jar:5.5.1]
	at org.junit.platform.engine.support.hierarchical.NodeTestTask.lambda$prepare$1(NodeTestTask.java:107) ~[junit-platform-engine-1.5.1.jar:1.5.1]
	at org.junit.platform.engine.support.hierarchical.ThrowableCollector.execute(ThrowableCollector.java:73) ~[junit-platform-engine-1.5.1.jar:1.5.1]
	at org.junit.platform.engine.support.hierarchical.NodeTestTask.prepare(NodeTestTask.java:107) ~[junit-platform-engine-1.5.1.jar:1.5.1]
	at org.junit.platform.engine.support.hierarchical.NodeTestTask.execute(NodeTestTask.java:75) ~[junit-platform-engine-1.5.1.jar:1.5.1]
	at java.base/java.util.ArrayList.forEach(ArrayList.java:1540) ~[na:na]
	at org.junit.platform.engine.support.hierarchical.SameThreadHierarchicalTestExecutorService.invokeAll(SameThreadHierarchicalTestExecutorService.java:38) ~[junit-platform-engine-1.5.1.jar:1.5.1]
	at org.junit.platform.engine.support.hierarchical.NodeTestTask.lambda$executeRecursively$5(NodeTestTask.java:139) ~[junit-platform-engine-1.5.1.jar:1.5.1]
	at org.junit.platform.engine.support.hierarchical.ThrowableCollector.execute(ThrowableCollector.java:73) ~[junit-platform-engine-1.5.1.jar:1.5.1]
	at org.junit.platform.engine.support.hierarchical.NodeTestTask.lambda$executeRecursively$7(NodeTestTask.java:125) ~[junit-platform-engine-1.5.1.jar:1.5.1]
	at org.junit.platform.engine.support.hierarchical.Node.around(Node.java:135) ~[junit-platform-engine-1.5.1.jar:1.5.1]
	at org.junit.platform.engine.support.hierarchical.NodeTestTask.lambda$executeRecursively$8(NodeTestTask.java:123) ~[junit-platform-engine-1.5.1.jar:1.5.1]
	at org.junit.platform.engine.support.hierarchical.ThrowableCollector.execute(ThrowableCollector.java:73) ~[junit-platform-engine-1.5.1.jar:1.5.1]
	at org.junit.platform.engine.support.hierarchical.NodeTestTask.executeRecursively(NodeTestTask.java:122) ~[junit-platform-engine-1.5.1.jar:1.5.1]
	at org.junit.platform.engine.support.hierarchical.NodeTestTask.execute(NodeTestTask.java:80) ~[junit-platform-engine-1.5.1.jar:1.5.1]
	at java.base/java.util.ArrayList.forEach(ArrayList.java:1540) ~[na:na]
	at org.junit.platform.engine.support.hierarchical.SameThreadHierarchicalTestExecutorService.invokeAll(SameThreadHierarchicalTestExecutorService.java:38) ~[junit-platform-engine-1.5.1.jar:1.5.1]
	at org.junit.platform.engine.support.hierarchical.NodeTestTask.lambda$executeRecursively$5(NodeTestTask.java:139) ~[junit-platform-engine-1.5.1.jar:1.5.1]
	at org.junit.platform.engine.support.hierarchical.ThrowableCollector.execute(ThrowableCollector.java:73) ~[junit-platform-engine-1.5.1.jar:1.5.1]
	at org.junit.platform.engine.support.hierarchical.NodeTestTask.lambda$executeRecursively$7(NodeTestTask.java:125) ~[junit-platform-engine-1.5.1.jar:1.5.1]
	at org.junit.platform.engine.support.hierarchical.Node.around(Node.java:135) ~[junit-platform-engine-1.5.1.jar:1.5.1]
	at org.junit.platform.engine.support.hierarchical.NodeTestTask.lambda$executeRecursively$8(NodeTestTask.java:123) ~[junit-platform-engine-1.5.1.jar:1.5.1]
	at org.junit.platform.engine.support.hierarchical.ThrowableCollector.execute(ThrowableCollector.java:73) ~[junit-platform-engine-1.5.1.jar:1.5.1]
	at org.junit.platform.engine.support.hierarchical.NodeTestTask.executeRecursively(NodeTestTask.java:122) ~[junit-platform-engine-1.5.1.jar:1.5.1]
	at org.junit.platform.engine.support.hierarchical.NodeTestTask.execute(NodeTestTask.java:80) ~[junit-platform-engine-1.5.1.jar:1.5.1]
	at org.junit.platform.engine.support.hierarchical.SameThreadHierarchicalTestExecutorService.submit(SameThreadHierarchicalTestExecutorService.java:32) ~[junit-platform-engine-1.5.1.jar:1.5.1]
	at org.junit.platform.engine.support.hierarchical.HierarchicalTestExecutor.execute(HierarchicalTestExecutor.java:57) ~[junit-platform-engine-1.5.1.jar:1.5.1]
	at org.junit.platform.engine.support.hierarchical.HierarchicalTestEngine.execute(HierarchicalTestEngine.java:51) ~[junit-platform-engine-1.5.1.jar:1.5.1]
	at org.junit.platform.launcher.core.DefaultLauncher.execute(DefaultLauncher.java:220) ~[junit-platform-launcher-1.3.1.jar:1.3.1]
	at org.junit.platform.launcher.core.DefaultLauncher.lambda$execute$6(DefaultLauncher.java:188) ~[junit-platform-launcher-1.3.1.jar:1.3.1]
	at org.junit.platform.launcher.core.DefaultLauncher.withInterceptedStreams(DefaultLauncher.java:202) ~[junit-platform-launcher-1.3.1.jar:1.3.1]
	at org.junit.platform.launcher.core.DefaultLauncher.execute(DefaultLauncher.java:181) ~[junit-platform-launcher-1.3.1.jar:1.3.1]
	at org.junit.platform.launcher.core.DefaultLauncher.execute(DefaultLauncher.java:128) ~[junit-platform-launcher-1.3.1.jar:1.3.1]
	at org.apache.maven.surefire.junitplatform.JUnitPlatformProvider.invokeAllTests(JUnitPlatformProvider.java:150) ~[surefire-junit-platform-2.22.2.jar:2.22.2]
	at org.apache.maven.surefire.junitplatform.JUnitPlatformProvider.invoke(JUnitPlatformProvider.java:124) ~[surefire-junit-platform-2.22.2.jar:2.22.2]
	at org.apache.maven.surefire.booter.ForkedBooter.invokeProviderInSameClassLoader(ForkedBooter.java:384) ~[surefire-booter-2.22.2.jar:2.22.2]
	at org.apache.maven.surefire.booter.ForkedBooter.runSuitesInProcess(ForkedBooter.java:345) ~[surefire-booter-2.22.2.jar:2.22.2]
	at org.apache.maven.surefire.booter.ForkedBooter.execute(ForkedBooter.java:126) ~[surefire-booter-2.22.2.jar:2.22.2]
	at org.apache.maven.surefire.booter.ForkedBooter.main(ForkedBooter.java:418) ~[surefire-booter-2.22.2.jar:2.22.2]
Caused by: org.springframework.beans.factory.BeanCreationException: Error creating bean with name 'liquibase' defined in class path resource [org/springframework/boot/autoconfigure/liquibase/LiquibaseAutoConfiguration$LiquibaseConfiguration.class]: Invocation of init method failed; nested exception is liquibase.exception.ChangeLogParseException: Error Reading Migration File: class path resource [db/changelog/changelog-master.xml] cannot be resolved to URL because it does not exist
	at org.springframework.beans.factory.support.AbstractAutowireCapableBeanFactory.initializeBean(AbstractAutowireCapableBeanFactory.java:1804) ~[spring-beans-5.2.0.RC1.jar:5.2.0.RC1]
	at org.springframework.beans.factory.support.AbstractAutowireCapableBeanFactory.doCreateBean(AbstractAutowireCapableBeanFactory.java:595) ~[spring-beans-5.2.0.RC1.jar:5.2.0.RC1]
	at org.springframework.beans.factory.support.AbstractAutowireCapableBeanFactory.createBean(AbstractAutowireCapableBeanFactory.java:517) ~[spring-beans-5.2.0.RC1.jar:5.2.0.RC1]
	at org.springframework.beans.factory.support.AbstractBeanFactory.lambda$doGetBean$0(AbstractBeanFactory.java:323) ~[spring-beans-5.2.0.RC1.jar:5.2.0.RC1]
	at org.springframework.beans.factory.support.DefaultSingletonBeanRegistry.getSingleton(DefaultSingletonBeanRegistry.java:222) ~[spring-beans-5.2.0.RC1.jar:5.2.0.RC1]
	at org.springframework.beans.factory.support.AbstractBeanFactory.doGetBean(AbstractBeanFactory.java:321) ~[spring-beans-5.2.0.RC1.jar:5.2.0.RC1]
	at org.springframework.beans.factory.support.AbstractBeanFactory.getBean(AbstractBeanFactory.java:202) ~[spring-beans-5.2.0.RC1.jar:5.2.0.RC1]
	at org.springframework.beans.factory.support.AbstractBeanFactory.doGetBean(AbstractBeanFactory.java:310) ~[spring-beans-5.2.0.RC1.jar:5.2.0.RC1]
	at org.springframework.beans.factory.support.AbstractBeanFactory.getBean(AbstractBeanFactory.java:202) ~[spring-beans-5.2.0.RC1.jar:5.2.0.RC1]
	at org.springframework.context.support.AbstractApplicationContext.getBean(AbstractApplicationContext.java:1105) ~[spring-context-5.2.0.RC1.jar:5.2.0.RC1]
	at org.springframework.context.support.AbstractApplicationContext.finishBeanFactoryInitialization(AbstractApplicationContext.java:867) ~[spring-context-5.2.0.RC1.jar:5.2.0.RC1]
	at org.springframework.context.support.AbstractApplicationContext.refresh(AbstractApplicationContext.java:549) ~[spring-context-5.2.0.RC1.jar:5.2.0.RC1]
	at org.springframework.boot.SpringApplication.refresh(SpringApplication.java:746) ~[spring-boot-2.2.0.M5.jar:2.2.0.M5]
	at org.springframework.boot.SpringApplication.refreshContext(SpringApplication.java:396) ~[spring-boot-2.2.0.M5.jar:2.2.0.M5]
	at org.springframework.boot.SpringApplication.run(SpringApplication.java:315) ~[spring-boot-2.2.0.M5.jar:2.2.0.M5]
	at org.springframework.boot.test.context.SpringBootContextLoader.loadContext(SpringBootContextLoader.java:125) ~[spring-boot-test-2.2.0.M5.jar:2.2.0.M5]
	at org.springframework.test.context.cache.DefaultCacheAwareContextLoaderDelegate.loadContextInternal(DefaultCacheAwareContextLoaderDelegate.java:99) ~[spring-test-5.2.0.RC1.jar:5.2.0.RC1]
	at org.springframework.test.context.cache.DefaultCacheAwareContextLoaderDelegate.loadContext(DefaultCacheAwareContextLoaderDelegate.java:124) ~[spring-test-5.2.0.RC1.jar:5.2.0.RC1]
	... 65 common frames omitted
Caused by: liquibase.exception.ChangeLogParseException: Error Reading Migration File: class path resource [db/changelog/changelog-master.xml] cannot be resolved to URL because it does not exist
	at liquibase.parser.core.xml.XMLChangeLogSAXParser.parseToNode(XMLChangeLogSAXParser.java:118) ~[liquibase-core-3.7.0.jar:na]
	at liquibase.parser.core.xml.AbstractChangeLogParser.parse(AbstractChangeLogParser.java:15) ~[liquibase-core-3.7.0.jar:na]
	at liquibase.Liquibase.getDatabaseChangeLog(Liquibase.java:217) ~[liquibase-core-3.7.0.jar:na]
	at liquibase.Liquibase.update(Liquibase.java:190) ~[liquibase-core-3.7.0.jar:na]
	at liquibase.Liquibase.update(Liquibase.java:179) ~[liquibase-core-3.7.0.jar:na]
	at liquibase.integration.spring.SpringLiquibase.performUpdate(SpringLiquibase.java:366) ~[liquibase-core-3.7.0.jar:na]
	at liquibase.integration.spring.SpringLiquibase.afterPropertiesSet(SpringLiquibase.java:314) ~[liquibase-core-3.7.0.jar:na]
	at org.springframework.beans.factory.support.AbstractAutowireCapableBeanFactory.invokeInitMethods(AbstractAutowireCapableBeanFactory.java:1863) ~[spring-beans-5.2.0.RC1.jar:5.2.0.RC1]
	at org.springframework.beans.factory.support.AbstractAutowireCapableBeanFactory.initializeBean(AbstractAutowireCapableBeanFactory.java:1800) ~[spring-beans-5.2.0.RC1.jar:5.2.0.RC1]
	... 82 common frames omitted
Caused by: java.io.FileNotFoundException: class path resource [db/changelog/changelog-master.xml] cannot be resolved to URL because it does not exist
	at org.springframework.core.io.ClassPathResource.getURL(ClassPathResource.java:195) ~[spring-core-5.2.0.RC1.jar:5.2.0.RC1]
	at liquibase.integration.spring.SpringLiquibase$SpringResourceOpener.getResourcesAsStream(SpringLiquibase.java:613) ~[liquibase-core-3.7.0.jar:na]
	at liquibase.util.StreamUtil.singleInputStream(StreamUtil.java:186) ~[liquibase-core-3.7.0.jar:na]
	at liquibase.parser.core.xml.XMLChangeLogSAXParser.parseToNode(XMLChangeLogSAXParser.java:71) ~[liquibase-core-3.7.0.jar:na]
	... 90 common frames omitted

]]></system-out>
  </testcase>
</testsuite>