<?xml version="1.0" encoding="UTF-8"?>
<testsuite xmlns:xsi="http://www.w3.org/2001/XMLSchema-instance" xsi:noNamespaceSchemaLocation="https://maven.apache.org/surefire/maven-surefire-plugin/xsd/surefire-test-report.xsd" name="com.example.database.databaseDemo.DatabaseDemoApplicationTests" time="30.397" tests="1" errors="0" skipped="0" failures="0">
  <properties>
    <property name="sun.desktop" value="windows"/>
    <property name="awt.toolkit" value="sun.awt.windows.WToolkit"/>
    <property name="file.encoding.pkg" value="sun.io"/>
    <property name="java.specification.version" value="1.8"/>
    <property name="sun.cpu.isalist" value="amd64"/>
    <property name="sun.jnu.encoding" value="Cp1252"/>
    <property name="java.class.path" value="C:\Users\knawab001\Downloads\databaseDemo-20190911T102645Z-001\databaseDemo\target\test-classes;C:\Users\knawab001\Downloads\databaseDemo-20190911T102645Z-001\databaseDemo\target\classes;C:\EIS\Repo\org\springframework\boot\spring-boot-starter-data-jpa\2.2.0.M5\spring-boot-starter-data-jpa-2.2.0.M5.jar;C:\EIS\Repo\org\springframework\boot\spring-boot-starter-aop\2.2.0.M5\spring-boot-starter-aop-2.2.0.M5.jar;C:\EIS\Repo\org\springframework\spring-aop\5.2.0.RC1\spring-aop-5.2.0.RC1.jar;C:\EIS\Repo\org\aspectj\aspectjweaver\1.9.4\aspectjweaver-1.9.4.jar;C:\EIS\Repo\jakarta\activation\jakarta.activation-api\1.2.1\jakarta.activation-api-1.2.1.jar;C:\EIS\Repo\jakarta\persistence\jakarta.persistence-api\2.2.2\jakarta.persistence-api-2.2.2.jar;C:\EIS\Repo\jakarta\transaction\jakarta.transaction-api\1.3.2\jakarta.transaction-api-1.3.2.jar;C:\EIS\Repo\org\hibernate\hibernate-core\5.4.4.Final\hibernate-core-5.4.4.Final.jar;C:\EIS\Repo\org\jboss\logging\jboss-logging\3.4.0.Final\jboss-logging-3.4.0.Final.jar;C:\EIS\Repo\org\javassist\javassist\3.24.0-GA\javassist-3.24.0-GA.jar;C:\EIS\Repo\net\bytebuddy\byte-buddy\1.10.0\byte-buddy-1.10.0.jar;C:\EIS\Repo\antlr\antlr\2.7.7\antlr-2.7.7.jar;C:\EIS\Repo\org\jboss\jandex\2.0.5.Final\jandex-2.0.5.Final.jar;C:\EIS\Repo\com\fasterxml\classmate\1.5.0\classmate-1.5.0.jar;C:\EIS\Repo\org\dom4j\dom4j\2.1.1\dom4j-2.1.1.jar;C:\EIS\Repo\org\hibernate\common\hibernate-commons-annotations\5.1.0.Final\hibernate-commons-annotations-5.1.0.Final.jar;C:\EIS\Repo\org\glassfish\jaxb\jaxb-runtime\2.3.2\jaxb-runtime-2.3.2.jar;C:\EIS\Repo\org\glassfish\jaxb\txw2\2.3.2\txw2-2.3.2.jar;C:\EIS\Repo\com\sun\istack\istack-commons-runtime\3.0.8\istack-commons-runtime-3.0.8.jar;C:\EIS\Repo\org\jvnet\staxex\stax-ex\1.8.1\stax-ex-1.8.1.jar;C:\EIS\Repo\com\sun\xml\fastinfoset\FastInfoset\1.2.16\FastInfoset-1.2.16.jar;C:\EIS\Repo\org\springframework\data\spring-data-jpa\2.2.0.RC2\spring-data-jpa-2.2.0.RC2.jar;C:\EIS\Repo\org\springframework\data\spring-data-commons\2.2.0.RC2\spring-data-commons-2.2.0.RC2.jar;C:\EIS\Repo\org\springframework\spring-orm\5.2.0.RC1\spring-orm-5.2.0.RC1.jar;C:\EIS\Repo\org\springframework\spring-context\5.2.0.RC1\spring-context-5.2.0.RC1.jar;C:\EIS\Repo\org\springframework\spring-tx\5.2.0.RC1\spring-tx-5.2.0.RC1.jar;C:\EIS\Repo\org\springframework\spring-beans\5.2.0.RC1\spring-beans-5.2.0.RC1.jar;C:\EIS\Repo\org\slf4j\slf4j-api\1.7.26\slf4j-api-1.7.26.jar;C:\EIS\Repo\org\springframework\spring-aspects\5.2.0.RC1\spring-aspects-5.2.0.RC1.jar;C:\EIS\Repo\org\springframework\boot\spring-boot-starter-jdbc\2.2.0.M5\spring-boot-starter-jdbc-2.2.0.M5.jar;C:\EIS\Repo\org\springframework\boot\spring-boot-starter\2.2.0.M5\spring-boot-starter-2.2.0.M5.jar;C:\EIS\Repo\org\springframework\boot\spring-boot\2.2.0.M5\spring-boot-2.2.0.M5.jar;C:\EIS\Repo\org\springframework\boot\spring-boot-autoconfigure\2.2.0.M5\spring-boot-autoconfigure-2.2.0.M5.jar;C:\EIS\Repo\org\springframework\boot\spring-boot-starter-logging\2.2.0.M5\spring-boot-starter-logging-2.2.0.M5.jar;C:\EIS\Repo\ch\qos\logback\logback-classic\1.2.3\logback-classic-1.2.3.jar;C:\EIS\Repo\ch\qos\logback\logback-core\1.2.3\logback-core-1.2.3.jar;C:\EIS\Repo\org\apache\logging\log4j\log4j-to-slf4j\2.12.0\log4j-to-slf4j-2.12.0.jar;C:\EIS\Repo\org\apache\logging\log4j\log4j-api\2.12.0\log4j-api-2.12.0.jar;C:\EIS\Repo\org\slf4j\jul-to-slf4j\1.7.26\jul-to-slf4j-1.7.26.jar;C:\EIS\Repo\jakarta\annotation\jakarta.annotation-api\1.3.4\jakarta.annotation-api-1.3.4.jar;C:\EIS\Repo\org\yaml\snakeyaml\1.24\snakeyaml-1.24.jar;C:\EIS\Repo\com\zaxxer\HikariCP\3.3.1\HikariCP-3.3.1.jar;C:\EIS\Repo\org\springframework\spring-jdbc\5.2.0.RC1\spring-jdbc-5.2.0.RC1.jar;C:\EIS\Repo\org\springframework\boot\spring-boot-starter-web\2.2.0.M5\spring-boot-starter-web-2.2.0.M5.jar;C:\EIS\Repo\org\springframework\boot\spring-boot-starter-json\2.2.0.M5\spring-boot-starter-json-2.2.0.M5.jar;C:\EIS\Repo\com\fasterxml\jackson\core\jackson-databind\2.9.9\jackson-databind-2.9.9.jar;C:\EIS\Repo\com\fasterxml\jackson\core\jackson-annotations\2.9.0\jackson-annotations-2.9.0.jar;C:\EIS\Repo\com\fasterxml\jackson\core\jackson-core\2.9.9\jackson-core-2.9.9.jar;C:\EIS\Repo\com\fasterxml\jackson\datatype\jackson-datatype-jdk8\2.9.9\jackson-datatype-jdk8-2.9.9.jar;C:\EIS\Repo\com\fasterxml\jackson\datatype\jackson-datatype-jsr310\2.9.9\jackson-datatype-jsr310-2.9.9.jar;C:\EIS\Repo\com\fasterxml\jackson\module\jackson-module-parameter-names\2.9.9\jackson-module-parameter-names-2.9.9.jar;C:\EIS\Repo\org\springframework\boot\spring-boot-starter-tomcat\2.2.0.M5\spring-boot-starter-tomcat-2.2.0.M5.jar;C:\EIS\Repo\org\apache\tomcat\embed\tomcat-embed-core\9.0.22\tomcat-embed-core-9.0.22.jar;C:\EIS\Repo\org\apache\tomcat\embed\tomcat-embed-el\9.0.22\tomcat-embed-el-9.0.22.jar;C:\EIS\Repo\org\apache\tomcat\embed\tomcat-embed-websocket\9.0.22\tomcat-embed-websocket-9.0.22.jar;C:\EIS\Repo\org\springframework\boot\spring-boot-starter-validation\2.2.0.M5\spring-boot-starter-validation-2.2.0.M5.jar;C:\EIS\Repo\jakarta\validation\jakarta.validation-api\2.0.1\jakarta.validation-api-2.0.1.jar;C:\EIS\Repo\org\hibernate\validator\hibernate-validator\6.0.17.Final\hibernate-validator-6.0.17.Final.jar;C:\EIS\Repo\org\springframework\spring-web\5.2.0.RC1\spring-web-5.2.0.RC1.jar;C:\EIS\Repo\org\springframework\spring-webmvc\5.2.0.RC1\spring-webmvc-5.2.0.RC1.jar;C:\EIS\Repo\org\springframework\spring-expression\5.2.0.RC1\spring-expression-5.2.0.RC1.jar;C:\EIS\Repo\com\h2database\h2\1.4.199\h2-1.4.199.jar;C:\EIS\Repo\org\springframework\boot\spring-boot-starter-test\2.2.0.M5\spring-boot-starter-test-2.2.0.M5.jar;C:\EIS\Repo\org\springframework\boot\spring-boot-test\2.2.0.M5\spring-boot-test-2.2.0.M5.jar;C:\EIS\Repo\org\springframework\boot\spring-boot-test-autoconfigure\2.2.0.M5\spring-boot-test-autoconfigure-2.2.0.M5.jar;C:\EIS\Repo\com\jayway\jsonpath\json-path\2.4.0\json-path-2.4.0.jar;C:\EIS\Repo\net\minidev\json-smart\2.3\json-smart-2.3.jar;C:\EIS\Repo\net\minidev\accessors-smart\1.2\accessors-smart-1.2.jar;C:\EIS\Repo\org\ow2\asm\asm\5.0.4\asm-5.0.4.jar;C:\EIS\Repo\jakarta\xml\bind\jakarta.xml.bind-api\2.3.2\jakarta.xml.bind-api-2.3.2.jar;C:\EIS\Repo\org\junit\jupiter\junit-jupiter\5.5.1\junit-jupiter-5.5.1.jar;C:\EIS\Repo\org\junit\jupiter\junit-jupiter-api\5.5.1\junit-jupiter-api-5.5.1.jar;C:\EIS\Repo\org\apiguardian\apiguardian-api\1.1.0\apiguardian-api-1.1.0.jar;C:\EIS\Repo\org\opentest4j\opentest4j\1.2.0\opentest4j-1.2.0.jar;C:\EIS\Repo\org\junit\platform\junit-platform-commons\1.5.1\junit-platform-commons-1.5.1.jar;C:\EIS\Repo\org\junit\jupiter\junit-jupiter-params\5.5.1\junit-jupiter-params-5.5.1.jar;C:\EIS\Repo\org\junit\jupiter\junit-jupiter-engine\5.5.1\junit-jupiter-engine-5.5.1.jar;C:\EIS\Repo\org\junit\platform\junit-platform-engine\1.5.1\junit-platform-engine-1.5.1.jar;C:\EIS\Repo\org\mockito\mockito-junit-jupiter\2.28.2\mockito-junit-jupiter-2.28.2.jar;C:\EIS\Repo\org\assertj\assertj-core\3.13.2\assertj-core-3.13.2.jar;C:\EIS\Repo\org\hamcrest\hamcrest\2.1\hamcrest-2.1.jar;C:\EIS\Repo\org\mockito\mockito-core\2.28.2\mockito-core-2.28.2.jar;C:\EIS\Repo\net\bytebuddy\byte-buddy-agent\1.10.0\byte-buddy-agent-1.10.0.jar;C:\EIS\Repo\org\objenesis\objenesis\2.6\objenesis-2.6.jar;C:\EIS\Repo\org\skyscreamer\jsonassert\1.5.0\jsonassert-1.5.0.jar;C:\EIS\Repo\com\vaadin\external\google\android-json\0.0.20131108.vaadin1\android-json-0.0.20131108.vaadin1.jar;C:\EIS\Repo\org\springframework\spring-core\5.2.0.RC1\spring-core-5.2.0.RC1.jar;C:\EIS\Repo\org\springframework\spring-jcl\5.2.0.RC1\spring-jcl-5.2.0.RC1.jar;C:\EIS\Repo\org\springframework\spring-test\5.2.0.RC1\spring-test-5.2.0.RC1.jar;C:\EIS\Repo\org\xmlunit\xmlunit-core\2.6.3\xmlunit-core-2.6.3.jar;"/>
    <property name="java.vm.vendor" value="Oracle Corporation"/>
    <property name="sun.arch.data.model" value="64"/>
    <property name="user.variant" value=""/>
    <property name="java.vendor.url" value="http://java.oracle.com/"/>
    <property name="user.timezone" value="Asia/Calcutta"/>
    <property name="java.vm.specification.version" value="1.8"/>
    <property name="os.name" value="Windows 10"/>
    <property name="user.country" value="US"/>
    <property name="sun.java.launcher" value="SUN_STANDARD"/>
    <property name="sun.boot.library.path" value="C:\Program Files\Java\jdk1.8.0_171\jre\bin"/>
    <property name="sun.java.command" value="C:\Users\KNAWAB~1\AppData\Local\Temp\surefire7893838910040935784\surefirebooter6778769347777172734.jar C:\Users\knawab001\AppData\Local\Temp\surefire7893838910040935784 2019-09-11T18-02-43_431-jvmRun1 surefire463764873566489920tmp surefire_08855322384556817015tmp"/>
    <property name="surefire.test.class.path" value="C:\Users\knawab001\Downloads\databaseDemo-20190911T102645Z-001\databaseDemo\target\test-classes;C:\Users\knawab001\Downloads\databaseDemo-20190911T102645Z-001\databaseDemo\target\classes;C:\EIS\Repo\org\springframework\boot\spring-boot-starter-data-jpa\2.2.0.M5\spring-boot-starter-data-jpa-2.2.0.M5.jar;C:\EIS\Repo\org\springframework\boot\spring-boot-starter-aop\2.2.0.M5\spring-boot-starter-aop-2.2.0.M5.jar;C:\EIS\Repo\org\springframework\spring-aop\5.2.0.RC1\spring-aop-5.2.0.RC1.jar;C:\EIS\Repo\org\aspectj\aspectjweaver\1.9.4\aspectjweaver-1.9.4.jar;C:\EIS\Repo\jakarta\activation\jakarta.activation-api\1.2.1\jakarta.activation-api-1.2.1.jar;C:\EIS\Repo\jakarta\persistence\jakarta.persistence-api\2.2.2\jakarta.persistence-api-2.2.2.jar;C:\EIS\Repo\jakarta\transaction\jakarta.transaction-api\1.3.2\jakarta.transaction-api-1.3.2.jar;C:\EIS\Repo\org\hibernate\hibernate-core\5.4.4.Final\hibernate-core-5.4.4.Final.jar;C:\EIS\Repo\org\jboss\logging\jboss-logging\3.4.0.Final\jboss-logging-3.4.0.Final.jar;C:\EIS\Repo\org\javassist\javassist\3.24.0-GA\javassist-3.24.0-GA.jar;C:\EIS\Repo\net\bytebuddy\byte-buddy\1.10.0\byte-buddy-1.10.0.jar;C:\EIS\Repo\antlr\antlr\2.7.7\antlr-2.7.7.jar;C:\EIS\Repo\org\jboss\jandex\2.0.5.Final\jandex-2.0.5.Final.jar;C:\EIS\Repo\com\fasterxml\classmate\1.5.0\classmate-1.5.0.jar;C:\EIS\Repo\org\dom4j\dom4j\2.1.1\dom4j-2.1.1.jar;C:\EIS\Repo\org\hibernate\common\hibernate-commons-annotations\5.1.0.Final\hibernate-commons-annotations-5.1.0.Final.jar;C:\EIS\Repo\org\glassfish\jaxb\jaxb-runtime\2.3.2\jaxb-runtime-2.3.2.jar;C:\EIS\Repo\org\glassfish\jaxb\txw2\2.3.2\txw2-2.3.2.jar;C:\EIS\Repo\com\sun\istack\istack-commons-runtime\3.0.8\istack-commons-runtime-3.0.8.jar;C:\EIS\Repo\org\jvnet\staxex\stax-ex\1.8.1\stax-ex-1.8.1.jar;C:\EIS\Repo\com\sun\xml\fastinfoset\FastInfoset\1.2.16\FastInfoset-1.2.16.jar;C:\EIS\Repo\org\springframework\data\spring-data-jpa\2.2.0.RC2\spring-data-jpa-2.2.0.RC2.jar;C:\EIS\Repo\org\springframework\data\spring-data-commons\2.2.0.RC2\spring-data-commons-2.2.0.RC2.jar;C:\EIS\Repo\org\springframework\spring-orm\5.2.0.RC1\spring-orm-5.2.0.RC1.jar;C:\EIS\Repo\org\springframework\spring-context\5.2.0.RC1\spring-context-5.2.0.RC1.jar;C:\EIS\Repo\org\springframework\spring-tx\5.2.0.RC1\spring-tx-5.2.0.RC1.jar;C:\EIS\Repo\org\springframework\spring-beans\5.2.0.RC1\spring-beans-5.2.0.RC1.jar;C:\EIS\Repo\org\slf4j\slf4j-api\1.7.26\slf4j-api-1.7.26.jar;C:\EIS\Repo\org\springframework\spring-aspects\5.2.0.RC1\spring-aspects-5.2.0.RC1.jar;C:\EIS\Repo\org\springframework\boot\spring-boot-starter-jdbc\2.2.0.M5\spring-boot-starter-jdbc-2.2.0.M5.jar;C:\EIS\Repo\org\springframework\boot\spring-boot-starter\2.2.0.M5\spring-boot-starter-2.2.0.M5.jar;C:\EIS\Repo\org\springframework\boot\spring-boot\2.2.0.M5\spring-boot-2.2.0.M5.jar;C:\EIS\Repo\org\springframework\boot\spring-boot-autoconfigure\2.2.0.M5\spring-boot-autoconfigure-2.2.0.M5.jar;C:\EIS\Repo\org\springframework\boot\spring-boot-starter-logging\2.2.0.M5\spring-boot-starter-logging-2.2.0.M5.jar;C:\EIS\Repo\ch\qos\logback\logback-classic\1.2.3\logback-classic-1.2.3.jar;C:\EIS\Repo\ch\qos\logback\logback-core\1.2.3\logback-core-1.2.3.jar;C:\EIS\Repo\org\apache\logging\log4j\log4j-to-slf4j\2.12.0\log4j-to-slf4j-2.12.0.jar;C:\EIS\Repo\org\apache\logging\log4j\log4j-api\2.12.0\log4j-api-2.12.0.jar;C:\EIS\Repo\org\slf4j\jul-to-slf4j\1.7.26\jul-to-slf4j-1.7.26.jar;C:\EIS\Repo\jakarta\annotation\jakarta.annotation-api\1.3.4\jakarta.annotation-api-1.3.4.jar;C:\EIS\Repo\org\yaml\snakeyaml\1.24\snakeyaml-1.24.jar;C:\EIS\Repo\com\zaxxer\HikariCP\3.3.1\HikariCP-3.3.1.jar;C:\EIS\Repo\org\springframework\spring-jdbc\5.2.0.RC1\spring-jdbc-5.2.0.RC1.jar;C:\EIS\Repo\org\springframework\boot\spring-boot-starter-web\2.2.0.M5\spring-boot-starter-web-2.2.0.M5.jar;C:\EIS\Repo\org\springframework\boot\spring-boot-starter-json\2.2.0.M5\spring-boot-starter-json-2.2.0.M5.jar;C:\EIS\Repo\com\fasterxml\jackson\core\jackson-databind\2.9.9\jackson-databind-2.9.9.jar;C:\EIS\Repo\com\fasterxml\jackson\core\jackson-annotations\2.9.0\jackson-annotations-2.9.0.jar;C:\EIS\Repo\com\fasterxml\jackson\core\jackson-core\2.9.9\jackson-core-2.9.9.jar;C:\EIS\Repo\com\fasterxml\jackson\datatype\jackson-datatype-jdk8\2.9.9\jackson-datatype-jdk8-2.9.9.jar;C:\EIS\Repo\com\fasterxml\jackson\datatype\jackson-datatype-jsr310\2.9.9\jackson-datatype-jsr310-2.9.9.jar;C:\EIS\Repo\com\fasterxml\jackson\module\jackson-module-parameter-names\2.9.9\jackson-module-parameter-names-2.9.9.jar;C:\EIS\Repo\org\springframework\boot\spring-boot-starter-tomcat\2.2.0.M5\spring-boot-starter-tomcat-2.2.0.M5.jar;C:\EIS\Repo\org\apache\tomcat\embed\tomcat-embed-core\9.0.22\tomcat-embed-core-9.0.22.jar;C:\EIS\Repo\org\apache\tomcat\embed\tomcat-embed-el\9.0.22\tomcat-embed-el-9.0.22.jar;C:\EIS\Repo\org\apache\tomcat\embed\tomcat-embed-websocket\9.0.22\tomcat-embed-websocket-9.0.22.jar;C:\EIS\Repo\org\springframework\boot\spring-boot-starter-validation\2.2.0.M5\spring-boot-starter-validation-2.2.0.M5.jar;C:\EIS\Repo\jakarta\validation\jakarta.validation-api\2.0.1\jakarta.validation-api-2.0.1.jar;C:\EIS\Repo\org\hibernate\validator\hibernate-validator\6.0.17.Final\hibernate-validator-6.0.17.Final.jar;C:\EIS\Repo\org\springframework\spring-web\5.2.0.RC1\spring-web-5.2.0.RC1.jar;C:\EIS\Repo\org\springframework\spring-webmvc\5.2.0.RC1\spring-webmvc-5.2.0.RC1.jar;C:\EIS\Repo\org\springframework\spring-expression\5.2.0.RC1\spring-expression-5.2.0.RC1.jar;C:\EIS\Repo\com\h2database\h2\1.4.199\h2-1.4.199.jar;C:\EIS\Repo\org\springframework\boot\spring-boot-starter-test\2.2.0.M5\spring-boot-starter-test-2.2.0.M5.jar;C:\EIS\Repo\org\springframework\boot\spring-boot-test\2.2.0.M5\spring-boot-test-2.2.0.M5.jar;C:\EIS\Repo\org\springframework\boot\spring-boot-test-autoconfigure\2.2.0.M5\spring-boot-test-autoconfigure-2.2.0.M5.jar;C:\EIS\Repo\com\jayway\jsonpath\json-path\2.4.0\json-path-2.4.0.jar;C:\EIS\Repo\net\minidev\json-smart\2.3\json-smart-2.3.jar;C:\EIS\Repo\net\minidev\accessors-smart\1.2\accessors-smart-1.2.jar;C:\EIS\Repo\org\ow2\asm\asm\5.0.4\asm-5.0.4.jar;C:\EIS\Repo\jakarta\xml\bind\jakarta.xml.bind-api\2.3.2\jakarta.xml.bind-api-2.3.2.jar;C:\EIS\Repo\org\junit\jupiter\junit-jupiter\5.5.1\junit-jupiter-5.5.1.jar;C:\EIS\Repo\org\junit\jupiter\junit-jupiter-api\5.5.1\junit-jupiter-api-5.5.1.jar;C:\EIS\Repo\org\apiguardian\apiguardian-api\1.1.0\apiguardian-api-1.1.0.jar;C:\EIS\Repo\org\opentest4j\opentest4j\1.2.0\opentest4j-1.2.0.jar;C:\EIS\Repo\org\junit\platform\junit-platform-commons\1.5.1\junit-platform-commons-1.5.1.jar;C:\EIS\Repo\org\junit\jupiter\junit-jupiter-params\5.5.1\junit-jupiter-params-5.5.1.jar;C:\EIS\Repo\org\junit\jupiter\junit-jupiter-engine\5.5.1\junit-jupiter-engine-5.5.1.jar;C:\EIS\Repo\org\junit\platform\junit-platform-engine\1.5.1\junit-platform-engine-1.5.1.jar;C:\EIS\Repo\org\mockito\mockito-junit-jupiter\2.28.2\mockito-junit-jupiter-2.28.2.jar;C:\EIS\Repo\org\assertj\assertj-core\3.13.2\assertj-core-3.13.2.jar;C:\EIS\Repo\org\hamcrest\hamcrest\2.1\hamcrest-2.1.jar;C:\EIS\Repo\org\mockito\mockito-core\2.28.2\mockito-core-2.28.2.jar;C:\EIS\Repo\net\bytebuddy\byte-buddy-agent\1.10.0\byte-buddy-agent-1.10.0.jar;C:\EIS\Repo\org\objenesis\objenesis\2.6\objenesis-2.6.jar;C:\EIS\Repo\org\skyscreamer\jsonassert\1.5.0\jsonassert-1.5.0.jar;C:\EIS\Repo\com\vaadin\external\google\android-json\0.0.20131108.vaadin1\android-json-0.0.20131108.vaadin1.jar;C:\EIS\Repo\org\springframework\spring-core\5.2.0.RC1\spring-core-5.2.0.RC1.jar;C:\EIS\Repo\org\springframework\spring-jcl\5.2.0.RC1\spring-jcl-5.2.0.RC1.jar;C:\EIS\Repo\org\springframework\spring-test\5.2.0.RC1\spring-test-5.2.0.RC1.jar;C:\EIS\Repo\org\xmlunit\xmlunit-core\2.6.3\xmlunit-core-2.6.3.jar;"/>
    <property name="sun.cpu.endian" value="little"/>
    <property name="user.home" value="C:\Users\knawab001"/>
    <property name="user.language" value="en"/>
    <property name="java.specification.vendor" value="Oracle Corporation"/>
    <property name="java.home" value="C:\Program Files\Java\jdk1.8.0_171\jre"/>
    <property name="basedir" value="C:\Users\knawab001\Downloads\databaseDemo-20190911T102645Z-001\databaseDemo"/>
    <property name="file.separator" value="\"/>
    <property name="line.separator" value="&#10;"/>
    <property name="java.vm.specification.vendor" value="Oracle Corporation"/>
    <property name="java.specification.name" value="Java Platform API Specification"/>
    <property name="java.awt.graphicsenv" value="sun.awt.Win32GraphicsEnvironment"/>
    <property name="surefire.real.class.path" value="C:\Users\KNAWAB~1\AppData\Local\Temp\surefire7893838910040935784\surefirebooter6778769347777172734.jar"/>
    <property name="sun.boot.class.path" value="C:\Program Files\Java\jdk1.8.0_171\jre\lib\resources.jar;C:\Program Files\Java\jdk1.8.0_171\jre\lib\rt.jar;C:\Program Files\Java\jdk1.8.0_171\jre\lib\sunrsasign.jar;C:\Program Files\Java\jdk1.8.0_171\jre\lib\jsse.jar;C:\Program Files\Java\jdk1.8.0_171\jre\lib\jce.jar;C:\Program Files\Java\jdk1.8.0_171\jre\lib\charsets.jar;C:\Program Files\Java\jdk1.8.0_171\jre\lib\jfr.jar;C:\Program Files\Java\jdk1.8.0_171\jre\classes"/>
    <property name="user.script" value=""/>
    <property name="sun.management.compiler" value="HotSpot 64-Bit Tiered Compilers"/>
    <property name="java.runtime.version" value="1.8.0_171-b11"/>
    <property name="user.name" value="knawab001"/>
    <property name="path.separator" value=";"/>
    <property name="os.version" value="10.0"/>
    <property name="java.endorsed.dirs" value="C:\Program Files\Java\jdk1.8.0_171\jre\lib\endorsed"/>
    <property name="java.runtime.name" value="Java(TM) SE Runtime Environment"/>
    <property name="file.encoding" value="Cp1252"/>
    <property name="java.vm.name" value="Java HotSpot(TM) 64-Bit Server VM"/>
    <property name="localRepository" value="C:\EIS\Repo"/>
    <property name="java.vendor.url.bug" value="http://bugreport.sun.com/bugreport/"/>
    <property name="java.io.tmpdir" value="C:\Users\KNAWAB~1\AppData\Local\Temp\"/>
    <property name="java.version" value="1.8.0_171"/>
    <property name="user.dir" value="C:\Users\knawab001\Downloads\databaseDemo-20190911T102645Z-001\databaseDemo"/>
    <property name="os.arch" value="amd64"/>
    <property name="java.vm.specification.name" value="Java Virtual Machine Specification"/>
    <property name="java.awt.printerjob" value="sun.awt.windows.WPrinterJob"/>
    <property name="sun.os.patch.level" value=""/>
    <property name="java.library.path" value="C:\Program Files\Java\jdk1.8.0_171\jre\bin;C:\WINDOWS\Sun\Java\bin;C:\WINDOWS\system32;C:\WINDOWS;%JAVAHOME%\bin\;C:\ProgramData\Oracle\Java\javapath;C:\windows\system32;C:\windows;C:\windows\System32\Wbem;C:\windows\System32\WindowsPowerShell\v1.0\;C:\Program Files\WinZip\;C:\Program Files (x86)\IBM\Notes\;C:\Program Files\Microsoft SQL Server\Client SDK\ODBC\110\Tools\Binn\;C:\Program Files (x86)\Microsoft SQL Server\120\Tools\Binn\;C:\Program Files\Microsoft SQL Server\120\Tools\Binn\;C:\Program Files\Microsoft SQL Server\120\DTS\Binn\;C:\Program Files (x86)\ConfigMgr 2012 Toolkit R2\ClientTools;c:\Program Files (x86)\Sennheiser\SoftphoneSDK\;C:\Program Files (x86)\SafeCom\SafeComPrintClient;C:\Program Files\SafeCom\SafeComAppPrint;C:\Program Files\Java\jdk1.8.0_171\bin;C:\Program Files\nodejs\;C:\apache-ant-1.10.3\bin;C:\Python27;C:\Users\knawab001\AppData\Local\Programs\Git\cmd;C:\Users\knawab001\AppData\Local\Programs\Git\bin;C:\WINDOWS\system32;C:\WINDOWS;C:\WINDOWS\System32\Wbem;C:\WINDOWS\System32\WindowsPowerShell\v1.0\;C:\Program Files\TortoiseHg\;C:\EIS\tools\apache-maven-3.6.0-bin\apache-maven-3.6.0\bin;C:\Program Files (x86)\Microsoft SQL Server\120\Tools\Binn\ManagementStudio\;C:\Program Files (x86)\Microsoft SQL Server\120\DTS\Binn\;C:\Program Files (x86)\Webex\Webex\Applications;C:\Program Files\Intel\WiFi\bin\;C:\Program Files\Common Files\Intel\WirelessCommon\;C:\Users\knawab001\AppData\Local\Microsoft\WindowsApps;C:\Users\knawab001\AppData\Local\Programs\Git\cmd;C:\Users\knawab001\AppData\Roaming\npm;C:\Users\knawab001\AppData\Local\Programs\Microsoft VS Code\bin;;."/>
    <property name="java.vm.info" value="mixed mode"/>
    <property name="java.vendor" value="Oracle Corporation"/>
    <property name="java.vm.version" value="25.171-b11"/>
    <property name="java.ext.dirs" value="C:\Program Files\Java\jdk1.8.0_171\jre\lib\ext;C:\WINDOWS\Sun\Java\lib\ext"/>
    <property name="sun.io.unicode.encoding" value="UnicodeLittle"/>
    <property name="java.class.version" value="52.0"/>
  </properties>
  <testcase name="contextLoads" classname="com.example.database.databaseDemo.DatabaseDemoApplicationTests" time="1.376"/>
</testsuite>